[1/9] Performing build step for 'bootloader'
[1/1] cmd.exe /C "cd /D C:\Users\Ismael\Desktop\Esp32cliente\esp_http_client\build\bootloader\esp-idf\esptool_py && C:\Espressif\python_env\idf5.0_py3.11_env\Scripts\python.exe C:/Espressif/frameworks/esp-idf-v5.0.2/components/partition_table/check_sizes.py --offset 0x8000 bootloader 0x1000 C:/Users/Ismael/Desktop/Esp32cliente/esp_http_client/build/bootloader/bootloader.bin"
Bootloader binary size 0x66f0 bytes. 0x910 bytes (8%) free.
[2/7] Building C object esp-idf/main/CMakeFiles/__idf_main.dir/esp_http_client_example.c.obj
FAILED: esp-idf/main/CMakeFiles/__idf_main.dir/esp_http_client_example.c.obj 
ccache C:\Espressif\tools\xtensa-esp32-elf\esp-2022r1-11.2.0\xtensa-esp32-elf\bin\xtensa-esp32-elf-gcc.exe -DMBEDTLS_CONFIG_FILE=\"mbedtls/esp_config.h\" -DSOC_MMU_PAGE_SIZE=CONFIG_MMU_PAGE_SIZE -DUNITY_INCLUDE_CONFIG_H -IC:/Users/Ismael/Desktop/Esp32cliente/esp_http_client/build/config -IC:/Users/Ismael/Desktop/Esp32cliente/esp_http_client/main -IC:/Espressif/frameworks/esp-idf-v5.0.2/components/newlib/platform_include -IC:/Espressif/frameworks/esp-idf-v5.0.2/components/freertos/FreeRTOS-Kernel/include -IC:/Espressif/frameworks/esp-idf-v5.0.2/components/freertos/esp_additions/include/freertos -IC:/Espressif/frameworks/esp-idf-v5.0.2/components/freertos/FreeRTOS-Kernel/portable/xtensa/include -IC:/Espressif/frameworks/esp-idf-v5.0.2/components/freertos/esp_additions/include -IC:/Espressif/frameworks/esp-idf-v5.0.2/components/esp_hw_support/include -IC:/Espressif/frameworks/esp-idf-v5.0.2/components/esp_hw_support/include/soc -IC:/Espressif/frameworks/esp-idf-v5.0.2/components/esp_hw_support/include/soc/esp32 -IC:/Espressif/frameworks/esp-idf-v5.0.2/components/esp_hw_support/port/esp32/. -IC:/Espressif/frameworks/esp-idf-v5.0.2/components/esp_hw_support/port/esp32/private_include -IC:/Espressif/frameworks/esp-idf-v5.0.2/components/heap/include -IC:/Espressif/frameworks/esp-idf-v5.0.2/components/log/include -IC:/Espressif/frameworks/esp-idf-v5.0.2/components/soc/include -IC:/Espressif/frameworks/esp-idf-v5.0.2/components/soc/esp32/. -IC:/Espressif/frameworks/esp-idf-v5.0.2/components/soc/esp32/include -IC:/Espressif/frameworks/esp-idf-v5.0.2/components/hal/esp32/include -IC:/Espressif/frameworks/esp-idf-v5.0.2/components/hal/include -IC:/Espressif/frameworks/esp-idf-v5.0.2/components/hal/platform_port/include -IC:/Espressif/frameworks/esp-idf-v5.0.2/components/esp_rom/include -IC:/Espressif/frameworks/esp-idf-v5.0.2/components/esp_rom/include/esp32 -IC:/Espressif/frameworks/esp-idf-v5.0.2/components/esp_rom/esp32 -IC:/Espressif/frameworks/esp-idf-v5.0.2/components/esp_common/include -IC:/Espressif/frameworks/esp-idf-v5.0.2/components/esp_system/include -IC:/Espressif/frameworks/esp-idf-v5.0.2/components/esp_system/port/soc -IC:/Espressif/frameworks/esp-idf-v5.0.2/components/esp_system/port/include/private -IC:/Espressif/frameworks/esp-idf-v5.0.2/components/xtensa/include -IC:/Espressif/frameworks/esp-idf-v5.0.2/components/xtensa/esp32/include -IC:/Espressif/frameworks/esp-idf-v5.0.2/components/lwip/include -IC:/Espressif/frameworks/esp-idf-v5.0.2/components/lwip/include/apps -IC:/Espressif/frameworks/esp-idf-v5.0.2/components/lwip/include/apps/sntp -IC:/Espressif/frameworks/esp-idf-v5.0.2/components/lwip/lwip/src/include -IC:/Espressif/frameworks/esp-idf-v5.0.2/components/lwip/port/esp32/include -IC:/Espressif/frameworks/esp-idf-v5.0.2/components/lwip/port/esp32/include/arch -IC:/Espressif/frameworks/esp-idf-v5.0.2/components/esp_ringbuf/include -IC:/Espressif/frameworks/esp-idf-v5.0.2/components/efuse/include -IC:/Espressif/frameworks/esp-idf-v5.0.2/components/efuse/esp32/include -IC:/Espressif/frameworks/esp-idf-v5.0.2/components/driver/include -IC:/Espressif/frameworks/esp-idf-v5.0.2/components/driver/deprecated -IC:/Espressif/frameworks/esp-idf-v5.0.2/components/driver/esp32/include -IC:/Espressif/frameworks/esp-idf-v5.0.2/components/esp_pm/include -IC:/Espressif/frameworks/esp-idf-v5.0.2/components/mbedtls/port/include -IC:/Espressif/frameworks/esp-idf-v5.0.2/components/mbedtls/mbedtls/include -IC:/Espressif/frameworks/esp-idf-v5.0.2/components/mbedtls/mbedtls/library -IC:/Espressif/frameworks/esp-idf-v5.0.2/components/mbedtls/esp_crt_bundle/include -IC:/Espressif/frameworks/esp-idf-v5.0.2/components/esp_app_format/include -IC:/Espressif/frameworks/esp-idf-v5.0.2/components/bootloader_support/include -IC:/Espressif/frameworks/esp-idf-v5.0.2/components/bootloader_support/bootloader_flash/include -IC:/Espressif/frameworks/esp-idf-v5.0.2/components/esp_partition/include -IC:/Espressif/frameworks/esp-idf-v5.0.2/components/app_update/include -IC:/Espressif/frameworks/esp-idf-v5.0.2/components/spi_flash/include -IC:/Espressif/frameworks/esp-idf-v5.0.2/components/pthread/include -IC:/Espressif/frameworks/esp-idf-v5.0.2/components/esp_timer/include -IC:/Espressif/frameworks/esp-idf-v5.0.2/components/app_trace/include -IC:/Espressif/frameworks/esp-idf-v5.0.2/components/esp_event/include -IC:/Espressif/frameworks/esp-idf-v5.0.2/components/nvs_flash/include -IC:/Espressif/frameworks/esp-idf-v5.0.2/components/esp_phy/include -IC:/Espressif/frameworks/esp-idf-v5.0.2/components/esp_phy/esp32/include -IC:/Espressif/frameworks/esp-idf-v5.0.2/components/vfs/include -IC:/Espressif/frameworks/esp-idf-v5.0.2/components/esp_netif/include -IC:/Espressif/frameworks/esp-idf-v5.0.2/components/wpa_supplicant/include -IC:/Espressif/frameworks/esp-idf-v5.0.2/components/wpa_supplicant/port/include -IC:/Espressif/frameworks/esp-idf-v5.0.2/components/wpa_supplicant/esp_supplicant/include -IC:/Espressif/frameworks/esp-idf-v5.0.2/components/esp_wifi/include -IC:/Espressif/frameworks/esp-idf-v5.0.2/components/unity/include -IC:/Espressif/frameworks/esp-idf-v5.0.2/components/unity/unity/src -IC:/Espressif/frameworks/esp-idf-v5.0.2/components/cmock/CMock/src -IC:/Espressif/frameworks/esp-idf-v5.0.2/components/console -IC:/Espressif/frameworks/esp-idf-v5.0.2/components/http_parser -IC:/Espressif/frameworks/esp-idf-v5.0.2/components/esp-tls -IC:/Espressif/frameworks/esp-idf-v5.0.2/components/esp-tls/esp-tls-crypto -IC:/Espressif/frameworks/esp-idf-v5.0.2/components/esp_adc/include -IC:/Espressif/frameworks/esp-idf-v5.0.2/components/esp_adc/interface -IC:/Espressif/frameworks/esp-idf-v5.0.2/components/esp_adc/esp32/include -IC:/Espressif/frameworks/esp-idf-v5.0.2/components/esp_adc/deprecated/include -IC:/Espressif/frameworks/esp-idf-v5.0.2/components/esp_eth/include -IC:/Espressif/frameworks/esp-idf-v5.0.2/components/esp_gdbstub/include -IC:/Espressif/frameworks/esp-idf-v5.0.2/components/esp_gdbstub/xtensa -IC:/Espressif/frameworks/esp-idf-v5.0.2/components/esp_gdbstub/esp32 -IC:/Espressif/frameworks/esp-idf-v5.0.2/components/esp_hid/include -IC:/Espressif/frameworks/esp-idf-v5.0.2/components/tcp_transport/include -IC:/Espressif/frameworks/esp-idf-v5.0.2/components/esp_http_client/include -IC:/Espressif/frameworks/esp-idf-v5.0.2/components/esp_http_server/include -IC:/Espressif/frameworks/esp-idf-v5.0.2/components/esp_https_ota/include -IC:/Espressif/frameworks/esp-idf-v5.0.2/components/esp_lcd/include -IC:/Espressif/frameworks/esp-idf-v5.0.2/components/esp_lcd/interface -IC:/Espressif/frameworks/esp-idf-v5.0.2/components/protobuf-c/protobuf-c -IC:/Espressif/frameworks/esp-idf-v5.0.2/components/protocomm/include/common -IC:/Espressif/frameworks/esp-idf-v5.0.2/components/protocomm/include/security -IC:/Espressif/frameworks/esp-idf-v5.0.2/components/protocomm/include/transports -IC:/Espressif/frameworks/esp-idf-v5.0.2/components/esp_local_ctrl/include -IC:/Espressif/frameworks/esp-idf-v5.0.2/components/esp_psram/include -IC:/Espressif/frameworks/esp-idf-v5.0.2/components/espcoredump/include -IC:/Espressif/frameworks/esp-idf-v5.0.2/components/espcoredump/include/port/xtensa -IC:/Espressif/frameworks/esp-idf-v5.0.2/components/wear_levelling/include -IC:/Espressif/frameworks/esp-idf-v5.0.2/components/sdmmc/include -IC:/Espressif/frameworks/esp-idf-v5.0.2/components/fatfs/diskio -IC:/Espressif/frameworks/esp-idf-v5.0.2/components/fatfs/vfs -IC:/Espressif/frameworks/esp-idf-v5.0.2/components/fatfs/src -IC:/Espressif/frameworks/esp-idf-v5.0.2/components/idf_test/include -IC:/Espressif/frameworks/esp-idf-v5.0.2/components/idf_test/include/esp32 -IC:/Espressif/frameworks/esp-idf-v5.0.2/components/ieee802154/include -IC:/Espressif/frameworks/esp-idf-v5.0.2/components/json/cJSON -IC:/Espressif/frameworks/esp-idf-v5.0.2/components/mqtt/esp-mqtt/include -IC:/Espressif/frameworks/esp-idf-v5.0.2/components/perfmon/include -IC:/Espressif/frameworks/esp-idf-v5.0.2/components/spiffs/include -IC:/Espressif/frameworks/esp-idf-v5.0.2/components/ulp/ulp_common/include -IC:/Espressif/frameworks/esp-idf-v5.0.2/components/ulp/ulp_common/include/esp32 -IC:/Espressif/frameworks/esp-idf-v5.0.2/components/wifi_provisioning/include -IC:/Espressif/frameworks/esp-idf-v5.0.2/examples/common_components/protocol_examples_common/include -mlongcalls -Wno-frame-address  -fdiagnostics-color=always -ffunction-sections -fdata-sections -Wall -Werror=all -Wno-error=unused-function -Wno-error=unused-variable -Wno-error=deprecated-declarations -Wextra -Wno-unused-parameter -Wno-sign-compare -Wno-enum-conversion -gdwarf-4 -ggdb -Og -fmacro-prefix-map=C:/Users/Ismael/Desktop/Esp32cliente/esp_http_client=. -fmacro-prefix-map=C:/Espressif/frameworks/esp-idf-v5.0.2=/IDF -fstrict-volatile-bitfields -Wno-error=unused-but-set-variable -fno-jump-tables -fno-tree-switch-conversion -DconfigENABLE_FREERTOS_DEBUG_OCDAWARE=1 -std=gnu17 -Wno-old-style-declaration -D_GNU_SOURCE -DIDF_VER=\"v5.0.2-dirty\" -DESP_PLATFORM -D_POSIX_READER_WRITER_LOCKS -MD -MT esp-idf/main/CMakeFiles/__idf_main.dir/esp_http_client_example.c.obj -MF esp-idf\main\CMakeFiles\__idf_main.dir\esp_http_client_example.c.obj.d -o esp-idf/main/CMakeFiles/__idf_main.dir/esp_http_client_example.c.obj -c C:/Users/Ismael/Desktop/Esp32cliente/esp_http_client/main/esp_http_client_example.c
C:/Users/Ismael/Desktop/Esp32cliente/esp_http_client/main/esp_http_client_example.c: In function 'calculateHash':
C:/Users/Ismael/Desktop/Esp32cliente/esp_http_client/main/esp_http_client_example.c:226:12: warning: function returns address of local variable [-Wreturn-local-addr]
  226 |     return hash;
      |            ^~~~
C:/Users/Ismael/Desktop/Esp32cliente/esp_http_client/main/esp_http_client_example.c: In function 'http_rest_with_url':
C:/Users/Ismael/Desktop/Esp32cliente/esp_http_client/main/esp_http_client_example.c:449:55: warning: passing argument 2 of 'psa_export_public_key' from incompatible pointer type [-Wincompatible-pointer-types]
  449 |     estado = psa_export_public_key(llave_privada_bob, &llave_publica_bob, sizeof(llave_publica_bob), &olenB);
      |                                                       ^~~~~~~~~~~~~~~~~~
      |                                                       |
      |                                                       uint8_t (*)[65] {aka unsigned char (*)[65]}
In file included from C:/Espressif/frameworks/esp-idf-v5.0.2/components/mbedtls/mbedtls/include/mbedtls/legacy_or_psa.h:104,
                 from C:/Espressif/frameworks/esp-idf-v5.0.2/components/mbedtls/mbedtls/include/mbedtls/x509_crt.h:27,
                 from C:/Espressif/frameworks/esp-idf-v5.0.2/components/mbedtls/mbedtls/include/mbedtls/ssl.h:35,
                 from C:/Espressif/frameworks/esp-idf-v5.0.2/components/esp-tls/esp_tls.h:14,
                 from C:/Users/Ismael/Desktop/Esp32cliente/esp_http_client/main/esp_http_client_example.c:21:
C:/Espressif/frameworks/esp-idf-v5.0.2/components/mbedtls/mbedtls/include/psa/crypto.h:818:45: note: expected 'uint8_t *' {aka 'unsigned char *'} but argument is of type 'uint8_t (*)[65]' {aka 'unsigned char (*)[65]'}
  818 |                                    uint8_t *data,
      |                                    ~~~~~~~~~^~~~
C:/Users/Ismael/Desktop/Esp32cliente/esp_http_client/main/esp_http_client_example.c:601:9: error: expected '}' before 'else'
  601 |         else if (esp!=NULL)
      |         ^~~~
C:/Users/Ismael/Desktop/Esp32cliente/esp_http_client/main/esp_http_client_example.c:600:17: warning: unused variable 'esp' [-Wunused-variable]
  600 |         }cJSON *esp = cJSON_GetObjectItem(json, "esp1");
      |                 ^~~
C:/Users/Ismael/Desktop/Esp32cliente/esp_http_client/main/esp_http_client_example.c:601:18: error: 'esp' undeclared (first use in this function)
  601 |         else if (esp!=NULL)
      |                  ^~~
C:/Users/Ismael/Desktop/Esp32cliente/esp_http_client/main/esp_http_client_example.c:601:18: note: each undeclared identifier is reported only once for each function it appears in
C:/Users/Ismael/Desktop/Esp32cliente/esp_http_client/main/esp_http_client_example.c:603:47: error: 'json' undeclared (first use in this function)
  603 |             cJSON *esp1 = cJSON_GetObjectItem(json, "esp1");
      |                                               ^~~~
C:/Users/Ismael/Desktop/Esp32cliente/esp_http_client/main/esp_http_client_example.c:632:43: warning: initialization of 'const char *' from incompatible pointer type 'cJSON *' [-Wincompatible-pointer-types]
  632 |                         const char *cla = cJSON_GetArrayItem(public_key_alice, 0);
      |                                           ^~~~~~~~~~~~~~~~~~
C:/Users/Ismael/Desktop/Esp32cliente/esp_http_client/main/esp_http_client_example.c:633:44: warning: passing argument 1 of 'cJSON_IsString' from incompatible pointer type [-Wincompatible-pointer-types]
  633 |                         if (cJSON_IsString(cla))
      |                                            ^~~
      |                                            |
      |                                            const char *
In file included from C:/Users/Ismael/Desktop/Esp32cliente/esp_http_client/main/esp_http_client_example.c:14:
C:/Espressif/frameworks/esp-idf-v5.0.2/components/json/cJSON/cJSON.h:189:61: note: expected 'const cJSON * const' but argument is of type 'const char *'
  189 | CJSON_PUBLIC(cJSON_bool) cJSON_IsString(const cJSON * const item);
      |                                         ~~~~~~~~~~~~~~~~~~~~^~~~
C:/Users/Ismael/Desktop/Esp32cliente/esp_http_client/main/esp_http_client_example.c:635:71: warning: passing argument 1 of 'cJSON_GetStringValue' from incompatible pointer type [-Wincompatible-pointer-types]
  635 |                             const char *clavep = cJSON_GetStringValue(cla);
      |                                                                       ^~~
      |                                                                       |
      |                                                                       const char *
In file included from C:/Users/Ismael/Desktop/Esp32cliente/esp_http_client/main/esp_http_client_example.c:14:
C:/Espressif/frameworks/esp-idf-v5.0.2/components/json/cJSON/cJSON.h:179:63: note: expected 'const cJSON * const' but argument is of type 'const char *'
  179 | CJSON_PUBLIC(char *) cJSON_GetStringValue(const cJSON * const item);
      |                                           ~~~~~~~~~~~~~~~~~~~~^~~~
C:/Users/Ismael/Desktop/Esp32cliente/esp_http_client/main/esp_http_client_example.c:674:49: warning: passing argument 1 of 'snprintf' discards 'const' qualifier from pointer target type [-Wdiscarded-qualifiers]
  674 |                                 snprintf(clavep + (2 * i), sizeof(clavep) - (2 * i), "%02hhx", llave_alice[i]);
      |                                          ~~~~~~~^~~~~~~~~
In file included from C:/Espressif/frameworks/esp-idf-v5.0.2/components/esp_common/include/esp_err.h:10,
                 from C:/Espressif/frameworks/esp-idf-v5.0.2/components/esp_hw_support/include/esp_intr_alloc.h:11,
                 from C:/Espressif/frameworks/esp-idf-v5.0.2/components/esp_hw_support/include/esp_cpu.h:20,
                 from C:/Espressif/frameworks/esp-idf-v5.0.2/components/esp_hw_support/include/spinlock.h:11,
                 from C:/Espressif/frameworks/esp-idf-v5.0.2/components/freertos/FreeRTOS-Kernel/portable/xtensa/include/freertos/portmacro.h:74,
                 from C:/Espressif/frameworks/esp-idf-v5.0.2/components/freertos/FreeRTOS-Kernel/include/freertos/portable.h:58,
                 from C:/Espressif/frameworks/esp-idf-v5.0.2/components/freertos/FreeRTOS-Kernel/include/freertos/FreeRTOS.h:70,
                 from C:/Users/Ismael/Desktop/Esp32cliente/esp_http_client/main/esp_http_client_example.c:12:
c:\espressif\tools\xtensa-esp32-elf\esp-2022r1-11.2.0\xtensa-esp32-elf\xtensa-esp32-elf\sys-include\stdio.h:266:19: note: expected 'char * restrict' but argument is of type 'const char *'
  266 | int     snprintf (char *__restrict, size_t, const char *__restrict, ...)
      |                   ^
C:/Users/Ismael/Desktop/Esp32cliente/esp_http_client/main/esp_http_client_example.c:683:93: warning: passing argument 3 of 'psa_raw_key_agreement' from incompatible pointer type [-Wincompatible-pointer-types]
  683 |                             estado = psa_raw_key_agreement(PSA_ALG_ECDH, llave_privada_bob, &llave_alice, sizeof(llave_alice), compartidaB, sizeof(compartidaB), &output_lenB);
      |                                                                                             ^~~~~~~~~~~~
      |                                                                                             |
      |                                                                                             uint8_t (*)[65] {aka unsigned char (*)[65]}
In file included from C:/Espressif/frameworks/esp-idf-v5.0.2/components/mbedtls/mbedtls/include/mbedtls/legacy_or_psa.h:104,
                 from C:/Espressif/frameworks/esp-idf-v5.0.2/components/mbedtls/mbedtls/include/mbedtls/x509_crt.h:27,
                 from C:/Espressif/frameworks/esp-idf-v5.0.2/components/mbedtls/mbedtls/include/mbedtls/ssl.h:35,
                 from C:/Espressif/frameworks/esp-idf-v5.0.2/components/esp-tls/esp_tls.h:14,
                 from C:/Users/Ismael/Desktop/Esp32cliente/esp_http_client/main/esp_http_client_example.c:21:
C:/Espressif/frameworks/esp-idf-v5.0.2/components/mbedtls/mbedtls/include/psa/crypto.h:3960:51: note: expected 'const uint8_t *' {aka 'const unsigned char *'} but argument is of type 'uint8_t (*)[65]' {aka 'unsigned char (*)[65]'}
 3960 |                                    const uint8_t *peer_key,
      |                                    ~~~~~~~~~~~~~~~^~~~~~~~
C:/Users/Ismael/Desktop/Esp32cliente/esp_http_client/main/esp_http_client_example.c:683:162: warning: passing argument 7 of 'psa_raw_key_agreement' from incompatible pointer type [-Wincompatible-pointer-types]
  683 |                             estado = psa_raw_key_agreement(PSA_ALG_ECDH, llave_privada_bob, &llave_alice, sizeof(llave_alice), compartidaB, sizeof(compartidaB), &output_lenB);
      |                                                                                                                                                                  ^~~~~~~~~~~~
      |                                                                                                                                                                  |
      |                                                                                                                                                                  uint32_t * {aka long unsigned int *}
In file included from C:/Espressif/frameworks/esp-idf-v5.0.2/components/mbedtls/mbedtls/include/mbedtls/legacy_or_psa.h:104,
                 from C:/Espressif/frameworks/esp-idf-v5.0.2/components/mbedtls/mbedtls/include/mbedtls/x509_crt.h:27,
                 from C:/Espressif/frameworks/esp-idf-v5.0.2/components/mbedtls/mbedtls/include/mbedtls/ssl.h:35,
                 from C:/Espressif/frameworks/esp-idf-v5.0.2/components/esp-tls/esp_tls.h:14,
                 from C:/Users/Ismael/Desktop/Esp32cliente/esp_http_client/main/esp_http_client_example.c:21:
C:/Espressif/frameworks/esp-idf-v5.0.2/components/mbedtls/mbedtls/include/psa/crypto.h:3964:44: note: expected 'size_t *' {aka 'unsigned int *'} but argument is of type 'uint32_t *' {aka 'long unsigned int *'}
 3964 |                                    size_t *output_length);
      |                                    ~~~~~~~~^~~~~~~~~~~~~
C:/Users/Ismael/Desktop/Esp32cliente/esp_http_client/main/esp_http_client_example.c:636:37: warning: unused variable 'byte_array' [-Wunused-variable]
  636 |                             uint8_t byte_array[65];
      |                                     ^~~~~~~~~~
C:/Users/Ismael/Desktop/Esp32cliente/esp_http_client/main/esp_http_client_example.c:726:22: error: 'buffer' undeclared (first use in this function); did you mean 'setbuffer'?
  726 |                 free(buffer);
      |                      ^~~~~~
      |                      setbuffer
C:/Users/Ismael/Desktop/Esp32cliente/esp_http_client/main/esp_http_client_example.c:734:43: warning: initialization of 'const char *' from incompatible pointer type 'cJSON *' [-Wincompatible-pointer-types]
  734 |                         const char *cla = cJSON_GetArrayItem(public_key_alice, 0);
      |                                           ^~~~~~~~~~~~~~~~~~
C:/Users/Ismael/Desktop/Esp32cliente/esp_http_client/main/esp_http_client_example.c:735:44: warning: passing argument 1 of 'cJSON_IsString' from incompatible pointer type [-Wincompatible-pointer-types]
  735 |                         if (cJSON_IsString(cla))
      |                                            ^~~
      |                                            |
      |                                            const char *
In file included from C:/Users/Ismael/Desktop/Esp32cliente/esp_http_client/main/esp_http_client_example.c:14:
C:/Espressif/frameworks/esp-idf-v5.0.2/components/json/cJSON/cJSON.h:189:61: note: expected 'const cJSON * const' but argument is of type 'const char *'
  189 | CJSON_PUBLIC(cJSON_bool) cJSON_IsString(const cJSON * const item);
      |                                         ~~~~~~~~~~~~~~~~~~~~^~~~
C:/Users/Ismael/Desktop/Esp32cliente/esp_http_client/main/esp_http_client_example.c:737:71: warning: passing argument 1 of 'cJSON_GetStringValue' from incompatible pointer type [-Wincompatible-pointer-types]
  737 |                             const char *clavep = cJSON_GetStringValue(cla);
      |                                                                       ^~~
      |                                                                       |
      |                                                                       const char *
In file included from C:/Users/Ismael/Desktop/Esp32cliente/esp_http_client/main/esp_http_client_example.c:14:
C:/Espressif/frameworks/esp-idf-v5.0.2/components/json/cJSON/cJSON.h:179:63: note: expected 'const cJSON * const' but argument is of type 'const char *'
  179 | CJSON_PUBLIC(char *) cJSON_GetStringValue(const cJSON * const item);
      |                                           ~~~~~~~~~~~~~~~~~~~~^~~~
C:/Users/Ismael/Desktop/Esp32cliente/esp_http_client/main/esp_http_client_example.c:776:49: warning: passing argument 1 of 'snprintf' discards 'const' qualifier from pointer target type [-Wdiscarded-qualifiers]
  776 |                                 snprintf(clavep + (2 * i), sizeof(clavep) - (2 * i), "%02hhx", llave_alice[i]);
      |                                          ~~~~~~~^~~~~~~~~
In file included from C:/Espressif/frameworks/esp-idf-v5.0.2/components/esp_common/include/esp_err.h:10,
                 from C:/Espressif/frameworks/esp-idf-v5.0.2/components/esp_hw_support/include/esp_intr_alloc.h:11,
                 from C:/Espressif/frameworks/esp-idf-v5.0.2/components/esp_hw_support/include/esp_cpu.h:20,
                 from C:/Espressif/frameworks/esp-idf-v5.0.2/components/esp_hw_support/include/spinlock.h:11,
                 from C:/Espressif/frameworks/esp-idf-v5.0.2/components/freertos/FreeRTOS-Kernel/portable/xtensa/include/freertos/portmacro.h:74,
                 from C:/Espressif/frameworks/esp-idf-v5.0.2/components/freertos/FreeRTOS-Kernel/include/freertos/portable.h:58,
                 from C:/Espressif/frameworks/esp-idf-v5.0.2/components/freertos/FreeRTOS-Kernel/include/freertos/FreeRTOS.h:70,
                 from C:/Users/Ismael/Desktop/Esp32cliente/esp_http_client/main/esp_http_client_example.c:12:
c:\espressif\tools\xtensa-esp32-elf\esp-2022r1-11.2.0\xtensa-esp32-elf\xtensa-esp32-elf\sys-include\stdio.h:266:19: note: expected 'char * restrict' but argument is of type 'const char *'
  266 | int     snprintf (char *__restrict, size_t, const char *__restrict, ...)
      |                   ^
C:/Users/Ismael/Desktop/Esp32cliente/esp_http_client/main/esp_http_client_example.c:785:93: warning: passing argument 3 of 'psa_raw_key_agreement' from incompatible pointer type [-Wincompatible-pointer-types]
  785 |                             estado = psa_raw_key_agreement(PSA_ALG_ECDH, llave_privada_bob, &llave_alice, sizeof(llave_alice), compartidaB, sizeof(compartidaB), &output_lenB);
      |                                                                                             ^~~~~~~~~~~~
      |                                                                                             |
      |                                                                                             uint8_t (*)[65] {aka unsigned char (*)[65]}
In file included from C:/Espressif/frameworks/esp-idf-v5.0.2/components/mbedtls/mbedtls/include/mbedtls/legacy_or_psa.h:104,
                 from C:/Espressif/frameworks/esp-idf-v5.0.2/components/mbedtls/mbedtls/include/mbedtls/x509_crt.h:27,
                 from C:/Espressif/frameworks/esp-idf-v5.0.2/components/mbedtls/mbedtls/include/mbedtls/ssl.h:35,
                 from C:/Espressif/frameworks/esp-idf-v5.0.2/components/esp-tls/esp_tls.h:14,
                 from C:/Users/Ismael/Desktop/Esp32cliente/esp_http_client/main/esp_http_client_example.c:21:
C:/Espressif/frameworks/esp-idf-v5.0.2/components/mbedtls/mbedtls/include/psa/crypto.h:3960:51: note: expected 'const uint8_t *' {aka 'const unsigned char *'} but argument is of type 'uint8_t (*)[65]' {aka 'unsigned char (*)[65]'}
 3960 |                                    const uint8_t *peer_key,
      |                                    ~~~~~~~~~~~~~~~^~~~~~~~
C:/Users/Ismael/Desktop/Esp32cliente/esp_http_client/main/esp_http_client_example.c:785:162: warning: passing argument 7 of 'psa_raw_key_agreement' from incompatible pointer type [-Wincompatible-pointer-types]
  785 |                             estado = psa_raw_key_agreement(PSA_ALG_ECDH, llave_privada_bob, &llave_alice, sizeof(llave_alice), compartidaB, sizeof(compartidaB), &output_lenB);
      |                                                                                                                                                                  ^~~~~~~~~~~~
      |                                                                                                                                                                  |
      |                                                                                                                                                                  uint32_t * {aka long unsigned int *}
In file included from C:/Espressif/frameworks/esp-idf-v5.0.2/components/mbedtls/mbedtls/include/mbedtls/legacy_or_psa.h:104,
                 from C:/Espressif/frameworks/esp-idf-v5.0.2/components/mbedtls/mbedtls/include/mbedtls/x509_crt.h:27,
                 from C:/Espressif/frameworks/esp-idf-v5.0.2/components/mbedtls/mbedtls/include/mbedtls/ssl.h:35,
                 from C:/Espressif/frameworks/esp-idf-v5.0.2/components/esp-tls/esp_tls.h:14,
                 from C:/Users/Ismael/Desktop/Esp32cliente/esp_http_client/main/esp_http_client_example.c:21:
C:/Espressif/frameworks/esp-idf-v5.0.2/components/mbedtls/mbedtls/include/psa/crypto.h:3964:44: note: expected 'size_t *' {aka 'unsigned int *'} but argument is of type 'uint32_t *' {aka 'long unsigned int *'}
 3964 |                                    size_t *output_length);
      |                                    ~~~~~~~~^~~~~~~~~~~~~
C:/Users/Ismael/Desktop/Esp32cliente/esp_http_client/main/esp_http_client_example.c:738:37: warning: unused variable 'byte_array' [-Wunused-variable]
  738 |                             uint8_t byte_array[65];
      |                                     ^~~~~~~~~~
C:/Users/Ismael/Desktop/Esp32cliente/esp_http_client/main/esp_http_client_example.c:498:10: warning: unused variable 'post_data' [-Wunused-variable]
  498 |     char post_data[256];
      |          ^~~~~~~~~
C:/Users/Ismael/Desktop/Esp32cliente/esp_http_client/main/esp_http_client_example.c:445:9: warning: unused variable 'value2' [-Wunused-variable]
  445 |     int value2 = 99;
      |         ^~~~~~
C:/Users/Ismael/Desktop/Esp32cliente/esp_http_client/main/esp_http_client_example.c:443:9: warning: unused variable 'value' [-Wunused-variable]
  443 |     int value = 99;
      |         ^~~~~
C:/Users/Ismael/Desktop/Esp32cliente/esp_http_client/main/esp_http_client_example.c:442:9: warning: unused variable 'i' [-Wunused-variable]
  442 |     int i = 0;
      |         ^
C:/Users/Ismael/Desktop/Esp32cliente/esp_http_client/main/esp_http_client_example.c:441:9: warning: unused variable 'j' [-Wunused-variable]
  441 |     int j = 0;
      |         ^
C:/Users/Ismael/Desktop/Esp32cliente/esp_http_client/main/esp_http_client_example.c:439:19: warning: unused variable 'olenA' [-Wunused-variable]
  439 |     size_t olenB, olenA;
      |                   ^~~~~
C:/Users/Ismael/Desktop/Esp32cliente/esp_http_client/main/esp_http_client_example.c:438:13: warning: unused variable 'llave_derivadaB' [-Wunused-variable]
  438 |     uint8_t llave_derivadaB[32];
      |             ^~~~~~~~~~~~~~~
C:/Users/Ismael/Desktop/Esp32cliente/esp_http_client/main/esp_http_client_example.c:437:13: warning: unused variable 'bytesesp1' [-Wunused-variable]
  437 |     uint8_t bytesesp1[32];
      |             ^~~~~~~~~
C:/Users/Ismael/Desktop/Esp32cliente/esp_http_client/main/esp_http_client_example.c:436:13: warning: variable 'bytesesp' set but not used [-Wunused-but-set-variable]
  436 |     uint8_t bytesesp[32];
      |             ^~~~~~~~
C:/Users/Ismael/Desktop/Esp32cliente/esp_http_client/main/esp_http_client_example.c:433:13: warning: unused variable 'llave_aesB' [-Wunused-variable]
  433 |     uint8_t llave_aesB[33];
      |             ^~~~~~~~~~
C:/Users/Ismael/Desktop/Esp32cliente/esp_http_client/main/esp_http_client_example.c:431:62: warning: unused variable 'llave_aes' [-Wunused-variable]
  431 |     psa_key_handle_t llave_privada_bob, key, llave_derivada, llave_aes;
      |                                                              ^~~~~~~~~
C:/Users/Ismael/Desktop/Esp32cliente/esp_http_client/main/esp_http_client_example.c:431:46: warning: unused variable 'llave_derivada' [-Wunused-variable]
  431 |     psa_key_handle_t llave_privada_bob, key, llave_derivada, llave_aes;
      |                                              ^~~~~~~~~~~~~~
C:/Users/Ismael/Desktop/Esp32cliente/esp_http_client/main/esp_http_client_example.c:431:41: warning: unused variable 'key' [-Wunused-variable]
  431 |     psa_key_handle_t llave_privada_bob, key, llave_derivada, llave_aes;
      |                                         ^~~
C:/Users/Ismael/Desktop/Esp32cliente/esp_http_client/main/esp_http_client_example.c:429:10: warning: unused variable 'cadena5' [-Wunused-variable]
  429 |     char cadena5[32];
      |          ^~~~~~~
C:/Users/Ismael/Desktop/Esp32cliente/esp_http_client/main/esp_http_client_example.c:428:10: warning: unused variable 'cadena4' [-Wunused-variable]
  428 |     char cadena4[32];
      |          ^~~~~~~
C:/Users/Ismael/Desktop/Esp32cliente/esp_http_client/main/esp_http_client_example.c:403:48: warning: unused variable 'atributo' [-Wunused-variable]
  403 |     psa_key_attributes_t attributes, atributo3,atributo;
      |                                                ^~~~~~~~
C:/Users/Ismael/Desktop/Esp32cliente/esp_http_client/main/esp_http_client_example.c: At top level:
C:/Users/Ismael/Desktop/Esp32cliente/esp_http_client/main/esp_http_client_example.c:826:5: error: expected identifier or '(' before 'else'
  826 |     else
      |     ^~~~
C:/Users/Ismael/Desktop/Esp32cliente/esp_http_client/main/esp_http_client_example.c:836:5: error: expected identifier or '(' before 'for'
  836 |     for (int i = 0; i < sizeof(compartidaB); i++)
      |     ^~~
C:/Users/Ismael/Desktop/Esp32cliente/esp_http_client/main/esp_http_client_example.c:836:23: error: expected '=', ',', ';', 'asm' or '__attribute__' before '<' token
  836 |     for (int i = 0; i < sizeof(compartidaB); i++)
      |                       ^
C:/Users/Ismael/Desktop/Esp32cliente/esp_http_client/main/esp_http_client_example.c:836:47: error: expected '=', ',', ';', 'asm' or '__attribute__' before '++' token
  836 |     for (int i = 0; i < sizeof(compartidaB); i++)
      |                                               ^~
C:/Users/Ismael/Desktop/Esp32cliente/esp_http_client/main/esp_http_client_example.c:840:5: error: expected identifier or '(' before 'for'
  840 |     for (int i = 0; i < sizeof(compartidaB); i++)
      |     ^~~
C:/Users/Ismael/Desktop/Esp32cliente/esp_http_client/main/esp_http_client_example.c:840:23: error: expected '=', ',', ';', 'asm' or '__attribute__' before '<' token
  840 |     for (int i = 0; i < sizeof(compartidaB); i++)
      |                       ^
C:/Users/Ismael/Desktop/Esp32cliente/esp_http_client/main/esp_http_client_example.c:840:47: error: expected '=', ',', ';', 'asm' or '__attribute__' before '++' token
  840 |     for (int i = 0; i < sizeof(compartidaB); i++)
      |                                               ^~
C:/Users/Ismael/Desktop/Esp32cliente/esp_http_client/main/esp_http_client_example.c:844:12: error: expected declaration specifiers or '...' before string constant
  844 |     printf("\n");
      |            ^~~~
C:/Users/Ismael/Desktop/Esp32cliente/esp_http_client/main/esp_http_client_example.c:845:12: error: expected declaration specifiers or '...' before string constant
  845 |     printf("\nCOMPARTIDA ;%s", clave_publica_hex2);
      |            ^~~~~~~~~~~~~~~~~~
C:/Users/Ismael/Desktop/Esp32cliente/esp_http_client/main/esp_http_client_example.c:845:32: error: expected declaration specifiers or '...' before 'clave_publica_hex2'
  845 |     printf("\nCOMPARTIDA ;%s", clave_publica_hex2);
      |                                ^~~~~~~~~~~~~~~~~~
C:/Users/Ismael/Desktop/Esp32cliente/esp_http_client/main/esp_http_client_example.c:846:26: error: initializer element is not constant
  846 |     cJSON *jsonObject2 = cJSON_CreateObject();
      |                          ^~~~~~~~~~~~~~~~~~
C:/Users/Ismael/Desktop/Esp32cliente/esp_http_client/main/esp_http_client_example.c:847:41: error: expected ')' before string constant
  847 |     cJSON_AddStringToObject(jsonObject2, "compartidaB", clave_publica_hex2);
      |                                         ^~~~~~~~~~~~~~
      |                                         )
C:/Users/Ismael/Desktop/Esp32cliente/esp_http_client/main/esp_http_client_example.c:848:23: error: initializer element is not constant
  848 |     char *jsonData2 = cJSON_PrintUnformatted(jsonObject2);
      |                       ^~~~~~~~~~~~~~~~~~~~~~
C:/Users/Ismael/Desktop/Esp32cliente/esp_http_client/main/esp_http_client_example.c:853:36: error: expected ')' before string constant
  853 |     esp_http_client_set_url(client, "http://192.168.1.102:80/compartida");
      |                                    ^~~~~~~~~~~~~~~~~~~~~~~~~~~~~~~~~~~~~
      |                                    )
C:/Users/Ismael/Desktop/Esp32cliente/esp_http_client/main/esp_http_client_example.c:854:5: warning: data definition has no type or storage class
  854 |     esp_http_client_set_method(client, HTTP_METHOD_POST);
      |     ^~~~~~~~~~~~~~~~~~~~~~~~~~
C:/Users/Ismael/Desktop/Esp32cliente/esp_http_client/main/esp_http_client_example.c:854:5: error: type defaults to 'int' in declaration of 'esp_http_client_set_method' [-Werror=implicit-int]
C:/Users/Ismael/Desktop/Esp32cliente/esp_http_client/main/esp_http_client_example.c:854:5: warning: parameter names (without types) in function declaration
C:/Users/Ismael/Desktop/Esp32cliente/esp_http_client/main/esp_http_client_example.c:855:39: error: expected ')' before string constant
  855 |     esp_http_client_set_header(client, "X-Server-ID", "esp1");
      |                                       ^~~~~~~~~~~~~~
      |                                       )
C:/Users/Ismael/Desktop/Esp32cliente/esp_http_client/main/esp_http_client_example.c:856:39: error: expected ')' before string constant
  856 |     esp_http_client_set_header(client, "Content-Type", "application/json");
      |                                       ^~~~~~~~~~~~~~~
      |                                       )
C:/Users/Ismael/Desktop/Esp32cliente/esp_http_client/main/esp_http_client_example.c:858:5: warning: data definition has no type or storage class
  858 |     err = esp_http_client_set_post_field(client, jsonData2, strlen(jsonData2));
      |     ^~~
C:/Users/Ismael/Desktop/Esp32cliente/esp_http_client/main/esp_http_client_example.c:858:5: error: type defaults to 'int' in declaration of 'err' [-Werror=implicit-int]
C:/Users/Ismael/Desktop/Esp32cliente/esp_http_client/main/esp_http_client_example.c:858:42: error: 'client' undeclared here (not in a function)
  858 |     err = esp_http_client_set_post_field(client, jsonData2, strlen(jsonData2));
      |                                          ^~~~~~
In file included from C:/Users/Ismael/Desktop/Esp32cliente/esp_http_client/main/esp_http_client_example.c:15:
C:/Espressif/frameworks/esp-idf-v5.0.2/components/log/include/esp_log.h:431:54: error: expected identifier or '(' before 'do'
  431 | #define ESP_LOG_LEVEL_LOCAL(level, tag, format, ...) do {               \
      |                                                      ^~
C:/Espressif/frameworks/esp-idf-v5.0.2/components/log/include/esp_log.h:340:38: note: in expansion of macro 'ESP_LOG_LEVEL_LOCAL'
  340 | #define ESP_LOGE( tag, format, ... ) ESP_LOG_LEVEL_LOCAL(ESP_LOG_ERROR,   tag, format, ##__VA_ARGS__)
      |                                      ^~~~~~~~~~~~~~~~~~~
C:/Users/Ismael/Desktop/Esp32cliente/esp_http_client/main/esp_http_client_example.c:859:5: note: in expansion of macro 'ESP_LOGE'
  859 |     ESP_LOGE(TAG, " %s", esp_err_to_name(err));
      |     ^~~~~~~~
C:/Espressif/frameworks/esp-idf-v5.0.2/components/log/include/esp_log.h:433:7: error: expected identifier or '(' before 'while'
  433 |     } while(0)
      |       ^~~~~
C:/Espressif/frameworks/esp-idf-v5.0.2/components/log/include/esp_log.h:340:38: note: in expansion of macro 'ESP_LOG_LEVEL_LOCAL'
  340 | #define ESP_LOGE( tag, format, ... ) ESP_LOG_LEVEL_LOCAL(ESP_LOG_ERROR,   tag, format, ##__VA_ARGS__)
      |                                      ^~~~~~~~~~~~~~~~~~~
C:/Users/Ismael/Desktop/Esp32cliente/esp_http_client/main/esp_http_client_example.c:859:5: note: in expansion of macro 'ESP_LOGE'
  859 |     ESP_LOGE(TAG, " %s", esp_err_to_name(err));
      |     ^~~~~~~~
C:/Users/Ismael/Desktop/Esp32cliente/esp_http_client/main/esp_http_client_example.c:860:5: warning: data definition has no type or storage class
  860 |     err = esp_http_client_perform(client);
      |     ^~~
C:/Users/Ismael/Desktop/Esp32cliente/esp_http_client/main/esp_http_client_example.c:860:5: error: type defaults to 'int' in declaration of 'err' [-Werror=implicit-int]
C:/Users/Ismael/Desktop/Esp32cliente/esp_http_client/main/esp_http_client_example.c:860:5: error: redefinition of 'err'
C:/Users/Ismael/Desktop/Esp32cliente/esp_http_client/main/esp_http_client_example.c:858:5: note: previous definition of 'err' with type 'int'
  858 |     err = esp_http_client_set_post_field(client, jsonData2, strlen(jsonData2));
      |     ^~~
C:/Users/Ismael/Desktop/Esp32cliente/esp_http_client/main/esp_http_client_example.c:861:5: error: expected identifier or '(' before 'if'
  861 |     if (err == ESP_OK)
      |     ^~
C:/Users/Ismael/Desktop/Esp32cliente/esp_http_client/main/esp_http_client_example.c:867:5: error: expected identifier or '(' before 'else'
  867 |     else
      |     ^~~~
C:/Users/Ismael/Desktop/Esp32cliente/esp_http_client/main/esp_http_client_example.c:873:63: error: 'config' undeclared here (not in a function)
  873 |     esp_http_client_handle_t cliente2 = esp_http_client_init(&config);
      |                                                               ^~~~~~
C:/Users/Ismael/Desktop/Esp32cliente/esp_http_client/main/esp_http_client_example.c:874:38: error: expected ')' before string constant
  874 |     esp_http_client_set_url(cliente2, "http://192.168.1.102:80/verificacion");
      |                                      ^~~~~~~~~~~~~~~~~~~~~~~~~~~~~~~~~~~~~~~
      |                                      )
C:/Users/Ismael/Desktop/Esp32cliente/esp_http_client/main/esp_http_client_example.c:875:41: error: expected ')' before string constant
  875 |     esp_http_client_set_header(cliente2, "X-Server-ID", "esp1");
      |                                         ^~~~~~~~~~~~~~
      |                                         )
C:/Users/Ismael/Desktop/Esp32cliente/esp_http_client/main/esp_http_client_example.c:877:5: warning: data definition has no type or storage class
  877 |     esp_http_client_set_method(cliente2, HTTP_METHOD_GET);
      |     ^~~~~~~~~~~~~~~~~~~~~~~~~~
C:/Users/Ismael/Desktop/Esp32cliente/esp_http_client/main/esp_http_client_example.c:877:5: error: type defaults to 'int' in declaration of 'esp_http_client_set_method' [-Werror=implicit-int]
C:/Users/Ismael/Desktop/Esp32cliente/esp_http_client/main/esp_http_client_example.c:877:5: warning: parameter names (without types) in function declaration
C:/Users/Ismael/Desktop/Esp32cliente/esp_http_client/main/esp_http_client_example.c:878:5: warning: data definition has no type or storage class
  878 |     err = esp_http_client_perform(cliente2);
      |     ^~~
C:/Users/Ismael/Desktop/Esp32cliente/esp_http_client/main/esp_http_client_example.c:878:5: error: type defaults to 'int' in declaration of 'err' [-Werror=implicit-int]
C:/Users/Ismael/Desktop/Esp32cliente/esp_http_client/main/esp_http_client_example.c:878:5: error: redefinition of 'err'
C:/Users/Ismael/Desktop/Esp32cliente/esp_http_client/main/esp_http_client_example.c:858:5: note: previous definition of 'err' with type 'int'
  858 |     err = esp_http_client_set_post_field(client, jsonData2, strlen(jsonData2));
      |     ^~~
C:/Users/Ismael/Desktop/Esp32cliente/esp_http_client/main/esp_http_client_example.c:878:11: error: initializer element is not constant
  878 |     err = esp_http_client_perform(cliente2);
      |           ^~~~~~~~~~~~~~~~~~~~~~~
C:/Users/Ismael/Desktop/Esp32cliente/esp_http_client/main/esp_http_client_example.c:881:5: error: expected identifier or '(' before 'if'
  881 |     if (err == ESP_OK)
      |     ^~
C:/Users/Ismael/Desktop/Esp32cliente/esp_http_client/main/esp_http_client_example.c:961:5: warning: data definition has no type or storage class
  961 |     operacion = psa_key_derivation_operation_init();
      |     ^~~~~~~~~
C:/Users/Ismael/Desktop/Esp32cliente/esp_http_client/main/esp_http_client_example.c:961:5: error: type defaults to 'int' in declaration of 'operacion' [-Werror=implicit-int]
C:/Users/Ismael/Desktop/Esp32cliente/esp_http_client/main/esp_http_client_example.c:961:5: error: conflicting types for 'operacion'; have 'int'
C:/Users/Ismael/Desktop/Esp32cliente/esp_http_client/main/esp_http_client_example.c:960:36: note: previous declaration of 'operacion' with type 'psa_key_derivation_operation_t' {aka 'struct psa_key_derivation_s'}
  960 |     psa_key_derivation_operation_t operacion;
      |                                    ^~~~~~~~~
C:/Users/Ismael/Desktop/Esp32cliente/esp_http_client/main/esp_http_client_example.c:961:17: error: incompatible types when initializing type 'int' using type 'struct psa_key_derivation_s'
  961 |     operacion = psa_key_derivation_operation_init();
      |                 ^~~~~~~~~~~~~~~~~~~~~~~~~~~~~~~~~
C:/Users/Ismael/Desktop/Esp32cliente/esp_http_client/main/esp_http_client_example.c:964:20: error: initializer element is not constant
  964 |     uint8_t* bytes=(uint8_t*)lol;
      |                    ^
C:/Users/Ismael/Desktop/Esp32cliente/esp_http_client/main/esp_http_client_example.c:966:14: error: initializer element is not constant
  966 |     int len =strlen(cadena);
      |              ^~~~~~
C:/Users/Ismael/Desktop/Esp32cliente/esp_http_client/main/esp_http_client_example.c:967:14: error: initializer element is not constant
  967 |     int len2=strlen(lol);
      |              ^~~~~~
C:/Users/Ismael/Desktop/Esp32cliente/esp_http_client/main/esp_http_client_example.c:968:12: error: expected declaration specifiers or '...' before string constant
  968 |     printf("%d",len);
      |            ^~~~
C:/Users/Ismael/Desktop/Esp32cliente/esp_http_client/main/esp_http_client_example.c:968:17: error: expected declaration specifiers or '...' before 'len'
  968 |     printf("%d",len);
      |                 ^~~
C:/Users/Ismael/Desktop/Esp32cliente/esp_http_client/main/esp_http_client_example.c:969:12: error: expected declaration specifiers or '...' before string constant
  969 |     printf("\n");
      |            ^~~~
C:/Users/Ismael/Desktop/Esp32cliente/esp_http_client/main/esp_http_client_example.c:972:13: error: variably modified 'bufff' at file scope
  972 |     uint8_t bufff[len];
      |             ^~~~~
C:/Users/Ismael/Desktop/Esp32cliente/esp_http_client/main/esp_http_client_example.c:973:13: error: variably modified 'bufff2' at file scope
  973 |     uint8_t bufff2[len2];
      |             ^~~~~~
C:/Users/Ismael/Desktop/Esp32cliente/esp_http_client/main/esp_http_client_example.c:974:12: error: expected declaration specifiers or '...' before string constant
  974 |     printf("%d",sizeof(bufff));
      |            ^~~~
C:/Users/Ismael/Desktop/Esp32cliente/esp_http_client/main/esp_http_client_example.c:974:17: error: expected declaration specifiers or '...' before 'sizeof'
  974 |     printf("%d",sizeof(bufff));
      |                 ^~~~~~
C:/Users/Ismael/Desktop/Esp32cliente/esp_http_client/main/esp_http_client_example.c:975:12: error: expected declaration specifiers or '...' before string constant
  975 |     printf("\n");
      |            ^~~~
C:/Users/Ismael/Desktop/Esp32cliente/esp_http_client/main/esp_http_client_example.c:983:5: error: expected identifier or '(' before 'for'
  983 |     for (size_t i = 0; i < len; i++)
      |     ^~~
C:/Users/Ismael/Desktop/Esp32cliente/esp_http_client/main/esp_http_client_example.c:983:26: error: expected '=', ',', ';', 'asm' or '__attribute__' before '<' token
  983 |     for (size_t i = 0; i < len; i++)
      |                          ^
C:/Users/Ismael/Desktop/Esp32cliente/esp_http_client/main/esp_http_client_example.c:983:34: error: expected '=', ',', ';', 'asm' or '__attribute__' before '++' token
  983 |     for (size_t i = 0; i < len; i++)
      |                                  ^~
C:/Users/Ismael/Desktop/Esp32cliente/esp_http_client/main/esp_http_client_example.c:988:12: error: expected declaration specifiers or '...' before string constant
  988 |     printf("\n");
      |            ^~~~
C:/Users/Ismael/Desktop/Esp32cliente/esp_http_client/main/esp_http_client_example.c:989:5: error: expected identifier or '(' before 'for'
  989 |     for (size_t i = 0; i < len2; i++)
      |     ^~~
C:/Users/Ismael/Desktop/Esp32cliente/esp_http_client/main/esp_http_client_example.c:989:26: error: expected '=', ',', ';', 'asm' or '__attribute__' before '<' token
  989 |     for (size_t i = 0; i < len2; i++)
      |                          ^
C:/Users/Ismael/Desktop/Esp32cliente/esp_http_client/main/esp_http_client_example.c:989:35: error: expected '=', ',', ';', 'asm' or '__attribute__' before '++' token
  989 |     for (size_t i = 0; i < len2; i++)
      |                                   ^~
C:/Users/Ismael/Desktop/Esp32cliente/esp_http_client/main/esp_http_client_example.c:1004:12: error: expected declaration specifiers or '...' before string constant
 1004 |     printf("\n");
      |            ^~~~
C:/Users/Ismael/Desktop/Esp32cliente/esp_http_client/main/esp_http_client_example.c:1005:12: error: expected declaration specifiers or '...' before string constant
 1005 |     printf("\n");
      |            ^~~~
C:/Users/Ismael/Desktop/Esp32cliente/esp_http_client/main/esp_http_client_example.c:1006:12: error: expected declaration specifiers or '...' before string constant
 1006 |     printf("\n");
      |            ^~~~
C:/Users/Ismael/Desktop/Esp32cliente/esp_http_client/main/esp_http_client_example.c:1007:12: error: expected declaration specifiers or '...' before string constant
 1007 |     printf("\n");
      |            ^~~~
C:/Users/Ismael/Desktop/Esp32cliente/esp_http_client/main/esp_http_client_example.c:1008:12: error: expected declaration specifiers or '...' before string constant
 1008 |     printf("Bytes; ");
      |            ^~~~~~~~~
C:/Users/Ismael/Desktop/Esp32cliente/esp_http_client/main/esp_http_client_example.c:1009:5: error: expected identifier or '(' before 'for'
 1009 |     for (size_t i = 0; i < sizeof(bytes); i++)
      |     ^~~
C:/Users/Ismael/Desktop/Esp32cliente/esp_http_client/main/esp_http_client_example.c:1009:26: error: expected '=', ',', ';', 'asm' or '__attribute__' before '<' token
 1009 |     for (size_t i = 0; i < sizeof(bytes); i++)
      |                          ^
C:/Users/Ismael/Desktop/Esp32cliente/esp_http_client/main/esp_http_client_example.c:1009:44: error: expected '=', ',', ';', 'asm' or '__attribute__' before '++' token
 1009 |     for (size_t i = 0; i < sizeof(bytes); i++)
      |                                            ^~
C:/Users/Ismael/Desktop/Esp32cliente/esp_http_client/main/esp_http_client_example.c:1013:12: error: expected declaration specifiers or '...' before string constant
 1013 |     printf("\n");
      |            ^~~~
C:/Users/Ismael/Desktop/Esp32cliente/esp_http_client/main/esp_http_client_example.c:1014:12: error: expected declaration specifiers or '...' before string constant
 1014 |     printf("INPUT; ");
      |            ^~~~~~~~~
C:/Users/Ismael/Desktop/Esp32cliente/esp_http_client/main/esp_http_client_example.c:1015:5: error: expected identifier or '(' before 'for'
 1015 |     for (size_t i = 0; i < sizeof(bytes); i++)
      |     ^~~
C:/Users/Ismael/Desktop/Esp32cliente/esp_http_client/main/esp_http_client_example.c:1015:26: error: expected '=', ',', ';', 'asm' or '__attribute__' before '<' token
 1015 |     for (size_t i = 0; i < sizeof(bytes); i++)
      |                          ^
C:/Users/Ismael/Desktop/Esp32cliente/esp_http_client/main/esp_http_client_example.c:1015:44: error: expected '=', ',', ';', 'asm' or '__attribute__' before '++' token
 1015 |     for (size_t i = 0; i < sizeof(bytes); i++)
      |                                            ^~
C:/Users/Ismael/Desktop/Esp32cliente/esp_http_client/main/esp_http_client_example.c:1019:12: error: expected declaration specifiers or '...' before string constant
 1019 |     printf("\n");
      |            ^~~~
C:/Users/Ismael/Desktop/Esp32cliente/esp_http_client/main/esp_http_client_example.c:1020:12: error: expected declaration specifiers or '...' before string constant
 1020 |     printf("Compartida; ");
      |            ^~~~~~~~~~~~~~
C:/Users/Ismael/Desktop/Esp32cliente/esp_http_client/main/esp_http_client_example.c:1021:5: error: expected identifier or '(' before 'for'
 1021 |     for (size_t i = 0; i < sizeof(compartidaB); i++)
      |     ^~~
C:/Users/Ismael/Desktop/Esp32cliente/esp_http_client/main/esp_http_client_example.c:1021:26: error: expected '=', ',', ';', 'asm' or '__attribute__' before '<' token
 1021 |     for (size_t i = 0; i < sizeof(compartidaB); i++)
      |                          ^
C:/Users/Ismael/Desktop/Esp32cliente/esp_http_client/main/esp_http_client_example.c:1021:50: error: expected '=', ',', ';', 'asm' or '__attribute__' before '++' token
 1021 |     for (size_t i = 0; i < sizeof(compartidaB); i++)
      |                                                  ^~
C:/Users/Ismael/Desktop/Esp32cliente/esp_http_client/main/esp_http_client_example.c:1025:12: error: expected declaration specifiers or '...' before string constant
 1025 |     printf("\n");
      |            ^~~~
C:/Users/Ismael/Desktop/Esp32cliente/esp_http_client/main/esp_http_client_example.c:1026:5: warning: data definition has no type or storage class
 1026 |     estado = psa_import_key(&atributo3, compartidaB, sizeof(compartidaB), &comp);
      |     ^~~~~~
C:/Users/Ismael/Desktop/Esp32cliente/esp_http_client/main/esp_http_client_example.c:1026:5: error: type defaults to 'int' in declaration of 'estado' [-Werror=implicit-int]
C:/Users/Ismael/Desktop/Esp32cliente/esp_http_client/main/esp_http_client_example.c:1026:30: error: 'atributo3' undeclared here (not in a function)
 1026 |     estado = psa_import_key(&atributo3, compartidaB, sizeof(compartidaB), &comp);
      |                              ^~~~~~~~~
C:/Users/Ismael/Desktop/Esp32cliente/esp_http_client/main/esp_http_client_example.c:1026:41: error: 'compartidaB' undeclared here (not in a function)
 1026 |     estado = psa_import_key(&atributo3, compartidaB, sizeof(compartidaB), &comp);
      |                                         ^~~~~~~~~~~
C:/Users/Ismael/Desktop/Esp32cliente/esp_http_client/main/esp_http_client_example.c:1027:5: warning: data definition has no type or storage class
 1027 |     evaluar(estado);
      |     ^~~~~~~
C:/Users/Ismael/Desktop/Esp32cliente/esp_http_client/main/esp_http_client_example.c:1027:5: error: type defaults to 'int' in declaration of 'evaluar' [-Werror=implicit-int]
C:/Users/Ismael/Desktop/Esp32cliente/esp_http_client/main/esp_http_client_example.c:1027:5: warning: parameter names (without types) in function declaration
C:/Users/Ismael/Desktop/Esp32cliente/esp_http_client/main/esp_http_client_example.c:1027:5: error: conflicting types for 'evaluar'; have 'int()'
C:/Users/Ismael/Desktop/Esp32cliente/esp_http_client/main/esp_http_client_example.c:53:6: note: previous definition of 'evaluar' with type 'void(psa_status_t)' {aka 'void(long int)'}
   53 | void evaluar(psa_status_t estado)
      |      ^~~~~~~
C:/Users/Ismael/Desktop/Esp32cliente/esp_http_client/main/esp_http_client_example.c:1028:5: warning: data definition has no type or storage class
 1028 |     estado = psa_key_derivation_setup(&operacion,  PSA_ALG_HKDF(PSA_ALG_SHA_256));
      |     ^~~~~~
C:/Users/Ismael/Desktop/Esp32cliente/esp_http_client/main/esp_http_client_example.c:1028:5: error: type defaults to 'int' in declaration of 'estado' [-Werror=implicit-int]
C:/Users/Ismael/Desktop/Esp32cliente/esp_http_client/main/esp_http_client_example.c:1028:5: error: redefinition of 'estado'
C:/Users/Ismael/Desktop/Esp32cliente/esp_http_client/main/esp_http_client_example.c:1026:5: note: previous definition of 'estado' with type 'int'
 1026 |     estado = psa_import_key(&atributo3, compartidaB, sizeof(compartidaB), &comp);
      |     ^~~~~~
C:/Users/Ismael/Desktop/Esp32cliente/esp_http_client/main/esp_http_client_example.c:1028:39: warning: passing argument 1 of 'psa_key_derivation_setup' from incompatible pointer type [-Wincompatible-pointer-types]
 1028 |     estado = psa_key_derivation_setup(&operacion,  PSA_ALG_HKDF(PSA_ALG_SHA_256));
      |                                       ^~~~~~~~~~
      |                                       |
      |                                       int *
In file included from C:/Espressif/frameworks/esp-idf-v5.0.2/components/mbedtls/mbedtls/include/mbedtls/legacy_or_psa.h:104,
                 from C:/Espressif/frameworks/esp-idf-v5.0.2/components/mbedtls/mbedtls/include/mbedtls/x509_crt.h:27,
                 from C:/Espressif/frameworks/esp-idf-v5.0.2/components/mbedtls/mbedtls/include/mbedtls/ssl.h:35,
                 from C:/Espressif/frameworks/esp-idf-v5.0.2/components/esp-tls/esp_tls.h:14,
                 from C:/Users/Ismael/Desktop/Esp32cliente/esp_http_client/main/esp_http_client_example.c:21:
C:/Espressif/frameworks/esp-idf-v5.0.2/components/mbedtls/mbedtls/include/psa/crypto.h:3278:37: note: expected 'psa_key_derivation_operation_t *' {aka 'struct psa_key_derivation_s *'} but argument is of type 'int *'
 3278 |     psa_key_derivation_operation_t *operation,
      |     ~~~~~~~~~~~~~~~~~~~~~~~~~~~~~~~~^~~~~~~~~
C:/Users/Ismael/Desktop/Esp32cliente/esp_http_client/main/esp_http_client_example.c:1028:14: error: initializer element is not constant
 1028 |     estado = psa_key_derivation_setup(&operacion,  PSA_ALG_HKDF(PSA_ALG_SHA_256));
      |              ^~~~~~~~~~~~~~~~~~~~~~~~
C:/Users/Ismael/Desktop/Esp32cliente/esp_http_client/main/esp_http_client_example.c:1030:5: warning: data definition has no type or storage class
 1030 |     evaluar(estado);
      |     ^~~~~~~
C:/Users/Ismael/Desktop/Esp32cliente/esp_http_client/main/esp_http_client_example.c:1030:5: error: type defaults to 'int' in declaration of 'evaluar' [-Werror=implicit-int]
C:/Users/Ismael/Desktop/Esp32cliente/esp_http_client/main/esp_http_client_example.c:1030:5: warning: parameter names (without types) in function declaration
C:/Users/Ismael/Desktop/Esp32cliente/esp_http_client/main/esp_http_client_example.c:1030:5: error: conflicting types for 'evaluar'; have 'int()'
C:/Users/Ismael/Desktop/Esp32cliente/esp_http_client/main/esp_http_client_example.c:53:6: note: previous definition of 'evaluar' with type 'void(psa_status_t)' {aka 'void(long int)'}
   53 | void evaluar(psa_status_t estado)
      |      ^~~~~~~
C:/Users/Ismael/Desktop/Esp32cliente/esp_http_client/main/esp_http_client_example.c:1031:5: warning: data definition has no type or storage class
 1031 |     estado = psa_key_derivation_input_bytes(&operacion, PSA_KEY_DERIVATION_INPUT_SALT, bufff2, sizeof(bufff2));
      |     ^~~~~~
C:/Users/Ismael/Desktop/Esp32cliente/esp_http_client/main/esp_http_client_example.c:1031:5: error: type defaults to 'int' in declaration of 'estado' [-Werror=implicit-int]
C:/Users/Ismael/Desktop/Esp32cliente/esp_http_client/main/esp_http_client_example.c:1031:5: error: redefinition of 'estado'
C:/Users/Ismael/Desktop/Esp32cliente/esp_http_client/main/esp_http_client_example.c:1026:5: note: previous definition of 'estado' with type 'int'
 1026 |     estado = psa_import_key(&atributo3, compartidaB, sizeof(compartidaB), &comp);
      |     ^~~~~~
C:/Users/Ismael/Desktop/Esp32cliente/esp_http_client/main/esp_http_client_example.c:1031:45: warning: passing argument 1 of 'psa_key_derivation_input_bytes' from incompatible pointer type [-Wincompatible-pointer-types]
 1031 |     estado = psa_key_derivation_input_bytes(&operacion, PSA_KEY_DERIVATION_INPUT_SALT, bufff2, sizeof(bufff2));
      |                                             ^~~~~~~~~~
      |                                             |
      |                                             int *
In file included from C:/Espressif/frameworks/esp-idf-v5.0.2/components/mbedtls/mbedtls/include/mbedtls/legacy_or_psa.h:104,
                 from C:/Espressif/frameworks/esp-idf-v5.0.2/components/mbedtls/mbedtls/include/mbedtls/x509_crt.h:27,
                 from C:/Espressif/frameworks/esp-idf-v5.0.2/components/mbedtls/mbedtls/include/mbedtls/ssl.h:35,
                 from C:/Espressif/frameworks/esp-idf-v5.0.2/components/esp-tls/esp_tls.h:14,
                 from C:/Users/Ismael/Desktop/Esp32cliente/esp_http_client/main/esp_http_client_example.c:21:
C:/Espressif/frameworks/esp-idf-v5.0.2/components/mbedtls/mbedtls/include/psa/crypto.h:3382:37: note: expected 'psa_key_derivation_operation_t *' {aka 'struct psa_key_derivation_s *'} but argument is of type 'int *'
 3382 |     psa_key_derivation_operation_t *operation,
      |     ~~~~~~~~~~~~~~~~~~~~~~~~~~~~~~~~^~~~~~~~~
C:/Users/Ismael/Desktop/Esp32cliente/esp_http_client/main/esp_http_client_example.c:1031:14: error: initializer element is not constant
 1031 |     estado = psa_key_derivation_input_bytes(&operacion, PSA_KEY_DERIVATION_INPUT_SALT, bufff2, sizeof(bufff2));
      |              ^~~~~~~~~~~~~~~~~~~~~~~~~~~~~~
C:/Users/Ismael/Desktop/Esp32cliente/esp_http_client/main/esp_http_client_example.c:1033:5: warning: data definition has no type or storage class
 1033 |     evaluar(estado);
      |     ^~~~~~~
C:/Users/Ismael/Desktop/Esp32cliente/esp_http_client/main/esp_http_client_example.c:1033:5: error: type defaults to 'int' in declaration of 'evaluar' [-Werror=implicit-int]
C:/Users/Ismael/Desktop/Esp32cliente/esp_http_client/main/esp_http_client_example.c:1033:5: warning: parameter names (without types) in function declaration
C:/Users/Ismael/Desktop/Esp32cliente/esp_http_client/main/esp_http_client_example.c:1033:5: error: conflicting types for 'evaluar'; have 'int()'
C:/Users/Ismael/Desktop/Esp32cliente/esp_http_client/main/esp_http_client_example.c:53:6: note: previous definition of 'evaluar' with type 'void(psa_status_t)' {aka 'void(long int)'}
   53 | void evaluar(psa_status_t estado)
      |      ^~~~~~~
C:/Users/Ismael/Desktop/Esp32cliente/esp_http_client/main/esp_http_client_example.c:1035:5: warning: data definition has no type or storage class
 1035 |     estado=psa_key_derivation_input_bytes(&operacion,PSA_KEY_DERIVATION_INPUT_SECRET,compartidaB,sizeof(compartidaB));
      |     ^~~~~~
C:/Users/Ismael/Desktop/Esp32cliente/esp_http_client/main/esp_http_client_example.c:1035:5: error: type defaults to 'int' in declaration of 'estado' [-Werror=implicit-int]
C:/Users/Ismael/Desktop/Esp32cliente/esp_http_client/main/esp_http_client_example.c:1035:5: error: redefinition of 'estado'
C:/Users/Ismael/Desktop/Esp32cliente/esp_http_client/main/esp_http_client_example.c:1026:5: note: previous definition of 'estado' with type 'int'
 1026 |     estado = psa_import_key(&atributo3, compartidaB, sizeof(compartidaB), &comp);
      |     ^~~~~~
C:/Users/Ismael/Desktop/Esp32cliente/esp_http_client/main/esp_http_client_example.c:1035:43: warning: passing argument 1 of 'psa_key_derivation_input_bytes' from incompatible pointer type [-Wincompatible-pointer-types]
 1035 |     estado=psa_key_derivation_input_bytes(&operacion,PSA_KEY_DERIVATION_INPUT_SECRET,compartidaB,sizeof(compartidaB));
      |                                           ^~~~~~~~~~
      |                                           |
      |                                           int *
In file included from C:/Espressif/frameworks/esp-idf-v5.0.2/components/mbedtls/mbedtls/include/mbedtls/legacy_or_psa.h:104,
                 from C:/Espressif/frameworks/esp-idf-v5.0.2/components/mbedtls/mbedtls/include/mbedtls/x509_crt.h:27,
                 from C:/Espressif/frameworks/esp-idf-v5.0.2/components/mbedtls/mbedtls/include/mbedtls/ssl.h:35,
                 from C:/Espressif/frameworks/esp-idf-v5.0.2/components/esp-tls/esp_tls.h:14,
                 from C:/Users/Ismael/Desktop/Esp32cliente/esp_http_client/main/esp_http_client_example.c:21:
C:/Espressif/frameworks/esp-idf-v5.0.2/components/mbedtls/mbedtls/include/psa/crypto.h:3382:37: note: expected 'psa_key_derivation_operation_t *' {aka 'struct psa_key_derivation_s *'} but argument is of type 'int *'
 3382 |     psa_key_derivation_operation_t *operation,
      |     ~~~~~~~~~~~~~~~~~~~~~~~~~~~~~~~~^~~~~~~~~
C:/Users/Ismael/Desktop/Esp32cliente/esp_http_client/main/esp_http_client_example.c:1036:5: warning: data definition has no type or storage class
 1036 |     evaluar(estado);
      |     ^~~~~~~
C:/Users/Ismael/Desktop/Esp32cliente/esp_http_client/main/esp_http_client_example.c:1036:5: error: type defaults to 'int' in declaration of 'evaluar' [-Werror=implicit-int]
C:/Users/Ismael/Desktop/Esp32cliente/esp_http_client/main/esp_http_client_example.c:1036:5: warning: parameter names (without types) in function declaration
C:/Users/Ismael/Desktop/Esp32cliente/esp_http_client/main/esp_http_client_example.c:1036:5: error: conflicting types for 'evaluar'; have 'int()'
C:/Users/Ismael/Desktop/Esp32cliente/esp_http_client/main/esp_http_client_example.c:53:6: note: previous definition of 'evaluar' with type 'void(psa_status_t)' {aka 'void(long int)'}
   53 | void evaluar(psa_status_t estado)
      |      ^~~~~~~
C:/Users/Ismael/Desktop/Esp32cliente/esp_http_client/main/esp_http_client_example.c:1038:5: warning: data definition has no type or storage class
 1038 |     estado = psa_key_derivation_input_bytes(&operacion, PSA_KEY_DERIVATION_INPUT_INFO, bufff, sizeof(bufff));
      |     ^~~~~~
C:/Users/Ismael/Desktop/Esp32cliente/esp_http_client/main/esp_http_client_example.c:1038:5: error: type defaults to 'int' in declaration of 'estado' [-Werror=implicit-int]
C:/Users/Ismael/Desktop/Esp32cliente/esp_http_client/main/esp_http_client_example.c:1038:5: error: redefinition of 'estado'
C:/Users/Ismael/Desktop/Esp32cliente/esp_http_client/main/esp_http_client_example.c:1026:5: note: previous definition of 'estado' with type 'int'
 1026 |     estado = psa_import_key(&atributo3, compartidaB, sizeof(compartidaB), &comp);
      |     ^~~~~~
C:/Users/Ismael/Desktop/Esp32cliente/esp_http_client/main/esp_http_client_example.c:1038:45: warning: passing argument 1 of 'psa_key_derivation_input_bytes' from incompatible pointer type [-Wincompatible-pointer-types]
 1038 |     estado = psa_key_derivation_input_bytes(&operacion, PSA_KEY_DERIVATION_INPUT_INFO, bufff, sizeof(bufff));
      |                                             ^~~~~~~~~~
      |                                             |
      |                                             int *
In file included from C:/Espressif/frameworks/esp-idf-v5.0.2/components/mbedtls/mbedtls/include/mbedtls/legacy_or_psa.h:104,
                 from C:/Espressif/frameworks/esp-idf-v5.0.2/components/mbedtls/mbedtls/include/mbedtls/x509_crt.h:27,
                 from C:/Espressif/frameworks/esp-idf-v5.0.2/components/mbedtls/mbedtls/include/mbedtls/ssl.h:35,
                 from C:/Espressif/frameworks/esp-idf-v5.0.2/components/esp-tls/esp_tls.h:14,
                 from C:/Users/Ismael/Desktop/Esp32cliente/esp_http_client/main/esp_http_client_example.c:21:
C:/Espressif/frameworks/esp-idf-v5.0.2/components/mbedtls/mbedtls/include/psa/crypto.h:3382:37: note: expected 'psa_key_derivation_operation_t *' {aka 'struct psa_key_derivation_s *'} but argument is of type 'int *'
 3382 |     psa_key_derivation_operation_t *operation,
      |     ~~~~~~~~~~~~~~~~~~~~~~~~~~~~~~~~^~~~~~~~~
C:/Users/Ismael/Desktop/Esp32cliente/esp_http_client/main/esp_http_client_example.c:1038:14: error: initializer element is not constant
 1038 |     estado = psa_key_derivation_input_bytes(&operacion, PSA_KEY_DERIVATION_INPUT_INFO, bufff, sizeof(bufff));
      |              ^~~~~~~~~~~~~~~~~~~~~~~~~~~~~~
C:/Users/Ismael/Desktop/Esp32cliente/esp_http_client/main/esp_http_client_example.c:1039:5: warning: data definition has no type or storage class
 1039 |     evaluar(estado);
      |     ^~~~~~~
C:/Users/Ismael/Desktop/Esp32cliente/esp_http_client/main/esp_http_client_example.c:1039:5: error: type defaults to 'int' in declaration of 'evaluar' [-Werror=implicit-int]
C:/Users/Ismael/Desktop/Esp32cliente/esp_http_client/main/esp_http_client_example.c:1039:5: warning: parameter names (without types) in function declaration
C:/Users/Ismael/Desktop/Esp32cliente/esp_http_client/main/esp_http_client_example.c:1039:5: error: conflicting types for 'evaluar'; have 'int()'
C:/Users/Ismael/Desktop/Esp32cliente/esp_http_client/main/esp_http_client_example.c:53:6: note: previous definition of 'evaluar' with type 'void(psa_status_t)' {aka 'void(long int)'}
   53 | void evaluar(psa_status_t estado)
      |      ^~~~~~~
C:/Users/Ismael/Desktop/Esp32cliente/esp_http_client/main/esp_http_client_example.c:1041:12: error: expected declaration specifiers or '...' before string constant
 1041 |     printf("break \n");
      |            ^~~~~~~~~~
C:/Users/Ismael/Desktop/Esp32cliente/esp_http_client/main/esp_http_client_example.c:1042:5: warning: data definition has no type or storage class
 1042 |     estado = psa_key_derivation_output_key(&atributo3, &operacion, &llave_derivada);
      |     ^~~~~~
C:/Users/Ismael/Desktop/Esp32cliente/esp_http_client/main/esp_http_client_example.c:1042:5: error: type defaults to 'int' in declaration of 'estado' [-Werror=implicit-int]
C:/Users/Ismael/Desktop/Esp32cliente/esp_http_client/main/esp_http_client_example.c:1042:5: error: redefinition of 'estado'
C:/Users/Ismael/Desktop/Esp32cliente/esp_http_client/main/esp_http_client_example.c:1026:5: note: previous definition of 'estado' with type 'int'
 1026 |     estado = psa_import_key(&atributo3, compartidaB, sizeof(compartidaB), &comp);
      |     ^~~~~~
C:/Users/Ismael/Desktop/Esp32cliente/esp_http_client/main/esp_http_client_example.c:1042:69: error: 'llave_derivada' undeclared here (not in a function)
 1042 |     estado = psa_key_derivation_output_key(&atributo3, &operacion, &llave_derivada);
      |                                                                     ^~~~~~~~~~~~~~
C:/Users/Ismael/Desktop/Esp32cliente/esp_http_client/main/esp_http_client_example.c:1042:56: warning: passing argument 2 of 'psa_key_derivation_output_key' from incompatible pointer type [-Wincompatible-pointer-types]
 1042 |     estado = psa_key_derivation_output_key(&atributo3, &operacion, &llave_derivada);
      |                                                        ^~~~~~~~~~
      |                                                        |
      |                                                        int *
In file included from C:/Espressif/frameworks/esp-idf-v5.0.2/components/mbedtls/mbedtls/include/mbedtls/legacy_or_psa.h:104,
                 from C:/Espressif/frameworks/esp-idf-v5.0.2/components/mbedtls/mbedtls/include/mbedtls/x509_crt.h:27,
                 from C:/Espressif/frameworks/esp-idf-v5.0.2/components/mbedtls/mbedtls/include/mbedtls/ssl.h:35,
                 from C:/Espressif/frameworks/esp-idf-v5.0.2/components/esp-tls/esp_tls.h:14,
                 from C:/Users/Ismael/Desktop/Esp32cliente/esp_http_client/main/esp_http_client_example.c:21:
C:/Espressif/frameworks/esp-idf-v5.0.2/components/mbedtls/mbedtls/include/psa/crypto.h:3758:37: note: expected 'psa_key_derivation_operation_t *' {aka 'struct psa_key_derivation_s *'} but argument is of type 'int *'
 3758 |     psa_key_derivation_operation_t *operation,
      |     ~~~~~~~~~~~~~~~~~~~~~~~~~~~~~~~~^~~~~~~~~
C:/Users/Ismael/Desktop/Esp32cliente/esp_http_client/main/esp_http_client_example.c:1043:5: warning: data definition has no type or storage class
 1043 |     evaluar(estado);
      |     ^~~~~~~
C:/Users/Ismael/Desktop/Esp32cliente/esp_http_client/main/esp_http_client_example.c:1043:5: error: type defaults to 'int' in declaration of 'evaluar' [-Werror=implicit-int]
C:/Users/Ismael/Desktop/Esp32cliente/esp_http_client/main/esp_http_client_example.c:1043:5: warning: parameter names (without types) in function declaration
C:/Users/Ismael/Desktop/Esp32cliente/esp_http_client/main/esp_http_client_example.c:1043:5: error: conflicting types for 'evaluar'; have 'int()'
C:/Users/Ismael/Desktop/Esp32cliente/esp_http_client/main/esp_http_client_example.c:53:6: note: previous definition of 'evaluar' with type 'void(psa_status_t)' {aka 'void(long int)'}
   53 | void evaluar(psa_status_t estado)
      |      ^~~~~~~
C:/Users/Ismael/Desktop/Esp32cliente/esp_http_client/main/esp_http_client_example.c:1044:5: warning: data definition has no type or storage class
 1044 |     estado = psa_key_derivation_output_bytes(&operacion, &llave_derivadaB, sizeof(llave_derivadaB));
      |     ^~~~~~
C:/Users/Ismael/Desktop/Esp32cliente/esp_http_client/main/esp_http_client_example.c:1044:5: error: type defaults to 'int' in declaration of 'estado' [-Werror=implicit-int]
C:/Users/Ismael/Desktop/Esp32cliente/esp_http_client/main/esp_http_client_example.c:1044:5: error: redefinition of 'estado'
C:/Users/Ismael/Desktop/Esp32cliente/esp_http_client/main/esp_http_client_example.c:1026:5: note: previous definition of 'estado' with type 'int'
 1026 |     estado = psa_import_key(&atributo3, compartidaB, sizeof(compartidaB), &comp);
      |     ^~~~~~
C:/Users/Ismael/Desktop/Esp32cliente/esp_http_client/main/esp_http_client_example.c:1044:59: error: 'llave_derivadaB' undeclared here (not in a function)
 1044 |     estado = psa_key_derivation_output_bytes(&operacion, &llave_derivadaB, sizeof(llave_derivadaB));
      |                                                           ^~~~~~~~~~~~~~~
C:/Users/Ismael/Desktop/Esp32cliente/esp_http_client/main/esp_http_client_example.c:1044:46: warning: passing argument 1 of 'psa_key_derivation_output_bytes' from incompatible pointer type [-Wincompatible-pointer-types]
 1044 |     estado = psa_key_derivation_output_bytes(&operacion, &llave_derivadaB, sizeof(llave_derivadaB));
      |                                              ^~~~~~~~~~
      |                                              |
      |                                              int *
In file included from C:/Espressif/frameworks/esp-idf-v5.0.2/components/mbedtls/mbedtls/include/mbedtls/legacy_or_psa.h:104,
                 from C:/Espressif/frameworks/esp-idf-v5.0.2/components/mbedtls/mbedtls/include/mbedtls/x509_crt.h:27,
                 from C:/Espressif/frameworks/esp-idf-v5.0.2/components/mbedtls/mbedtls/include/mbedtls/ssl.h:35,
                 from C:/Espressif/frameworks/esp-idf-v5.0.2/components/esp-tls/esp_tls.h:14,
                 from C:/Users/Ismael/Desktop/Esp32cliente/esp_http_client/main/esp_http_client_example.c:21:
C:/Espressif/frameworks/esp-idf-v5.0.2/components/mbedtls/mbedtls/include/psa/crypto.h:3607:37: note: expected 'psa_key_derivation_operation_t *' {aka 'struct psa_key_derivation_s *'} but argument is of type 'int *'
 3607 |     psa_key_derivation_operation_t *operation,
      |     ~~~~~~~~~~~~~~~~~~~~~~~~~~~~~~~~^~~~~~~~~
C:/Users/Ismael/Desktop/Esp32cliente/esp_http_client/main/esp_http_client_example.c:1045:5: warning: data definition has no type or storage class
 1045 |     evaluar(estado);
      |     ^~~~~~~
C:/Users/Ismael/Desktop/Esp32cliente/esp_http_client/main/esp_http_client_example.c:1045:5: error: type defaults to 'int' in declaration of 'evaluar' [-Werror=implicit-int]
C:/Users/Ismael/Desktop/Esp32cliente/esp_http_client/main/esp_http_client_example.c:1045:5: warning: parameter names (without types) in function declaration
C:/Users/Ismael/Desktop/Esp32cliente/esp_http_client/main/esp_http_client_example.c:1045:5: error: conflicting types for 'evaluar'; have 'int()'
C:/Users/Ismael/Desktop/Esp32cliente/esp_http_client/main/esp_http_client_example.c:53:6: note: previous definition of 'evaluar' with type 'void(psa_status_t)' {aka 'void(long int)'}
   53 | void evaluar(psa_status_t estado)
      |      ^~~~~~~
C:/Users/Ismael/Desktop/Esp32cliente/esp_http_client/main/esp_http_client_example.c:1046:5: warning: data definition has no type or storage class
 1046 |     estado = psa_key_derivation_abort(&operacion);
      |     ^~~~~~
C:/Users/Ismael/Desktop/Esp32cliente/esp_http_client/main/esp_http_client_example.c:1046:5: error: type defaults to 'int' in declaration of 'estado' [-Werror=implicit-int]
C:/Users/Ismael/Desktop/Esp32cliente/esp_http_client/main/esp_http_client_example.c:1046:5: error: redefinition of 'estado'
C:/Users/Ismael/Desktop/Esp32cliente/esp_http_client/main/esp_http_client_example.c:1026:5: note: previous definition of 'estado' with type 'int'
 1026 |     estado = psa_import_key(&atributo3, compartidaB, sizeof(compartidaB), &comp);
      |     ^~~~~~
C:/Users/Ismael/Desktop/Esp32cliente/esp_http_client/main/esp_http_client_example.c:1046:39: warning: passing argument 1 of 'psa_key_derivation_abort' from incompatible pointer type [-Wincompatible-pointer-types]
 1046 |     estado = psa_key_derivation_abort(&operacion);
      |                                       ^~~~~~~~~~
      |                                       |
      |                                       int *
In file included from C:/Espressif/frameworks/esp-idf-v5.0.2/components/mbedtls/mbedtls/include/mbedtls/legacy_or_psa.h:104,
                 from C:/Espressif/frameworks/esp-idf-v5.0.2/components/mbedtls/mbedtls/include/mbedtls/x509_crt.h:27,
                 from C:/Espressif/frameworks/esp-idf-v5.0.2/components/mbedtls/mbedtls/include/mbedtls/ssl.h:35,
                 from C:/Espressif/frameworks/esp-idf-v5.0.2/components/esp-tls/esp_tls.h:14,
                 from C:/Users/Ismael/Desktop/Esp32cliente/esp_http_client/main/esp_http_client_example.c:21:
C:/Espressif/frameworks/esp-idf-v5.0.2/components/mbedtls/mbedtls/include/psa/crypto.h:3906:37: note: expected 'psa_key_derivation_operation_t *' {aka 'struct psa_key_derivation_s *'} but argument is of type 'int *'
 3906 |     psa_key_derivation_operation_t *operation);
      |     ~~~~~~~~~~~~~~~~~~~~~~~~~~~~~~~~^~~~~~~~~
C:/Users/Ismael/Desktop/Esp32cliente/esp_http_client/main/esp_http_client_example.c:1046:14: error: initializer element is not constant
 1046 |     estado = psa_key_derivation_abort(&operacion);
      |              ^~~~~~~~~~~~~~~~~~~~~~~~
C:/Users/Ismael/Desktop/Esp32cliente/esp_http_client/main/esp_http_client_example.c:1050:5: error: expected identifier or '(' before 'for'
 1050 |     for (int i = 0; i < sizeof(llave_derivadaB); i++)
      |     ^~~
C:/Users/Ismael/Desktop/Esp32cliente/esp_http_client/main/esp_http_client_example.c:1050:23: error: expected '=', ',', ';', 'asm' or '__attribute__' before '<' token
 1050 |     for (int i = 0; i < sizeof(llave_derivadaB); i++)
      |                       ^
C:/Users/Ismael/Desktop/Esp32cliente/esp_http_client/main/esp_http_client_example.c:1050:51: error: expected '=', ',', ';', 'asm' or '__attribute__' before '++' token
 1050 |     for (int i = 0; i < sizeof(llave_derivadaB); i++)
      |                                                   ^~
C:/Users/Ismael/Desktop/Esp32cliente/esp_http_client/main/esp_http_client_example.c:1055:5: error: expected identifier or '(' before 'for'
 1055 |     for (int i = 0; i < sizeof(llave_derivadaB); i++)
      |     ^~~
C:/Users/Ismael/Desktop/Esp32cliente/esp_http_client/main/esp_http_client_example.c:1055:23: error: expected '=', ',', ';', 'asm' or '__attribute__' before '<' token
 1055 |     for (int i = 0; i < sizeof(llave_derivadaB); i++)
      |                       ^
C:/Users/Ismael/Desktop/Esp32cliente/esp_http_client/main/esp_http_client_example.c:1055:51: error: expected '=', ',', ';', 'asm' or '__attribute__' before '++' token
 1055 |     for (int i = 0; i < sizeof(llave_derivadaB); i++)
      |                                                   ^~
C:/Users/Ismael/Desktop/Esp32cliente/esp_http_client/main/esp_http_client_example.c:1059:12: error: expected declaration specifiers or '...' before string constant
 1059 |     printf("\n");
      |            ^~~~
C:/Users/Ismael/Desktop/Esp32cliente/esp_http_client/main/esp_http_client_example.c:1060:12: error: expected declaration specifiers or '...' before string constant
 1060 |     printf("\nDerivada1: %s", clave_publica_hex3);
      |            ^~~~~~~~~~~~~~~~~
C:/Users/Ismael/Desktop/Esp32cliente/esp_http_client/main/esp_http_client_example.c:1060:31: error: expected declaration specifiers or '...' before 'clave_publica_hex3'
 1060 |     printf("\nDerivada1: %s", clave_publica_hex3);
      |                               ^~~~~~~~~~~~~~~~~~
C:/Users/Ismael/Desktop/Esp32cliente/esp_http_client/main/esp_http_client_example.c:1061:26: error: initializer element is not constant
 1061 |     cJSON *jsonObject3 = cJSON_CreateObject();
      |                          ^~~~~~~~~~~~~~~~~~
C:/Users/Ismael/Desktop/Esp32cliente/esp_http_client/main/esp_http_client_example.c:1062:41: error: expected ')' before string constant
 1062 |     cJSON_AddStringToObject(jsonObject3, "DerivadaB", clave_publica_hex3);
      |                                         ^~~~~~~~~~~~
      |                                         )
C:/Users/Ismael/Desktop/Esp32cliente/esp_http_client/main/esp_http_client_example.c:1063:23: error: initializer element is not constant
 1063 |     char *jsonData3 = cJSON_PrintUnformatted(jsonObject3);
      |                       ^~~~~~~~~~~~~~~~~~~~~~
C:/Users/Ismael/Desktop/Esp32cliente/esp_http_client/main/esp_http_client_example.c:1069:36: error: expected ')' before string constant
 1069 |     esp_http_client_set_url(client, "http://192.168.1.102:80/Derivada");
      |                                    ^~~~~~~~~~~~~~~~~~~~~~~~~~~~~~~~~~~
      |                                    )
C:/Users/Ismael/Desktop/Esp32cliente/esp_http_client/main/esp_http_client_example.c:1070:5: warning: data definition has no type or storage class
 1070 |     esp_http_client_set_method(client, HTTP_METHOD_POST);
      |     ^~~~~~~~~~~~~~~~~~~~~~~~~~
C:/Users/Ismael/Desktop/Esp32cliente/esp_http_client/main/esp_http_client_example.c:1070:5: error: type defaults to 'int' in declaration of 'esp_http_client_set_method' [-Werror=implicit-int]
C:/Users/Ismael/Desktop/Esp32cliente/esp_http_client/main/esp_http_client_example.c:1070:5: warning: parameter names (without types) in function declaration
C:/Users/Ismael/Desktop/Esp32cliente/esp_http_client/main/esp_http_client_example.c:1071:39: error: expected ')' before string constant
 1071 |     esp_http_client_set_header(client, "X-Server-ID", "esp1");
      |                                       ^~~~~~~~~~~~~~
      |                                       )
C:/Users/Ismael/Desktop/Esp32cliente/esp_http_client/main/esp_http_client_example.c:1072:39: error: expected ')' before string constant
 1072 |     esp_http_client_set_header(client, "Content-Type", "application/json");
      |                                       ^~~~~~~~~~~~~~~
      |                                       )
C:/Users/Ismael/Desktop/Esp32cliente/esp_http_client/main/esp_http_client_example.c:1074:5: warning: data definition has no type or storage class
 1074 |     err = esp_http_client_set_post_field(client, jsonData3, strlen(jsonData3));
      |     ^~~
C:/Users/Ismael/Desktop/Esp32cliente/esp_http_client/main/esp_http_client_example.c:1074:5: error: type defaults to 'int' in declaration of 'err' [-Werror=implicit-int]
C:/Users/Ismael/Desktop/Esp32cliente/esp_http_client/main/esp_http_client_example.c:1074:5: error: redefinition of 'err'
C:/Users/Ismael/Desktop/Esp32cliente/esp_http_client/main/esp_http_client_example.c:858:5: note: previous definition of 'err' with type 'int'
  858 |     err = esp_http_client_set_post_field(client, jsonData2, strlen(jsonData2));
      |     ^~~
In file included from C:/Users/Ismael/Desktop/Esp32cliente/esp_http_client/main/esp_http_client_example.c:15:
C:/Espressif/frameworks/esp-idf-v5.0.2/components/log/include/esp_log.h:431:54: error: expected identifier or '(' before 'do'
  431 | #define ESP_LOG_LEVEL_LOCAL(level, tag, format, ...) do {               \
      |                                                      ^~
C:/Espressif/frameworks/esp-idf-v5.0.2/components/log/include/esp_log.h:340:38: note: in expansion of macro 'ESP_LOG_LEVEL_LOCAL'
  340 | #define ESP_LOGE( tag, format, ... ) ESP_LOG_LEVEL_LOCAL(ESP_LOG_ERROR,   tag, format, ##__VA_ARGS__)
      |                                      ^~~~~~~~~~~~~~~~~~~
C:/Users/Ismael/Desktop/Esp32cliente/esp_http_client/main/esp_http_client_example.c:1075:5: note: in expansion of macro 'ESP_LOGE'
 1075 |     ESP_LOGE(TAG, " %s", esp_err_to_name(err));
      |     ^~~~~~~~
C:/Espressif/frameworks/esp-idf-v5.0.2/components/log/include/esp_log.h:433:7: error: expected identifier or '(' before 'while'
  433 |     } while(0)
      |       ^~~~~
C:/Espressif/frameworks/esp-idf-v5.0.2/components/log/include/esp_log.h:340:38: note: in expansion of macro 'ESP_LOG_LEVEL_LOCAL'
  340 | #define ESP_LOGE( tag, format, ... ) ESP_LOG_LEVEL_LOCAL(ESP_LOG_ERROR,   tag, format, ##__VA_ARGS__)
      |                                      ^~~~~~~~~~~~~~~~~~~
C:/Users/Ismael/Desktop/Esp32cliente/esp_http_client/main/esp_http_client_example.c:1075:5: note: in expansion of macro 'ESP_LOGE'
 1075 |     ESP_LOGE(TAG, " %s", esp_err_to_name(err));
      |     ^~~~~~~~
C:/Users/Ismael/Desktop/Esp32cliente/esp_http_client/main/esp_http_client_example.c:1076:5: warning: data definition has no type or storage class
 1076 |     err = esp_http_client_perform(client);
      |     ^~~
C:/Users/Ismael/Desktop/Esp32cliente/esp_http_client/main/esp_http_client_example.c:1076:5: error: type defaults to 'int' in declaration of 'err' [-Werror=implicit-int]
C:/Users/Ismael/Desktop/Esp32cliente/esp_http_client/main/esp_http_client_example.c:1076:5: error: redefinition of 'err'
C:/Users/Ismael/Desktop/Esp32cliente/esp_http_client/main/esp_http_client_example.c:858:5: note: previous definition of 'err' with type 'int'
  858 |     err = esp_http_client_set_post_field(client, jsonData2, strlen(jsonData2));
      |     ^~~
C:/Users/Ismael/Desktop/Esp32cliente/esp_http_client/main/esp_http_client_example.c:1077:5: error: expected identifier or '(' before 'if'
 1077 |     if (err == ESP_OK)
      |     ^~
C:/Users/Ismael/Desktop/Esp32cliente/esp_http_client/main/esp_http_client_example.c:1083:5: error: expected identifier or '(' before 'else'
 1083 |     else
      |     ^~~~
C:/Users/Ismael/Desktop/Esp32cliente/esp_http_client/main/esp_http_client_example.c:1087:11: error: expected '=', ',', ';', 'asm' or '__attribute__' before '++' token
 1087 |     vuelta++;
      |           ^~
C:/Users/Ismael/Desktop/Esp32cliente/esp_http_client/main/esp_http_client_example.c:1091:38: error: expected ')' before string constant
 1091 |     esp_http_client_set_url(cliente2, "http://192.168.1.102:80/verificacion2");
      |                                      ^~~~~~~~~~~~~~~~~~~~~~~~~~~~~~~~~~~~~~~~
      |                                      )
C:/Users/Ismael/Desktop/Esp32cliente/esp_http_client/main/esp_http_client_example.c:1092:41: error: expected ')' before string constant
 1092 |     esp_http_client_set_header(cliente2, "X-Server-ID", "esp1");
      |                                         ^~~~~~~~~~~~~~
      |                                         )
C:/Users/Ismael/Desktop/Esp32cliente/esp_http_client/main/esp_http_client_example.c:1094:5: warning: data definition has no type or storage class
 1094 |     esp_http_client_set_method(cliente2, HTTP_METHOD_GET);
      |     ^~~~~~~~~~~~~~~~~~~~~~~~~~
C:/Users/Ismael/Desktop/Esp32cliente/esp_http_client/main/esp_http_client_example.c:1094:5: error: type defaults to 'int' in declaration of 'esp_http_client_set_method' [-Werror=implicit-int]
C:/Users/Ismael/Desktop/Esp32cliente/esp_http_client/main/esp_http_client_example.c:1094:5: warning: parameter names (without types) in function declaration
C:/Users/Ismael/Desktop/Esp32cliente/esp_http_client/main/esp_http_client_example.c:1095:5: warning: data definition has no type or storage class
 1095 |     err = esp_http_client_perform(cliente2);
      |     ^~~
C:/Users/Ismael/Desktop/Esp32cliente/esp_http_client/main/esp_http_client_example.c:1095:5: error: type defaults to 'int' in declaration of 'err' [-Werror=implicit-int]
C:/Users/Ismael/Desktop/Esp32cliente/esp_http_client/main/esp_http_client_example.c:1095:5: error: redefinition of 'err'
C:/Users/Ismael/Desktop/Esp32cliente/esp_http_client/main/esp_http_client_example.c:858:5: note: previous definition of 'err' with type 'int'
  858 |     err = esp_http_client_set_post_field(client, jsonData2, strlen(jsonData2));
      |     ^~~
C:/Users/Ismael/Desktop/Esp32cliente/esp_http_client/main/esp_http_client_example.c:1095:11: error: initializer element is not constant
 1095 |     err = esp_http_client_perform(cliente2);
      |           ^~~~~~~~~~~~~~~~~~~~~~~
C:/Users/Ismael/Desktop/Esp32cliente/esp_http_client/main/esp_http_client_example.c:1097:5: error: expected identifier or '(' before 'if'
 1097 |     if (err == ESP_OK)
      |     ^~
C:/Users/Ismael/Desktop/Esp32cliente/esp_http_client/main/esp_http_client_example.c:1164:11: error: expected '=', ',', ';', 'asm' or '__attribute__' before '++' token
 1164 |     vuelta++;
      |           ^~
C:/Users/Ismael/Desktop/Esp32cliente/esp_http_client/main/esp_http_client_example.c:1168:5: warning: data definition has no type or storage class
 1168 |     cifrado = psa_cipher_operation_init();
      |     ^~~~~~~
C:/Users/Ismael/Desktop/Esp32cliente/esp_http_client/main/esp_http_client_example.c:1168:5: error: type defaults to 'int' in declaration of 'cifrado' [-Werror=implicit-int]
C:/Users/Ismael/Desktop/Esp32cliente/esp_http_client/main/esp_http_client_example.c:1168:5: error: conflicting types for 'cifrado'; have 'int'
C:/Users/Ismael/Desktop/Esp32cliente/esp_http_client/main/esp_http_client_example.c:1166:28: note: previous declaration of 'cifrado' with type 'psa_cipher_operation_t' {aka 'struct psa_cipher_operation_s'}
 1166 |     psa_cipher_operation_t cifrado, cifrado2;
      |                            ^~~~~~~
C:/Users/Ismael/Desktop/Esp32cliente/esp_http_client/main/esp_http_client_example.c:1168:15: error: incompatible types when initializing type 'int' using type 'struct psa_cipher_operation_s'
 1168 |     cifrado = psa_cipher_operation_init();
      |               ^~~~~~~~~~~~~~~~~~~~~~~~~
C:/Users/Ismael/Desktop/Esp32cliente/esp_http_client/main/esp_http_client_example.c:1169:5: warning: data definition has no type or storage class
 1169 |     cifrado2 = psa_cipher_operation_init();
      |     ^~~~~~~~
C:/Users/Ismael/Desktop/Esp32cliente/esp_http_client/main/esp_http_client_example.c:1169:5: error: type defaults to 'int' in declaration of 'cifrado2' [-Werror=implicit-int]
C:/Users/Ismael/Desktop/Esp32cliente/esp_http_client/main/esp_http_client_example.c:1169:5: error: conflicting types for 'cifrado2'; have 'int'
C:/Users/Ismael/Desktop/Esp32cliente/esp_http_client/main/esp_http_client_example.c:1166:37: note: previous declaration of 'cifrado2' with type 'psa_cipher_operation_t' {aka 'struct psa_cipher_operation_s'}
 1166 |     psa_cipher_operation_t cifrado, cifrado2;
      |                                     ^~~~~~~~
C:/Users/Ismael/Desktop/Esp32cliente/esp_http_client/main/esp_http_client_example.c:1169:16: error: incompatible types when initializing type 'int' using type 'struct psa_cipher_operation_s'
 1169 |     cifrado2 = psa_cipher_operation_init();
      |                ^~~~~~~~~~~~~~~~~~~~~~~~~
C:/Users/Ismael/Desktop/Esp32cliente/esp_http_client/main/esp_http_client_example.c:1171:17: error: expected ')' before numeric constant
 1171 |     memset(iv_s, 0, sizeof(iv_s));
      |                 ^~
      |                 )
C:/Users/Ismael/Desktop/Esp32cliente/esp_http_client/main/esp_http_client_example.c:1174:11: error: expected declaration specifiers or '...' before 'time'
 1174 |     srand(time(NULL));
      |           ^~~~
C:/Users/Ismael/Desktop/Esp32cliente/esp_http_client/main/esp_http_client_example.c:1175:5: error: expected identifier or '(' before 'for'
 1175 |     for (size_t i = 0; i < sizeof(mensaje); i++)
      |     ^~~
C:/Users/Ismael/Desktop/Esp32cliente/esp_http_client/main/esp_http_client_example.c:1175:26: error: expected '=', ',', ';', 'asm' or '__attribute__' before '<' token
 1175 |     for (size_t i = 0; i < sizeof(mensaje); i++)
      |                          ^
C:/Users/Ismael/Desktop/Esp32cliente/esp_http_client/main/esp_http_client_example.c:1175:46: error: expected '=', ',', ';', 'asm' or '__attribute__' before '++' token
 1175 |     for (size_t i = 0; i < sizeof(mensaje); i++)
      |                                              ^~
C:/Users/Ismael/Desktop/Esp32cliente/esp_http_client/main/esp_http_client_example.c:1179:12: error: expected declaration specifiers or '...' before string constant
 1179 |     printf("Nmeros aleatorios:\n");
      |            ^~~~~~~~~~~~~~~~~~~~~~~
C:/Users/Ismael/Desktop/Esp32cliente/esp_http_client/main/esp_http_client_example.c:1180:5: error: expected identifier or '(' before 'for'
 1180 |     for (size_t i = 0; i < sizeof(mensaje); i++)
      |     ^~~
C:/Users/Ismael/Desktop/Esp32cliente/esp_http_client/main/esp_http_client_example.c:1180:26: error: expected '=', ',', ';', 'asm' or '__attribute__' before '<' token
 1180 |     for (size_t i = 0; i < sizeof(mensaje); i++)
      |                          ^
C:/Users/Ismael/Desktop/Esp32cliente/esp_http_client/main/esp_http_client_example.c:1180:46: error: expected '=', ',', ';', 'asm' or '__attribute__' before '++' token
 1180 |     for (size_t i = 0; i < sizeof(mensaje); i++)
      |                                              ^~
C:/Users/Ismael/Desktop/Esp32cliente/esp_http_client/main/esp_http_client_example.c:1184:12: error: expected declaration specifiers or '...' before string constant
 1184 |     printf("\n");
      |            ^~~~
C:/Users/Ismael/Desktop/Esp32cliente/esp_http_client/main/esp_http_client_example.c:1186:5: warning: data definition has no type or storage class
 1186 |     estado = psa_import_key(&atributo3, llave_derivadaB, sizeof(llave_derivadaB), &comp2);
      |     ^~~~~~
C:/Users/Ismael/Desktop/Esp32cliente/esp_http_client/main/esp_http_client_example.c:1186:5: error: type defaults to 'int' in declaration of 'estado' [-Werror=implicit-int]
C:/Users/Ismael/Desktop/Esp32cliente/esp_http_client/main/esp_http_client_example.c:1186:5: error: redefinition of 'estado'
C:/Users/Ismael/Desktop/Esp32cliente/esp_http_client/main/esp_http_client_example.c:1026:5: note: previous definition of 'estado' with type 'int'
 1026 |     estado = psa_import_key(&atributo3, compartidaB, sizeof(compartidaB), &comp);
      |     ^~~~~~
C:/Users/Ismael/Desktop/Esp32cliente/esp_http_client/main/esp_http_client_example.c:1187:5: warning: data definition has no type or storage class
 1187 |     evaluar(estado);
      |     ^~~~~~~
C:/Users/Ismael/Desktop/Esp32cliente/esp_http_client/main/esp_http_client_example.c:1187:5: error: type defaults to 'int' in declaration of 'evaluar' [-Werror=implicit-int]
C:/Users/Ismael/Desktop/Esp32cliente/esp_http_client/main/esp_http_client_example.c:1187:5: warning: parameter names (without types) in function declaration
C:/Users/Ismael/Desktop/Esp32cliente/esp_http_client/main/esp_http_client_example.c:1187:5: error: conflicting types for 'evaluar'; have 'int()'
C:/Users/Ismael/Desktop/Esp32cliente/esp_http_client/main/esp_http_client_example.c:53:6: note: previous definition of 'evaluar' with type 'void(psa_status_t)' {aka 'void(long int)'}
   53 | void evaluar(psa_status_t estado)
      |      ^~~~~~~
C:/Users/Ismael/Desktop/Esp32cliente/esp_http_client/main/esp_http_client_example.c:1188:5: warning: data definition has no type or storage class
 1188 |     estado = psa_cipher_encrypt_setup(&cifrado, comp2, PSA_ALG_CTR);
      |     ^~~~~~
C:/Users/Ismael/Desktop/Esp32cliente/esp_http_client/main/esp_http_client_example.c:1188:5: error: type defaults to 'int' in declaration of 'estado' [-Werror=implicit-int]
C:/Users/Ismael/Desktop/Esp32cliente/esp_http_client/main/esp_http_client_example.c:1188:5: error: redefinition of 'estado'
C:/Users/Ismael/Desktop/Esp32cliente/esp_http_client/main/esp_http_client_example.c:1026:5: note: previous definition of 'estado' with type 'int'
 1026 |     estado = psa_import_key(&atributo3, compartidaB, sizeof(compartidaB), &comp);
      |     ^~~~~~
C:/Users/Ismael/Desktop/Esp32cliente/esp_http_client/main/esp_http_client_example.c:1188:39: warning: passing argument 1 of 'psa_cipher_encrypt_setup' from incompatible pointer type [-Wincompatible-pointer-types]
 1188 |     estado = psa_cipher_encrypt_setup(&cifrado, comp2, PSA_ALG_CTR);
      |                                       ^~~~~~~~
      |                                       |
      |                                       int *
In file included from C:/Espressif/frameworks/esp-idf-v5.0.2/components/mbedtls/mbedtls/include/mbedtls/legacy_or_psa.h:104,
                 from C:/Espressif/frameworks/esp-idf-v5.0.2/components/mbedtls/mbedtls/include/mbedtls/x509_crt.h:27,
                 from C:/Espressif/frameworks/esp-idf-v5.0.2/components/mbedtls/mbedtls/include/mbedtls/ssl.h:35,
                 from C:/Espressif/frameworks/esp-idf-v5.0.2/components/esp-tls/esp_tls.h:14,
                 from C:/Users/Ismael/Desktop/Esp32cliente/esp_http_client/main/esp_http_client_example.c:21:
C:/Espressif/frameworks/esp-idf-v5.0.2/components/mbedtls/mbedtls/include/psa/crypto.h:1773:63: note: expected 'psa_cipher_operation_t *' {aka 'struct psa_cipher_operation_s *'} but argument is of type 'int *'
 1773 | psa_status_t psa_cipher_encrypt_setup(psa_cipher_operation_t *operation,
      |                                       ~~~~~~~~~~~~~~~~~~~~~~~~^~~~~~~~~
C:/Users/Ismael/Desktop/Esp32cliente/esp_http_client/main/esp_http_client_example.c:1188:14: error: initializer element is not constant
 1188 |     estado = psa_cipher_encrypt_setup(&cifrado, comp2, PSA_ALG_CTR);
      |              ^~~~~~~~~~~~~~~~~~~~~~~~
C:/Users/Ismael/Desktop/Esp32cliente/esp_http_client/main/esp_http_client_example.c:1189:5: warning: data definition has no type or storage class
 1189 |     evaluar(estado);
      |     ^~~~~~~
C:/Users/Ismael/Desktop/Esp32cliente/esp_http_client/main/esp_http_client_example.c:1189:5: error: type defaults to 'int' in declaration of 'evaluar' [-Werror=implicit-int]
C:/Users/Ismael/Desktop/Esp32cliente/esp_http_client/main/esp_http_client_example.c:1189:5: warning: parameter names (without types) in function declaration
C:/Users/Ismael/Desktop/Esp32cliente/esp_http_client/main/esp_http_client_example.c:1189:5: error: conflicting types for 'evaluar'; have 'int()'
C:/Users/Ismael/Desktop/Esp32cliente/esp_http_client/main/esp_http_client_example.c:53:6: note: previous definition of 'evaluar' with type 'void(psa_status_t)' {aka 'void(long int)'}
   53 | void evaluar(psa_status_t estado)
      |      ^~~~~~~
C:/Users/Ismael/Desktop/Esp32cliente/esp_http_client/main/esp_http_client_example.c:1190:5: warning: data definition has no type or storage class
 1190 |     estado = psa_cipher_decrypt_setup(&cifrado2, comp2, PSA_ALG_CTR);
      |     ^~~~~~
C:/Users/Ismael/Desktop/Esp32cliente/esp_http_client/main/esp_http_client_example.c:1190:5: error: type defaults to 'int' in declaration of 'estado' [-Werror=implicit-int]
C:/Users/Ismael/Desktop/Esp32cliente/esp_http_client/main/esp_http_client_example.c:1190:5: error: redefinition of 'estado'
C:/Users/Ismael/Desktop/Esp32cliente/esp_http_client/main/esp_http_client_example.c:1026:5: note: previous definition of 'estado' with type 'int'
 1026 |     estado = psa_import_key(&atributo3, compartidaB, sizeof(compartidaB), &comp);
      |     ^~~~~~
C:/Users/Ismael/Desktop/Esp32cliente/esp_http_client/main/esp_http_client_example.c:1190:39: warning: passing argument 1 of 'psa_cipher_decrypt_setup' from incompatible pointer type [-Wincompatible-pointer-types]
 1190 |     estado = psa_cipher_decrypt_setup(&cifrado2, comp2, PSA_ALG_CTR);
      |                                       ^~~~~~~~~
      |                                       |
      |                                       int *
In file included from C:/Espressif/frameworks/esp-idf-v5.0.2/components/mbedtls/mbedtls/include/mbedtls/legacy_or_psa.h:104,
                 from C:/Espressif/frameworks/esp-idf-v5.0.2/components/mbedtls/mbedtls/include/mbedtls/x509_crt.h:27,
                 from C:/Espressif/frameworks/esp-idf-v5.0.2/components/mbedtls/mbedtls/include/mbedtls/ssl.h:35,
                 from C:/Espressif/frameworks/esp-idf-v5.0.2/components/esp-tls/esp_tls.h:14,
                 from C:/Users/Ismael/Desktop/Esp32cliente/esp_http_client/main/esp_http_client_example.c:21:
C:/Espressif/frameworks/esp-idf-v5.0.2/components/mbedtls/mbedtls/include/psa/crypto.h:1836:63: note: expected 'psa_cipher_operation_t *' {aka 'struct psa_cipher_operation_s *'} but argument is of type 'int *'
 1836 | psa_status_t psa_cipher_decrypt_setup(psa_cipher_operation_t *operation,
      |                                       ~~~~~~~~~~~~~~~~~~~~~~~~^~~~~~~~~
C:/Users/Ismael/Desktop/Esp32cliente/esp_http_client/main/esp_http_client_example.c:1190:14: error: initializer element is not constant
 1190 |     estado = psa_cipher_decrypt_setup(&cifrado2, comp2, PSA_ALG_CTR);
      |              ^~~~~~~~~~~~~~~~~~~~~~~~
C:/Users/Ismael/Desktop/Esp32cliente/esp_http_client/main/esp_http_client_example.c:1191:5: warning: data definition has no type or storage class
 1191 |     evaluar(estado);
      |     ^~~~~~~
C:/Users/Ismael/Desktop/Esp32cliente/esp_http_client/main/esp_http_client_example.c:1191:5: error: type defaults to 'int' in declaration of 'evaluar' [-Werror=implicit-int]
C:/Users/Ismael/Desktop/Esp32cliente/esp_http_client/main/esp_http_client_example.c:1191:5: warning: parameter names (without types) in function declaration
C:/Users/Ismael/Desktop/Esp32cliente/esp_http_client/main/esp_http_client_example.c:1191:5: error: conflicting types for 'evaluar'; have 'int()'
C:/Users/Ismael/Desktop/Esp32cliente/esp_http_client/main/esp_http_client_example.c:53:6: note: previous definition of 'evaluar' with type 'void(psa_status_t)' {aka 'void(long int)'}
   53 | void evaluar(psa_status_t estado)
      |      ^~~~~~~
C:/Users/Ismael/Desktop/Esp32cliente/esp_http_client/main/esp_http_client_example.c:1195:5: warning: data definition has no type or storage class
 1195 |     estado = psa_cipher_set_iv(&cifrado, &iv_s, 16);
      |     ^~~~~~
C:/Users/Ismael/Desktop/Esp32cliente/esp_http_client/main/esp_http_client_example.c:1195:5: error: type defaults to 'int' in declaration of 'estado' [-Werror=implicit-int]
C:/Users/Ismael/Desktop/Esp32cliente/esp_http_client/main/esp_http_client_example.c:1195:5: error: redefinition of 'estado'
C:/Users/Ismael/Desktop/Esp32cliente/esp_http_client/main/esp_http_client_example.c:1026:5: note: previous definition of 'estado' with type 'int'
 1026 |     estado = psa_import_key(&atributo3, compartidaB, sizeof(compartidaB), &comp);
      |     ^~~~~~
C:/Users/Ismael/Desktop/Esp32cliente/esp_http_client/main/esp_http_client_example.c:1195:32: warning: passing argument 1 of 'psa_cipher_set_iv' from incompatible pointer type [-Wincompatible-pointer-types]
 1195 |     estado = psa_cipher_set_iv(&cifrado, &iv_s, 16);
      |                                ^~~~~~~~
      |                                |
      |                                int *
In file included from C:/Espressif/frameworks/esp-idf-v5.0.2/components/mbedtls/mbedtls/include/mbedtls/legacy_or_psa.h:104,
                 from C:/Espressif/frameworks/esp-idf-v5.0.2/components/mbedtls/mbedtls/include/mbedtls/x509_crt.h:27,
                 from C:/Espressif/frameworks/esp-idf-v5.0.2/components/mbedtls/mbedtls/include/mbedtls/ssl.h:35,
                 from C:/Espressif/frameworks/esp-idf-v5.0.2/components/esp-tls/esp_tls.h:14,
                 from C:/Users/Ismael/Desktop/Esp32cliente/esp_http_client/main/esp_http_client_example.c:21:
C:/Espressif/frameworks/esp-idf-v5.0.2/components/mbedtls/mbedtls/include/psa/crypto.h:1915:56: note: expected 'psa_cipher_operation_t *' {aka 'struct psa_cipher_operation_s *'} but argument is of type 'int *'
 1915 | psa_status_t psa_cipher_set_iv(psa_cipher_operation_t *operation,
      |                                ~~~~~~~~~~~~~~~~~~~~~~~~^~~~~~~~~
C:/Users/Ismael/Desktop/Esp32cliente/esp_http_client/main/esp_http_client_example.c:1195:42: warning: passing argument 2 of 'psa_cipher_set_iv' from incompatible pointer type [-Wincompatible-pointer-types]
 1195 |     estado = psa_cipher_set_iv(&cifrado, &iv_s, 16);
      |                                          ^~~~~
      |                                          |
      |                                          uint8_t (*)[16] {aka unsigned char (*)[16]}
In file included from C:/Espressif/frameworks/esp-idf-v5.0.2/components/mbedtls/mbedtls/include/mbedtls/legacy_or_psa.h:104,
                 from C:/Espressif/frameworks/esp-idf-v5.0.2/components/mbedtls/mbedtls/include/mbedtls/x509_crt.h:27,
                 from C:/Espressif/frameworks/esp-idf-v5.0.2/components/mbedtls/mbedtls/include/mbedtls/ssl.h:35,
                 from C:/Espressif/frameworks/esp-idf-v5.0.2/components/esp-tls/esp_tls.h:14,
                 from C:/Users/Ismael/Desktop/Esp32cliente/esp_http_client/main/esp_http_client_example.c:21:
C:/Espressif/frameworks/esp-idf-v5.0.2/components/mbedtls/mbedtls/include/psa/crypto.h:1916:47: note: expected 'const uint8_t *' {aka 'const unsigned char *'} but argument is of type 'uint8_t (*)[16]' {aka 'unsigned char (*)[16]'}
 1916 |                                const uint8_t *iv,
      |                                ~~~~~~~~~~~~~~~^~
C:/Users/Ismael/Desktop/Esp32cliente/esp_http_client/main/esp_http_client_example.c:1195:14: error: initializer element is not constant
 1195 |     estado = psa_cipher_set_iv(&cifrado, &iv_s, 16);
      |              ^~~~~~~~~~~~~~~~~
C:/Users/Ismael/Desktop/Esp32cliente/esp_http_client/main/esp_http_client_example.c:1196:5: warning: data definition has no type or storage class
 1196 |     evaluar(estado);
      |     ^~~~~~~
C:/Users/Ismael/Desktop/Esp32cliente/esp_http_client/main/esp_http_client_example.c:1196:5: error: type defaults to 'int' in declaration of 'evaluar' [-Werror=implicit-int]
C:/Users/Ismael/Desktop/Esp32cliente/esp_http_client/main/esp_http_client_example.c:1196:5: warning: parameter names (without types) in function declaration
C:/Users/Ismael/Desktop/Esp32cliente/esp_http_client/main/esp_http_client_example.c:1196:5: error: conflicting types for 'evaluar'; have 'int()'
C:/Users/Ismael/Desktop/Esp32cliente/esp_http_client/main/esp_http_client_example.c:53:6: note: previous definition of 'evaluar' with type 'void(psa_status_t)' {aka 'void(long int)'}
   53 | void evaluar(psa_status_t estado)
      |      ^~~~~~~
C:/Users/Ismael/Desktop/Esp32cliente/esp_http_client/main/esp_http_client_example.c:1197:5: warning: data definition has no type or storage class
 1197 |     estado = psa_cipher_set_iv(&cifrado2, &iv_s, 16);
      |     ^~~~~~
C:/Users/Ismael/Desktop/Esp32cliente/esp_http_client/main/esp_http_client_example.c:1197:5: error: type defaults to 'int' in declaration of 'estado' [-Werror=implicit-int]
C:/Users/Ismael/Desktop/Esp32cliente/esp_http_client/main/esp_http_client_example.c:1197:5: error: redefinition of 'estado'
C:/Users/Ismael/Desktop/Esp32cliente/esp_http_client/main/esp_http_client_example.c:1026:5: note: previous definition of 'estado' with type 'int'
 1026 |     estado = psa_import_key(&atributo3, compartidaB, sizeof(compartidaB), &comp);
      |     ^~~~~~
C:/Users/Ismael/Desktop/Esp32cliente/esp_http_client/main/esp_http_client_example.c:1197:32: warning: passing argument 1 of 'psa_cipher_set_iv' from incompatible pointer type [-Wincompatible-pointer-types]
 1197 |     estado = psa_cipher_set_iv(&cifrado2, &iv_s, 16);
      |                                ^~~~~~~~~
      |                                |
      |                                int *
In file included from C:/Espressif/frameworks/esp-idf-v5.0.2/components/mbedtls/mbedtls/include/mbedtls/legacy_or_psa.h:104,
                 from C:/Espressif/frameworks/esp-idf-v5.0.2/components/mbedtls/mbedtls/include/mbedtls/x509_crt.h:27,
                 from C:/Espressif/frameworks/esp-idf-v5.0.2/components/mbedtls/mbedtls/include/mbedtls/ssl.h:35,
                 from C:/Espressif/frameworks/esp-idf-v5.0.2/components/esp-tls/esp_tls.h:14,
                 from C:/Users/Ismael/Desktop/Esp32cliente/esp_http_client/main/esp_http_client_example.c:21:
C:/Espressif/frameworks/esp-idf-v5.0.2/components/mbedtls/mbedtls/include/psa/crypto.h:1915:56: note: expected 'psa_cipher_operation_t *' {aka 'struct psa_cipher_operation_s *'} but argument is of type 'int *'
 1915 | psa_status_t psa_cipher_set_iv(psa_cipher_operation_t *operation,
      |                                ~~~~~~~~~~~~~~~~~~~~~~~~^~~~~~~~~
C:/Users/Ismael/Desktop/Esp32cliente/esp_http_client/main/esp_http_client_example.c:1197:43: warning: passing argument 2 of 'psa_cipher_set_iv' from incompatible pointer type [-Wincompatible-pointer-types]
 1197 |     estado = psa_cipher_set_iv(&cifrado2, &iv_s, 16);
      |                                           ^~~~~
      |                                           |
      |                                           uint8_t (*)[16] {aka unsigned char (*)[16]}
In file included from C:/Espressif/frameworks/esp-idf-v5.0.2/components/mbedtls/mbedtls/include/mbedtls/legacy_or_psa.h:104,
                 from C:/Espressif/frameworks/esp-idf-v5.0.2/components/mbedtls/mbedtls/include/mbedtls/x509_crt.h:27,
                 from C:/Espressif/frameworks/esp-idf-v5.0.2/components/mbedtls/mbedtls/include/mbedtls/ssl.h:35,
                 from C:/Espressif/frameworks/esp-idf-v5.0.2/components/esp-tls/esp_tls.h:14,
                 from C:/Users/Ismael/Desktop/Esp32cliente/esp_http_client/main/esp_http_client_example.c:21:
C:/Espressif/frameworks/esp-idf-v5.0.2/components/mbedtls/mbedtls/include/psa/crypto.h:1916:47: note: expected 'const uint8_t *' {aka 'const unsigned char *'} but argument is of type 'uint8_t (*)[16]' {aka 'unsigned char (*)[16]'}
 1916 |                                const uint8_t *iv,
      |                                ~~~~~~~~~~~~~~~^~
C:/Users/Ismael/Desktop/Esp32cliente/esp_http_client/main/esp_http_client_example.c:1197:14: error: initializer element is not constant
 1197 |     estado = psa_cipher_set_iv(&cifrado2, &iv_s, 16);
      |              ^~~~~~~~~~~~~~~~~
C:/Users/Ismael/Desktop/Esp32cliente/esp_http_client/main/esp_http_client_example.c:1198:5: warning: data definition has no type or storage class
 1198 |     evaluar(estado);
      |     ^~~~~~~
C:/Users/Ismael/Desktop/Esp32cliente/esp_http_client/main/esp_http_client_example.c:1198:5: error: type defaults to 'int' in declaration of 'evaluar' [-Werror=implicit-int]
C:/Users/Ismael/Desktop/Esp32cliente/esp_http_client/main/esp_http_client_example.c:1198:5: warning: parameter names (without types) in function declaration
C:/Users/Ismael/Desktop/Esp32cliente/esp_http_client/main/esp_http_client_example.c:1198:5: error: conflicting types for 'evaluar'; have 'int()'
C:/Users/Ismael/Desktop/Esp32cliente/esp_http_client/main/esp_http_client_example.c:53:6: note: previous definition of 'evaluar' with type 'void(psa_status_t)' {aka 'void(long int)'}
   53 | void evaluar(psa_status_t estado)
      |      ^~~~~~~
C:/Users/Ismael/Desktop/Esp32cliente/esp_http_client/main/esp_http_client_example.c:1200:5: warning: data definition has no type or storage class
 1200 |     estado = psa_cipher_update(&cifrado, mensaje, sizeof(mensaje), &llave_aesB, sizeof(llave_aesB), &olenD);
      |     ^~~~~~
C:/Users/Ismael/Desktop/Esp32cliente/esp_http_client/main/esp_http_client_example.c:1200:5: error: type defaults to 'int' in declaration of 'estado' [-Werror=implicit-int]
C:/Users/Ismael/Desktop/Esp32cliente/esp_http_client/main/esp_http_client_example.c:1200:5: error: redefinition of 'estado'
C:/Users/Ismael/Desktop/Esp32cliente/esp_http_client/main/esp_http_client_example.c:1026:5: note: previous definition of 'estado' with type 'int'
 1026 |     estado = psa_import_key(&atributo3, compartidaB, sizeof(compartidaB), &comp);
      |     ^~~~~~
C:/Users/Ismael/Desktop/Esp32cliente/esp_http_client/main/esp_http_client_example.c:1200:69: error: 'llave_aesB' undeclared here (not in a function)
 1200 |     estado = psa_cipher_update(&cifrado, mensaje, sizeof(mensaje), &llave_aesB, sizeof(llave_aesB), &olenD);
      |                                                                     ^~~~~~~~~~
C:/Users/Ismael/Desktop/Esp32cliente/esp_http_client/main/esp_http_client_example.c:1200:32: warning: passing argument 1 of 'psa_cipher_update' from incompatible pointer type [-Wincompatible-pointer-types]
 1200 |     estado = psa_cipher_update(&cifrado, mensaje, sizeof(mensaje), &llave_aesB, sizeof(llave_aesB), &olenD);
      |                                ^~~~~~~~
      |                                |
      |                                int *
In file included from C:/Espressif/frameworks/esp-idf-v5.0.2/components/mbedtls/mbedtls/include/mbedtls/legacy_or_psa.h:104,
                 from C:/Espressif/frameworks/esp-idf-v5.0.2/components/mbedtls/mbedtls/include/mbedtls/x509_crt.h:27,
                 from C:/Espressif/frameworks/esp-idf-v5.0.2/components/mbedtls/mbedtls/include/mbedtls/ssl.h:35,
                 from C:/Espressif/frameworks/esp-idf-v5.0.2/components/esp-tls/esp_tls.h:14,
                 from C:/Users/Ismael/Desktop/Esp32cliente/esp_http_client/main/esp_http_client_example.c:21:
C:/Espressif/frameworks/esp-idf-v5.0.2/components/mbedtls/mbedtls/include/psa/crypto.h:1956:56: note: expected 'psa_cipher_operation_t *' {aka 'struct psa_cipher_operation_s *'} but argument is of type 'int *'
 1956 | psa_status_t psa_cipher_update(psa_cipher_operation_t *operation,
      |                                ~~~~~~~~~~~~~~~~~~~~~~~~^~~~~~~~~
C:/Users/Ismael/Desktop/Esp32cliente/esp_http_client/main/esp_http_client_example.c:1202:5: warning: data definition has no type or storage class
 1202 |     estado = psa_cipher_finish(&cifrado, &llave_aesB, sizeof(llave_aesB), &olenD);
      |     ^~~~~~
C:/Users/Ismael/Desktop/Esp32cliente/esp_http_client/main/esp_http_client_example.c:1202:5: error: type defaults to 'int' in declaration of 'estado' [-Werror=implicit-int]
C:/Users/Ismael/Desktop/Esp32cliente/esp_http_client/main/esp_http_client_example.c:1202:5: error: redefinition of 'estado'
C:/Users/Ismael/Desktop/Esp32cliente/esp_http_client/main/esp_http_client_example.c:1026:5: note: previous definition of 'estado' with type 'int'
 1026 |     estado = psa_import_key(&atributo3, compartidaB, sizeof(compartidaB), &comp);
      |     ^~~~~~
C:/Users/Ismael/Desktop/Esp32cliente/esp_http_client/main/esp_http_client_example.c:1202:32: warning: passing argument 1 of 'psa_cipher_finish' from incompatible pointer type [-Wincompatible-pointer-types]
 1202 |     estado = psa_cipher_finish(&cifrado, &llave_aesB, sizeof(llave_aesB), &olenD);
      |                                ^~~~~~~~
      |                                |
      |                                int *
In file included from C:/Espressif/frameworks/esp-idf-v5.0.2/components/mbedtls/mbedtls/include/mbedtls/legacy_or_psa.h:104,
                 from C:/Espressif/frameworks/esp-idf-v5.0.2/components/mbedtls/mbedtls/include/mbedtls/x509_crt.h:27,
                 from C:/Espressif/frameworks/esp-idf-v5.0.2/components/mbedtls/mbedtls/include/mbedtls/ssl.h:35,
                 from C:/Espressif/frameworks/esp-idf-v5.0.2/components/esp-tls/esp_tls.h:14,
                 from C:/Users/Ismael/Desktop/Esp32cliente/esp_http_client/main/esp_http_client_example.c:21:
C:/Espressif/frameworks/esp-idf-v5.0.2/components/mbedtls/mbedtls/include/psa/crypto.h:2008:56: note: expected 'psa_cipher_operation_t *' {aka 'struct psa_cipher_operation_s *'} but argument is of type 'int *'
 2008 | psa_status_t psa_cipher_finish(psa_cipher_operation_t *operation,
      |                                ~~~~~~~~~~~~~~~~~~~~~~~~^~~~~~~~~
C:/Users/Ismael/Desktop/Esp32cliente/esp_http_client/main/esp_http_client_example.c:1203:5: warning: data definition has no type or storage class
 1203 |     evaluar(estado);
      |     ^~~~~~~
C:/Users/Ismael/Desktop/Esp32cliente/esp_http_client/main/esp_http_client_example.c:1203:5: error: type defaults to 'int' in declaration of 'evaluar' [-Werror=implicit-int]
C:/Users/Ismael/Desktop/Esp32cliente/esp_http_client/main/esp_http_client_example.c:1203:5: warning: parameter names (without types) in function declaration
C:/Users/Ismael/Desktop/Esp32cliente/esp_http_client/main/esp_http_client_example.c:1203:5: error: conflicting types for 'evaluar'; have 'int()'
C:/Users/Ismael/Desktop/Esp32cliente/esp_http_client/main/esp_http_client_example.c:53:6: note: previous definition of 'evaluar' with type 'void(psa_status_t)' {aka 'void(long int)'}
   53 | void evaluar(psa_status_t estado)
      |      ^~~~~~~
C:/Users/Ismael/Desktop/Esp32cliente/esp_http_client/main/esp_http_client_example.c:1206:5: warning: data definition has no type or storage class
 1206 |     estado = psa_cipher_update(&cifrado2, llave_aesB, sizeof(llave_aesB), &descifrado, sizeof(descifrado), &output_lenB);
      |     ^~~~~~
C:/Users/Ismael/Desktop/Esp32cliente/esp_http_client/main/esp_http_client_example.c:1206:5: error: type defaults to 'int' in declaration of 'estado' [-Werror=implicit-int]
C:/Users/Ismael/Desktop/Esp32cliente/esp_http_client/main/esp_http_client_example.c:1206:5: error: redefinition of 'estado'
C:/Users/Ismael/Desktop/Esp32cliente/esp_http_client/main/esp_http_client_example.c:1026:5: note: previous definition of 'estado' with type 'int'
 1026 |     estado = psa_import_key(&atributo3, compartidaB, sizeof(compartidaB), &comp);
      |     ^~~~~~
C:/Users/Ismael/Desktop/Esp32cliente/esp_http_client/main/esp_http_client_example.c:1206:109: error: 'output_lenB' undeclared here (not in a function)
 1206 |     estado = psa_cipher_update(&cifrado2, llave_aesB, sizeof(llave_aesB), &descifrado, sizeof(descifrado), &output_lenB);
      |                                                                                                             ^~~~~~~~~~~
C:/Users/Ismael/Desktop/Esp32cliente/esp_http_client/main/esp_http_client_example.c:1206:32: warning: passing argument 1 of 'psa_cipher_update' from incompatible pointer type [-Wincompatible-pointer-types]
 1206 |     estado = psa_cipher_update(&cifrado2, llave_aesB, sizeof(llave_aesB), &descifrado, sizeof(descifrado), &output_lenB);
      |                                ^~~~~~~~~
      |                                |
      |                                int *
In file included from C:/Espressif/frameworks/esp-idf-v5.0.2/components/mbedtls/mbedtls/include/mbedtls/legacy_or_psa.h:104,
                 from C:/Espressif/frameworks/esp-idf-v5.0.2/components/mbedtls/mbedtls/include/mbedtls/x509_crt.h:27,
                 from C:/Espressif/frameworks/esp-idf-v5.0.2/components/mbedtls/mbedtls/include/mbedtls/ssl.h:35,
                 from C:/Espressif/frameworks/esp-idf-v5.0.2/components/esp-tls/esp_tls.h:14,
                 from C:/Users/Ismael/Desktop/Esp32cliente/esp_http_client/main/esp_http_client_example.c:21:
C:/Espressif/frameworks/esp-idf-v5.0.2/components/mbedtls/mbedtls/include/psa/crypto.h:1956:56: note: expected 'psa_cipher_operation_t *' {aka 'struct psa_cipher_operation_s *'} but argument is of type 'int *'
 1956 | psa_status_t psa_cipher_update(psa_cipher_operation_t *operation,
      |                                ~~~~~~~~~~~~~~~~~~~~~~~~^~~~~~~~~
C:/Users/Ismael/Desktop/Esp32cliente/esp_http_client/main/esp_http_client_example.c:1206:75: warning: passing argument 4 of 'psa_cipher_update' from incompatible pointer type [-Wincompatible-pointer-types]
 1206 |     estado = psa_cipher_update(&cifrado2, llave_aesB, sizeof(llave_aesB), &descifrado, sizeof(descifrado), &output_lenB);
      |                                                                           ^~~~~~~~~~~
      |                                                                           |
      |                                                                           uint8_t (*)[33] {aka unsigned char (*)[33]}
In file included from C:/Espressif/frameworks/esp-idf-v5.0.2/components/mbedtls/mbedtls/include/mbedtls/legacy_or_psa.h:104,
                 from C:/Espressif/frameworks/esp-idf-v5.0.2/components/mbedtls/mbedtls/include/mbedtls/x509_crt.h:27,
                 from C:/Espressif/frameworks/esp-idf-v5.0.2/components/mbedtls/mbedtls/include/mbedtls/ssl.h:35,
                 from C:/Espressif/frameworks/esp-idf-v5.0.2/components/esp-tls/esp_tls.h:14,
                 from C:/Users/Ismael/Desktop/Esp32cliente/esp_http_client/main/esp_http_client_example.c:21:
C:/Espressif/frameworks/esp-idf-v5.0.2/components/mbedtls/mbedtls/include/psa/crypto.h:1959:41: note: expected 'uint8_t *' {aka 'unsigned char *'} but argument is of type 'uint8_t (*)[33]' {aka 'unsigned char (*)[33]'}
 1959 |                                uint8_t *output,
      |                                ~~~~~~~~~^~~~~~
C:/Users/Ismael/Desktop/Esp32cliente/esp_http_client/main/esp_http_client_example.c:1207:5: warning: data definition has no type or storage class
 1207 |     evaluar(estado);
      |     ^~~~~~~
C:/Users/Ismael/Desktop/Esp32cliente/esp_http_client/main/esp_http_client_example.c:1207:5: error: type defaults to 'int' in declaration of 'evaluar' [-Werror=implicit-int]
C:/Users/Ismael/Desktop/Esp32cliente/esp_http_client/main/esp_http_client_example.c:1207:5: warning: parameter names (without types) in function declaration
C:/Users/Ismael/Desktop/Esp32cliente/esp_http_client/main/esp_http_client_example.c:1207:5: error: conflicting types for 'evaluar'; have 'int()'
C:/Users/Ismael/Desktop/Esp32cliente/esp_http_client/main/esp_http_client_example.c:53:6: note: previous definition of 'evaluar' with type 'void(psa_status_t)' {aka 'void(long int)'}
   53 | void evaluar(psa_status_t estado)
      |      ^~~~~~~
C:/Users/Ismael/Desktop/Esp32cliente/esp_http_client/main/esp_http_client_example.c:1208:5: warning: data definition has no type or storage class
 1208 |     estado = psa_cipher_finish(&cifrado2, &descifrado, sizeof(descifrado), &output_lenB);
      |     ^~~~~~
C:/Users/Ismael/Desktop/Esp32cliente/esp_http_client/main/esp_http_client_example.c:1208:5: error: type defaults to 'int' in declaration of 'estado' [-Werror=implicit-int]
C:/Users/Ismael/Desktop/Esp32cliente/esp_http_client/main/esp_http_client_example.c:1208:5: error: redefinition of 'estado'
C:/Users/Ismael/Desktop/Esp32cliente/esp_http_client/main/esp_http_client_example.c:1026:5: note: previous definition of 'estado' with type 'int'
 1026 |     estado = psa_import_key(&atributo3, compartidaB, sizeof(compartidaB), &comp);
      |     ^~~~~~
C:/Users/Ismael/Desktop/Esp32cliente/esp_http_client/main/esp_http_client_example.c:1208:32: warning: passing argument 1 of 'psa_cipher_finish' from incompatible pointer type [-Wincompatible-pointer-types]
 1208 |     estado = psa_cipher_finish(&cifrado2, &descifrado, sizeof(descifrado), &output_lenB);
      |                                ^~~~~~~~~
      |                                |
      |                                int *
In file included from C:/Espressif/frameworks/esp-idf-v5.0.2/components/mbedtls/mbedtls/include/mbedtls/legacy_or_psa.h:104,
                 from C:/Espressif/frameworks/esp-idf-v5.0.2/components/mbedtls/mbedtls/include/mbedtls/x509_crt.h:27,
                 from C:/Espressif/frameworks/esp-idf-v5.0.2/components/mbedtls/mbedtls/include/mbedtls/ssl.h:35,
                 from C:/Espressif/frameworks/esp-idf-v5.0.2/components/esp-tls/esp_tls.h:14,
                 from C:/Users/Ismael/Desktop/Esp32cliente/esp_http_client/main/esp_http_client_example.c:21:
C:/Espressif/frameworks/esp-idf-v5.0.2/components/mbedtls/mbedtls/include/psa/crypto.h:2008:56: note: expected 'psa_cipher_operation_t *' {aka 'struct psa_cipher_operation_s *'} but argument is of type 'int *'
 2008 | psa_status_t psa_cipher_finish(psa_cipher_operation_t *operation,
      |                                ~~~~~~~~~~~~~~~~~~~~~~~~^~~~~~~~~
C:/Users/Ismael/Desktop/Esp32cliente/esp_http_client/main/esp_http_client_example.c:1208:43: warning: passing argument 2 of 'psa_cipher_finish' from incompatible pointer type [-Wincompatible-pointer-types]
 1208 |     estado = psa_cipher_finish(&cifrado2, &descifrado, sizeof(descifrado), &output_lenB);
      |                                           ^~~~~~~~~~~
      |                                           |
      |                                           uint8_t (*)[33] {aka unsigned char (*)[33]}
In file included from C:/Espressif/frameworks/esp-idf-v5.0.2/components/mbedtls/mbedtls/include/mbedtls/legacy_or_psa.h:104,
                 from C:/Espressif/frameworks/esp-idf-v5.0.2/components/mbedtls/mbedtls/include/mbedtls/x509_crt.h:27,
                 from C:/Espressif/frameworks/esp-idf-v5.0.2/components/mbedtls/mbedtls/include/mbedtls/ssl.h:35,
                 from C:/Espressif/frameworks/esp-idf-v5.0.2/components/esp-tls/esp_tls.h:14,
                 from C:/Users/Ismael/Desktop/Esp32cliente/esp_http_client/main/esp_http_client_example.c:21:
C:/Espressif/frameworks/esp-idf-v5.0.2/components/mbedtls/mbedtls/include/psa/crypto.h:2009:41: note: expected 'uint8_t *' {aka 'unsigned char *'} but argument is of type 'uint8_t (*)[33]' {aka 'unsigned char (*)[33]'}
 2009 |                                uint8_t *output,
      |                                ~~~~~~~~~^~~~~~
C:/Users/Ismael/Desktop/Esp32cliente/esp_http_client/main/esp_http_client_example.c:1209:5: warning: data definition has no type or storage class
 1209 |     evaluar(estado);
      |     ^~~~~~~
C:/Users/Ismael/Desktop/Esp32cliente/esp_http_client/main/esp_http_client_example.c:1209:5: error: type defaults to 'int' in declaration of 'evaluar' [-Werror=implicit-int]
C:/Users/Ismael/Desktop/Esp32cliente/esp_http_client/main/esp_http_client_example.c:1209:5: warning: parameter names (without types) in function declaration
C:/Users/Ismael/Desktop/Esp32cliente/esp_http_client/main/esp_http_client_example.c:1209:5: error: conflicting types for 'evaluar'; have 'int()'
C:/Users/Ismael/Desktop/Esp32cliente/esp_http_client/main/esp_http_client_example.c:53:6: note: previous definition of 'evaluar' with type 'void(psa_status_t)' {aka 'void(long int)'}
   53 | void evaluar(psa_status_t estado)
      |      ^~~~~~~
C:/Users/Ismael/Desktop/Esp32cliente/esp_http_client/main/esp_http_client_example.c:1213:5: error: expected identifier or '(' before 'for'
 1213 |     for (int i = 0; i < sizeof(llave_aesB); i++)
      |     ^~~
C:/Users/Ismael/Desktop/Esp32cliente/esp_http_client/main/esp_http_client_example.c:1213:23: error: expected '=', ',', ';', 'asm' or '__attribute__' before '<' token
 1213 |     for (int i = 0; i < sizeof(llave_aesB); i++)
      |                       ^
C:/Users/Ismael/Desktop/Esp32cliente/esp_http_client/main/esp_http_client_example.c:1213:46: error: expected '=', ',', ';', 'asm' or '__attribute__' before '++' token
 1213 |     for (int i = 0; i < sizeof(llave_aesB); i++)
      |                                              ^~
C:/Users/Ismael/Desktop/Esp32cliente/esp_http_client/main/esp_http_client_example.c:1217:5: error: expected identifier or '(' before 'for'
 1217 |     for (int i = 0; i < sizeof(llave_aesB); i++)
      |     ^~~
C:/Users/Ismael/Desktop/Esp32cliente/esp_http_client/main/esp_http_client_example.c:1217:23: error: expected '=', ',', ';', 'asm' or '__attribute__' before '<' token
 1217 |     for (int i = 0; i < sizeof(llave_aesB); i++)
      |                       ^
C:/Users/Ismael/Desktop/Esp32cliente/esp_http_client/main/esp_http_client_example.c:1217:46: error: expected '=', ',', ';', 'asm' or '__attribute__' before '++' token
 1217 |     for (int i = 0; i < sizeof(llave_aesB); i++)
      |                                              ^~
C:/Users/Ismael/Desktop/Esp32cliente/esp_http_client/main/esp_http_client_example.c:1221:12: error: expected declaration specifiers or '...' before string constant
 1221 |     printf("\n");
      |            ^~~~
C:/Users/Ismael/Desktop/Esp32cliente/esp_http_client/main/esp_http_client_example.c:1222:12: error: expected declaration specifiers or '...' before string constant
 1222 |     printf("\nCIfrado:%s", clave_publica_hex4);
      |            ^~~~~~~~~~~~~~
C:/Users/Ismael/Desktop/Esp32cliente/esp_http_client/main/esp_http_client_example.c:1222:28: error: expected declaration specifiers or '...' before 'clave_publica_hex4'
 1222 |     printf("\nCIfrado:%s", clave_publica_hex4);
      |                            ^~~~~~~~~~~~~~~~~~
C:/Users/Ismael/Desktop/Esp32cliente/esp_http_client/main/esp_http_client_example.c:1226:5: error: expected identifier or '(' before 'for'
 1226 |     for (int i = 0; i < sizeof(descifrado); i++)
      |     ^~~
C:/Users/Ismael/Desktop/Esp32cliente/esp_http_client/main/esp_http_client_example.c:1226:23: error: expected '=', ',', ';', 'asm' or '__attribute__' before '<' token
 1226 |     for (int i = 0; i < sizeof(descifrado); i++)
      |                       ^
C:/Users/Ismael/Desktop/Esp32cliente/esp_http_client/main/esp_http_client_example.c:1226:46: error: expected '=', ',', ';', 'asm' or '__attribute__' before '++' token
 1226 |     for (int i = 0; i < sizeof(descifrado); i++)
      |                                              ^~
C:/Users/Ismael/Desktop/Esp32cliente/esp_http_client/main/esp_http_client_example.c:1230:5: error: expected identifier or '(' before 'for'
 1230 |     for (int i = 0; i < sizeof(descifrado); i++)
      |     ^~~
C:/Users/Ismael/Desktop/Esp32cliente/esp_http_client/main/esp_http_client_example.c:1230:23: error: expected '=', ',', ';', 'asm' or '__attribute__' before '<' token
 1230 |     for (int i = 0; i < sizeof(descifrado); i++)
      |                       ^
C:/Users/Ismael/Desktop/Esp32cliente/esp_http_client/main/esp_http_client_example.c:1230:46: error: expected '=', ',', ';', 'asm' or '__attribute__' before '++' token
 1230 |     for (int i = 0; i < sizeof(descifrado); i++)
      |                                              ^~
C:/Users/Ismael/Desktop/Esp32cliente/esp_http_client/main/esp_http_client_example.c:1236:5: error: expected identifier or '(' before 'for'
 1236 |     for (int i = 0; i < PSA_CIPHER_IV_LENGTH(PSA_KEY_TYPE_AES, PSA_ALG_CTR); i++)
      |     ^~~
C:/Users/Ismael/Desktop/Esp32cliente/esp_http_client/main/esp_http_client_example.c:1236:23: error: expected '=', ',', ';', 'asm' or '__attribute__' before '<' token
 1236 |     for (int i = 0; i < PSA_CIPHER_IV_LENGTH(PSA_KEY_TYPE_AES, PSA_ALG_CTR); i++)
      |                       ^
C:/Users/Ismael/Desktop/Esp32cliente/esp_http_client/main/esp_http_client_example.c:1236:79: error: expected '=', ',', ';', 'asm' or '__attribute__' before '++' token
 1236 |     for (int i = 0; i < PSA_CIPHER_IV_LENGTH(PSA_KEY_TYPE_AES, PSA_ALG_CTR); i++)
      |                                                                               ^~
C:/Users/Ismael/Desktop/Esp32cliente/esp_http_client/main/esp_http_client_example.c:1240:5: error: expected identifier or '(' before 'for'
 1240 |     for (int i = 0; i < sizeof(iv_s); i++)
      |     ^~~
C:/Users/Ismael/Desktop/Esp32cliente/esp_http_client/main/esp_http_client_example.c:1240:23: error: expected '=', ',', ';', 'asm' or '__attribute__' before '<' token
 1240 |     for (int i = 0; i < sizeof(iv_s); i++)
      |                       ^
C:/Users/Ismael/Desktop/Esp32cliente/esp_http_client/main/esp_http_client_example.c:1240:40: error: expected '=', ',', ';', 'asm' or '__attribute__' before '++' token
 1240 |     for (int i = 0; i < sizeof(iv_s); i++)
      |                                        ^~
C:/Users/Ismael/Desktop/Esp32cliente/esp_http_client/main/esp_http_client_example.c:1244:12: error: expected declaration specifiers or '...' before string constant
 1244 |     printf("\n");
      |            ^~~~
C:/Users/Ismael/Desktop/Esp32cliente/esp_http_client/main/esp_http_client_example.c:1245:5: error: expected identifier or '(' before 'for'
 1245 |     for (int i = 0; i < sizeof(iv_s); i++)
      |     ^~~
C:/Users/Ismael/Desktop/Esp32cliente/esp_http_client/main/esp_http_client_example.c:1245:23: error: expected '=', ',', ';', 'asm' or '__attribute__' before '<' token
 1245 |     for (int i = 0; i < sizeof(iv_s); i++)
      |                       ^
C:/Users/Ismael/Desktop/Esp32cliente/esp_http_client/main/esp_http_client_example.c:1245:40: error: expected '=', ',', ';', 'asm' or '__attribute__' before '++' token
 1245 |     for (int i = 0; i < sizeof(iv_s); i++)
      |                                        ^~
C:/Users/Ismael/Desktop/Esp32cliente/esp_http_client/main/esp_http_client_example.c:1249:12: error: expected declaration specifiers or '...' before string constant
 1249 |     printf("\n");
      |            ^~~~
C:/Users/Ismael/Desktop/Esp32cliente/esp_http_client/main/esp_http_client_example.c:1250:12: error: expected declaration specifiers or '...' before string constant
 1250 |     printf("\nIV:%s", clave_publica_hex6);
      |            ^~~~~~~~~
C:/Users/Ismael/Desktop/Esp32cliente/esp_http_client/main/esp_http_client_example.c:1250:23: error: expected declaration specifiers or '...' before 'clave_publica_hex6'
 1250 |     printf("\nIV:%s", clave_publica_hex6);
      |                       ^~~~~~~~~~~~~~~~~~
C:/Users/Ismael/Desktop/Esp32cliente/esp_http_client/main/esp_http_client_example.c:1252:12: error: expected declaration specifiers or '...' before string constant
 1252 |     printf("\n");
      |            ^~~~
C:/Users/Ismael/Desktop/Esp32cliente/esp_http_client/main/esp_http_client_example.c:1253:12: error: expected declaration specifiers or '...' before string constant
 1253 |     printf("\nDescifrado:%s", clave_publica_hex5);
      |            ^~~~~~~~~~~~~~~~~
C:/Users/Ismael/Desktop/Esp32cliente/esp_http_client/main/esp_http_client_example.c:1253:31: error: expected declaration specifiers or '...' before 'clave_publica_hex5'
 1253 |     printf("\nDescifrado:%s", clave_publica_hex5);
      |                               ^~~~~~~~~~~~~~~~~~
C:/Users/Ismael/Desktop/Esp32cliente/esp_http_client/main/esp_http_client_example.c:1255:26: error: initializer element is not constant
 1255 |     cJSON *jsonObject4 = cJSON_CreateObject();
      |                          ^~~~~~~~~~~~~~~~~~
C:/Users/Ismael/Desktop/Esp32cliente/esp_http_client/main/esp_http_client_example.c:1256:41: error: expected ')' before string constant
 1256 |     cJSON_AddStringToObject(jsonObject4, "msg", clave_publica_hex4);
      |                                         ^~~~~~
      |                                         )
C:/Users/Ismael/Desktop/Esp32cliente/esp_http_client/main/esp_http_client_example.c:1258:23: error: initializer element is not constant
 1258 |     char *jsonData4 = cJSON_PrintUnformatted(jsonObject4);
      |                       ^~~~~~~~~~~~~~~~~~~~~~
C:/Users/Ismael/Desktop/Esp32cliente/esp_http_client/main/esp_http_client_example.c:1260:36: error: expected ')' before string constant
 1260 |     esp_http_client_set_url(client, "http://192.168.1.102:80/cifrado");
      |                                    ^~~~~~~~~~~~~~~~~~~~~~~~~~~~~~~~~~
      |                                    )
C:/Users/Ismael/Desktop/Esp32cliente/esp_http_client/main/esp_http_client_example.c:1261:5: warning: data definition has no type or storage class
 1261 |     esp_http_client_set_method(client, HTTP_METHOD_POST);
      |     ^~~~~~~~~~~~~~~~~~~~~~~~~~
C:/Users/Ismael/Desktop/Esp32cliente/esp_http_client/main/esp_http_client_example.c:1261:5: error: type defaults to 'int' in declaration of 'esp_http_client_set_method' [-Werror=implicit-int]
C:/Users/Ismael/Desktop/Esp32cliente/esp_http_client/main/esp_http_client_example.c:1261:5: warning: parameter names (without types) in function declaration
C:/Users/Ismael/Desktop/Esp32cliente/esp_http_client/main/esp_http_client_example.c:1262:39: error: expected ')' before string constant
 1262 |     esp_http_client_set_header(client, "X-Server-ID", "esp1");
      |                                       ^~~~~~~~~~~~~~
      |                                       )
C:/Users/Ismael/Desktop/Esp32cliente/esp_http_client/main/esp_http_client_example.c:1263:39: error: expected ')' before string constant
 1263 |     esp_http_client_set_header(client, "Content-Type", "application/json");
      |                                       ^~~~~~~~~~~~~~~
      |                                       )
C:/Users/Ismael/Desktop/Esp32cliente/esp_http_client/main/esp_http_client_example.c:1265:5: warning: data definition has no type or storage class
 1265 |     err = esp_http_client_set_post_field(client, jsonData4, strlen(jsonData4));
      |     ^~~
C:/Users/Ismael/Desktop/Esp32cliente/esp_http_client/main/esp_http_client_example.c:1265:5: error: type defaults to 'int' in declaration of 'err' [-Werror=implicit-int]
C:/Users/Ismael/Desktop/Esp32cliente/esp_http_client/main/esp_http_client_example.c:1265:5: error: redefinition of 'err'
C:/Users/Ismael/Desktop/Esp32cliente/esp_http_client/main/esp_http_client_example.c:858:5: note: previous definition of 'err' with type 'int'
  858 |     err = esp_http_client_set_post_field(client, jsonData2, strlen(jsonData2));
      |     ^~~
In file included from C:/Users/Ismael/Desktop/Esp32cliente/esp_http_client/main/esp_http_client_example.c:15:
C:/Espressif/frameworks/esp-idf-v5.0.2/components/log/include/esp_log.h:431:54: error: expected identifier or '(' before 'do'
  431 | #define ESP_LOG_LEVEL_LOCAL(level, tag, format, ...) do {               \
      |                                                      ^~
C:/Espressif/frameworks/esp-idf-v5.0.2/components/log/include/esp_log.h:340:38: note: in expansion of macro 'ESP_LOG_LEVEL_LOCAL'
  340 | #define ESP_LOGE( tag, format, ... ) ESP_LOG_LEVEL_LOCAL(ESP_LOG_ERROR,   tag, format, ##__VA_ARGS__)
      |                                      ^~~~~~~~~~~~~~~~~~~
C:/Users/Ismael/Desktop/Esp32cliente/esp_http_client/main/esp_http_client_example.c:1266:5: note: in expansion of macro 'ESP_LOGE'
 1266 |     ESP_LOGE(TAG, " %s", esp_err_to_name(err));
      |     ^~~~~~~~
C:/Espressif/frameworks/esp-idf-v5.0.2/components/log/include/esp_log.h:433:7: error: expected identifier or '(' before 'while'
  433 |     } while(0)
      |       ^~~~~
C:/Espressif/frameworks/esp-idf-v5.0.2/components/log/include/esp_log.h:340:38: note: in expansion of macro 'ESP_LOG_LEVEL_LOCAL'
  340 | #define ESP_LOGE( tag, format, ... ) ESP_LOG_LEVEL_LOCAL(ESP_LOG_ERROR,   tag, format, ##__VA_ARGS__)
      |                                      ^~~~~~~~~~~~~~~~~~~
C:/Users/Ismael/Desktop/Esp32cliente/esp_http_client/main/esp_http_client_example.c:1266:5: note: in expansion of macro 'ESP_LOGE'
 1266 |     ESP_LOGE(TAG, " %s", esp_err_to_name(err));
      |     ^~~~~~~~
C:/Users/Ismael/Desktop/Esp32cliente/esp_http_client/main/esp_http_client_example.c:1267:5: warning: data definition has no type or storage class
 1267 |     err = esp_http_client_perform(client);
      |     ^~~
C:/Users/Ismael/Desktop/Esp32cliente/esp_http_client/main/esp_http_client_example.c:1267:5: error: type defaults to 'int' in declaration of 'err' [-Werror=implicit-int]
C:/Users/Ismael/Desktop/Esp32cliente/esp_http_client/main/esp_http_client_example.c:1267:5: error: redefinition of 'err'
C:/Users/Ismael/Desktop/Esp32cliente/esp_http_client/main/esp_http_client_example.c:858:5: note: previous definition of 'err' with type 'int'
  858 |     err = esp_http_client_set_post_field(client, jsonData2, strlen(jsonData2));
      |     ^~~
C:/Users/Ismael/Desktop/Esp32cliente/esp_http_client/main/esp_http_client_example.c:1268:5: error: expected identifier or '(' before 'if'
 1268 |     if (err == ESP_OK)
      |     ^~
C:/Users/Ismael/Desktop/Esp32cliente/esp_http_client/main/esp_http_client_example.c:1274:5: error: expected identifier or '(' before 'else'
 1274 |     else
      |     ^~~~
C:/Users/Ismael/Desktop/Esp32cliente/esp_http_client/main/esp_http_client_example.c:1280:38: error: expected ')' before string constant
 1280 |     esp_http_client_set_url(cliente2, "http://192.168.1.102:80/descifrado");
      |                                      ^~~~~~~~~~~~~~~~~~~~~~~~~~~~~~~~~~~~~
      |                                      )
C:/Users/Ismael/Desktop/Esp32cliente/esp_http_client/main/esp_http_client_example.c:1281:41: error: expected ')' before string constant
 1281 |     esp_http_client_set_header(cliente2, "X-Server-ID", "esp1");
      |                                         ^~~~~~~~~~~~~~
      |                                         )
C:/Users/Ismael/Desktop/Esp32cliente/esp_http_client/main/esp_http_client_example.c:1283:5: warning: data definition has no type or storage class
 1283 |     esp_http_client_set_method(cliente2, HTTP_METHOD_GET);
      |     ^~~~~~~~~~~~~~~~~~~~~~~~~~
C:/Users/Ismael/Desktop/Esp32cliente/esp_http_client/main/esp_http_client_example.c:1283:5: error: type defaults to 'int' in declaration of 'esp_http_client_set_method' [-Werror=implicit-int]
C:/Users/Ismael/Desktop/Esp32cliente/esp_http_client/main/esp_http_client_example.c:1283:5: warning: parameter names (without types) in function declaration
C:/Users/Ismael/Desktop/Esp32cliente/esp_http_client/main/esp_http_client_example.c:1284:5: warning: data definition has no type or storage class
 1284 |     err = esp_http_client_perform(cliente2);
      |     ^~~
C:/Users/Ismael/Desktop/Esp32cliente/esp_http_client/main/esp_http_client_example.c:1284:5: error: type defaults to 'int' in declaration of 'err' [-Werror=implicit-int]
C:/Users/Ismael/Desktop/Esp32cliente/esp_http_client/main/esp_http_client_example.c:1284:5: error: redefinition of 'err'
C:/Users/Ismael/Desktop/Esp32cliente/esp_http_client/main/esp_http_client_example.c:858:5: note: previous definition of 'err' with type 'int'
  858 |     err = esp_http_client_set_post_field(client, jsonData2, strlen(jsonData2));
      |     ^~~
C:/Users/Ismael/Desktop/Esp32cliente/esp_http_client/main/esp_http_client_example.c:1284:11: error: initializer element is not constant
 1284 |     err = esp_http_client_perform(cliente2);
      |           ^~~~~~~~~~~~~~~~~~~~~~~
C:/Users/Ismael/Desktop/Esp32cliente/esp_http_client/main/esp_http_client_example.c:1286:5: error: expected identifier or '(' before 'if'
 1286 |     if (err == ESP_OK)
      |     ^~
C:/Users/Ismael/Desktop/Esp32cliente/esp_http_client/main/esp_http_client_example.c:1359:1: error: expected identifier or '(' before '}' token
 1359 | }
      | ^
cc1.exe: some warnings being treated as errors
ninja: build stopped: subcommand failed.
