[1/9] Performing build step for 'bootloader'
[1/1] cmd.exe /C "cd /D C:\Users\Ismael\Desktop\Esp32cliente\esp_http_client\build\bootloader\esp-idf\esptool_py && C:\Espressif\python_env\idf5.0_py3.11_env\Scripts\python.exe C:/Espressif/frameworks/esp-idf-v5.0.2/components/partition_table/check_sizes.py --offset 0x8000 bootloader 0x1000 C:/Users/Ismael/Desktop/Esp32cliente/esp_http_client/build/bootloader/bootloader.bin"
Bootloader binary size 0x66f0 bytes. 0x910 bytes (8%) free.
[2/7] Building C object esp-idf/main/CMakeFiles/__idf_main.dir/esp_http_client_example.c.obj
FAILED: esp-idf/main/CMakeFiles/__idf_main.dir/esp_http_client_example.c.obj 
ccache C:\Espressif\tools\xtensa-esp32-elf\esp-2022r1-11.2.0\xtensa-esp32-elf\bin\xtensa-esp32-elf-gcc.exe -DMBEDTLS_CONFIG_FILE=\"mbedtls/esp_config.h\" -DSOC_MMU_PAGE_SIZE=CONFIG_MMU_PAGE_SIZE -DUNITY_INCLUDE_CONFIG_H -IC:/Users/Ismael/Desktop/Esp32cliente/esp_http_client/build/config -IC:/Users/Ismael/Desktop/Esp32cliente/esp_http_client/main -IC:/Espressif/frameworks/esp-idf-v5.0.2/components/newlib/platform_include -IC:/Espressif/frameworks/esp-idf-v5.0.2/components/freertos/FreeRTOS-Kernel/include -IC:/Espressif/frameworks/esp-idf-v5.0.2/components/freertos/esp_additions/include/freertos -IC:/Espressif/frameworks/esp-idf-v5.0.2/components/freertos/FreeRTOS-Kernel/portable/xtensa/include -IC:/Espressif/frameworks/esp-idf-v5.0.2/components/freertos/esp_additions/include -IC:/Espressif/frameworks/esp-idf-v5.0.2/components/esp_hw_support/include -IC:/Espressif/frameworks/esp-idf-v5.0.2/components/esp_hw_support/include/soc -IC:/Espressif/frameworks/esp-idf-v5.0.2/components/esp_hw_support/include/soc/esp32 -IC:/Espressif/frameworks/esp-idf-v5.0.2/components/esp_hw_support/port/esp32/. -IC:/Espressif/frameworks/esp-idf-v5.0.2/components/esp_hw_support/port/esp32/private_include -IC:/Espressif/frameworks/esp-idf-v5.0.2/components/heap/include -IC:/Espressif/frameworks/esp-idf-v5.0.2/components/log/include -IC:/Espressif/frameworks/esp-idf-v5.0.2/components/soc/include -IC:/Espressif/frameworks/esp-idf-v5.0.2/components/soc/esp32/. -IC:/Espressif/frameworks/esp-idf-v5.0.2/components/soc/esp32/include -IC:/Espressif/frameworks/esp-idf-v5.0.2/components/hal/esp32/include -IC:/Espressif/frameworks/esp-idf-v5.0.2/components/hal/include -IC:/Espressif/frameworks/esp-idf-v5.0.2/components/hal/platform_port/include -IC:/Espressif/frameworks/esp-idf-v5.0.2/components/esp_rom/include -IC:/Espressif/frameworks/esp-idf-v5.0.2/components/esp_rom/include/esp32 -IC:/Espressif/frameworks/esp-idf-v5.0.2/components/esp_rom/esp32 -IC:/Espressif/frameworks/esp-idf-v5.0.2/components/esp_common/include -IC:/Espressif/frameworks/esp-idf-v5.0.2/components/esp_system/include -IC:/Espressif/frameworks/esp-idf-v5.0.2/components/esp_system/port/soc -IC:/Espressif/frameworks/esp-idf-v5.0.2/components/esp_system/port/include/private -IC:/Espressif/frameworks/esp-idf-v5.0.2/components/xtensa/include -IC:/Espressif/frameworks/esp-idf-v5.0.2/components/xtensa/esp32/include -IC:/Espressif/frameworks/esp-idf-v5.0.2/components/lwip/include -IC:/Espressif/frameworks/esp-idf-v5.0.2/components/lwip/include/apps -IC:/Espressif/frameworks/esp-idf-v5.0.2/components/lwip/include/apps/sntp -IC:/Espressif/frameworks/esp-idf-v5.0.2/components/lwip/lwip/src/include -IC:/Espressif/frameworks/esp-idf-v5.0.2/components/lwip/port/esp32/include -IC:/Espressif/frameworks/esp-idf-v5.0.2/components/lwip/port/esp32/include/arch -IC:/Espressif/frameworks/esp-idf-v5.0.2/components/esp_ringbuf/include -IC:/Espressif/frameworks/esp-idf-v5.0.2/components/efuse/include -IC:/Espressif/frameworks/esp-idf-v5.0.2/components/efuse/esp32/include -IC:/Espressif/frameworks/esp-idf-v5.0.2/components/driver/include -IC:/Espressif/frameworks/esp-idf-v5.0.2/components/driver/deprecated -IC:/Espressif/frameworks/esp-idf-v5.0.2/components/driver/esp32/include -IC:/Espressif/frameworks/esp-idf-v5.0.2/components/esp_pm/include -IC:/Espressif/frameworks/esp-idf-v5.0.2/components/mbedtls/port/include -IC:/Espressif/frameworks/esp-idf-v5.0.2/components/mbedtls/mbedtls/include -IC:/Espressif/frameworks/esp-idf-v5.0.2/components/mbedtls/mbedtls/library -IC:/Espressif/frameworks/esp-idf-v5.0.2/components/mbedtls/esp_crt_bundle/include -IC:/Espressif/frameworks/esp-idf-v5.0.2/components/esp_app_format/include -IC:/Espressif/frameworks/esp-idf-v5.0.2/components/bootloader_support/include -IC:/Espressif/frameworks/esp-idf-v5.0.2/components/bootloader_support/bootloader_flash/include -IC:/Espressif/frameworks/esp-idf-v5.0.2/components/esp_partition/include -IC:/Espressif/frameworks/esp-idf-v5.0.2/components/app_update/include -IC:/Espressif/frameworks/esp-idf-v5.0.2/components/spi_flash/include -IC:/Espressif/frameworks/esp-idf-v5.0.2/components/pthread/include -IC:/Espressif/frameworks/esp-idf-v5.0.2/components/esp_timer/include -IC:/Espressif/frameworks/esp-idf-v5.0.2/components/app_trace/include -IC:/Espressif/frameworks/esp-idf-v5.0.2/components/esp_event/include -IC:/Espressif/frameworks/esp-idf-v5.0.2/components/nvs_flash/include -IC:/Espressif/frameworks/esp-idf-v5.0.2/components/esp_phy/include -IC:/Espressif/frameworks/esp-idf-v5.0.2/components/esp_phy/esp32/include -IC:/Espressif/frameworks/esp-idf-v5.0.2/components/vfs/include -IC:/Espressif/frameworks/esp-idf-v5.0.2/components/esp_netif/include -IC:/Espressif/frameworks/esp-idf-v5.0.2/components/wpa_supplicant/include -IC:/Espressif/frameworks/esp-idf-v5.0.2/components/wpa_supplicant/port/include -IC:/Espressif/frameworks/esp-idf-v5.0.2/components/wpa_supplicant/esp_supplicant/include -IC:/Espressif/frameworks/esp-idf-v5.0.2/components/esp_wifi/include -IC:/Espressif/frameworks/esp-idf-v5.0.2/components/unity/include -IC:/Espressif/frameworks/esp-idf-v5.0.2/components/unity/unity/src -IC:/Espressif/frameworks/esp-idf-v5.0.2/components/cmock/CMock/src -IC:/Espressif/frameworks/esp-idf-v5.0.2/components/console -IC:/Espressif/frameworks/esp-idf-v5.0.2/components/http_parser -IC:/Espressif/frameworks/esp-idf-v5.0.2/components/esp-tls -IC:/Espressif/frameworks/esp-idf-v5.0.2/components/esp-tls/esp-tls-crypto -IC:/Espressif/frameworks/esp-idf-v5.0.2/components/esp_adc/include -IC:/Espressif/frameworks/esp-idf-v5.0.2/components/esp_adc/interface -IC:/Espressif/frameworks/esp-idf-v5.0.2/components/esp_adc/esp32/include -IC:/Espressif/frameworks/esp-idf-v5.0.2/components/esp_adc/deprecated/include -IC:/Espressif/frameworks/esp-idf-v5.0.2/components/esp_eth/include -IC:/Espressif/frameworks/esp-idf-v5.0.2/components/esp_gdbstub/include -IC:/Espressif/frameworks/esp-idf-v5.0.2/components/esp_gdbstub/xtensa -IC:/Espressif/frameworks/esp-idf-v5.0.2/components/esp_gdbstub/esp32 -IC:/Espressif/frameworks/esp-idf-v5.0.2/components/esp_hid/include -IC:/Espressif/frameworks/esp-idf-v5.0.2/components/tcp_transport/include -IC:/Espressif/frameworks/esp-idf-v5.0.2/components/esp_http_client/include -IC:/Espressif/frameworks/esp-idf-v5.0.2/components/esp_http_server/include -IC:/Espressif/frameworks/esp-idf-v5.0.2/components/esp_https_ota/include -IC:/Espressif/frameworks/esp-idf-v5.0.2/components/esp_lcd/include -IC:/Espressif/frameworks/esp-idf-v5.0.2/components/esp_lcd/interface -IC:/Espressif/frameworks/esp-idf-v5.0.2/components/protobuf-c/protobuf-c -IC:/Espressif/frameworks/esp-idf-v5.0.2/components/protocomm/include/common -IC:/Espressif/frameworks/esp-idf-v5.0.2/components/protocomm/include/security -IC:/Espressif/frameworks/esp-idf-v5.0.2/components/protocomm/include/transports -IC:/Espressif/frameworks/esp-idf-v5.0.2/components/esp_local_ctrl/include -IC:/Espressif/frameworks/esp-idf-v5.0.2/components/esp_psram/include -IC:/Espressif/frameworks/esp-idf-v5.0.2/components/espcoredump/include -IC:/Espressif/frameworks/esp-idf-v5.0.2/components/espcoredump/include/port/xtensa -IC:/Espressif/frameworks/esp-idf-v5.0.2/components/wear_levelling/include -IC:/Espressif/frameworks/esp-idf-v5.0.2/components/sdmmc/include -IC:/Espressif/frameworks/esp-idf-v5.0.2/components/fatfs/diskio -IC:/Espressif/frameworks/esp-idf-v5.0.2/components/fatfs/vfs -IC:/Espressif/frameworks/esp-idf-v5.0.2/components/fatfs/src -IC:/Espressif/frameworks/esp-idf-v5.0.2/components/idf_test/include -IC:/Espressif/frameworks/esp-idf-v5.0.2/components/idf_test/include/esp32 -IC:/Espressif/frameworks/esp-idf-v5.0.2/components/ieee802154/include -IC:/Espressif/frameworks/esp-idf-v5.0.2/components/json/cJSON -IC:/Espressif/frameworks/esp-idf-v5.0.2/components/mqtt/esp-mqtt/include -IC:/Espressif/frameworks/esp-idf-v5.0.2/components/perfmon/include -IC:/Espressif/frameworks/esp-idf-v5.0.2/components/spiffs/include -IC:/Espressif/frameworks/esp-idf-v5.0.2/components/ulp/ulp_common/include -IC:/Espressif/frameworks/esp-idf-v5.0.2/components/ulp/ulp_common/include/esp32 -IC:/Espressif/frameworks/esp-idf-v5.0.2/components/wifi_provisioning/include -IC:/Espressif/frameworks/esp-idf-v5.0.2/examples/common_components/protocol_examples_common/include -mlongcalls -Wno-frame-address  -fdiagnostics-color=always -ffunction-sections -fdata-sections -Wall -Werror=all -Wno-error=unused-function -Wno-error=unused-variable -Wno-error=deprecated-declarations -Wextra -Wno-unused-parameter -Wno-sign-compare -Wno-enum-conversion -gdwarf-4 -ggdb -Og -fmacro-prefix-map=C:/Users/Ismael/Desktop/Esp32cliente/esp_http_client=. -fmacro-prefix-map=C:/Espressif/frameworks/esp-idf-v5.0.2=/IDF -fstrict-volatile-bitfields -Wno-error=unused-but-set-variable -fno-jump-tables -fno-tree-switch-conversion -DconfigENABLE_FREERTOS_DEBUG_OCDAWARE=1 -std=gnu17 -Wno-old-style-declaration -D_GNU_SOURCE -DIDF_VER=\"v5.0.2-dirty\" -DESP_PLATFORM -D_POSIX_READER_WRITER_LOCKS -MD -MT esp-idf/main/CMakeFiles/__idf_main.dir/esp_http_client_example.c.obj -MF esp-idf\main\CMakeFiles\__idf_main.dir\esp_http_client_example.c.obj.d -o esp-idf/main/CMakeFiles/__idf_main.dir/esp_http_client_example.c.obj -c C:/Users/Ismael/Desktop/Esp32cliente/esp_http_client/main/esp_http_client_example.c
C:/Users/Ismael/Desktop/Esp32cliente/esp_http_client/main/esp_http_client_example.c: In function 'calculateHash':
C:/Users/Ismael/Desktop/Esp32cliente/esp_http_client/main/esp_http_client_example.c:226:12: warning: function returns address of local variable [-Wreturn-local-addr]
  226 |     return hash;
      |            ^~~~
C:/Users/Ismael/Desktop/Esp32cliente/esp_http_client/main/esp_http_client_example.c: In function 'http_rest_with_url':
C:/Users/Ismael/Desktop/Esp32cliente/esp_http_client/main/esp_http_client_example.c:449:55: warning: passing argument 2 of 'psa_export_public_key' from incompatible pointer type [-Wincompatible-pointer-types]
  449 |     estado = psa_export_public_key(llave_privada_bob, &llave_publica_bob, sizeof(llave_publica_bob), &olenB);
      |                                                       ^~~~~~~~~~~~~~~~~~
      |                                                       |
      |                                                       uint8_t (*)[65] {aka unsigned char (*)[65]}
In file included from C:/Espressif/frameworks/esp-idf-v5.0.2/components/mbedtls/mbedtls/include/mbedtls/legacy_or_psa.h:104,
                 from C:/Espressif/frameworks/esp-idf-v5.0.2/components/mbedtls/mbedtls/include/mbedtls/x509_crt.h:27,
                 from C:/Espressif/frameworks/esp-idf-v5.0.2/components/mbedtls/mbedtls/include/mbedtls/ssl.h:35,
                 from C:/Espressif/frameworks/esp-idf-v5.0.2/components/esp-tls/esp_tls.h:14,
                 from C:/Users/Ismael/Desktop/Esp32cliente/esp_http_client/main/esp_http_client_example.c:21:
C:/Espressif/frameworks/esp-idf-v5.0.2/components/mbedtls/mbedtls/include/psa/crypto.h:818:45: note: expected 'uint8_t *' {aka 'unsigned char *'} but argument is of type 'uint8_t (*)[65]' {aka 'unsigned char (*)[65]'}
  818 |                                    uint8_t *data,
      |                                    ~~~~~~~~~^~~~
C:/Users/Ismael/Desktop/Esp32cliente/esp_http_client/main/esp_http_client_example.c:603:9: error: expected '}' before 'else'
  603 |         else if (esp1 != NULL)
      |         ^~~~
C:/Users/Ismael/Desktop/Esp32cliente/esp_http_client/main/esp_http_client_example.c:601:16: warning: unused variable 'esp1' [-Wunused-variable]
  601 |         cJSON *esp1 = cJSON_GetObjectItem(json, "esp1");
      |                ^~~~
C:/Users/Ismael/Desktop/Esp32cliente/esp_http_client/main/esp_http_client_example.c:603:18: error: 'esp1' undeclared (first use in this function)
  603 |         else if (esp1 != NULL)
      |                  ^~~~
C:/Users/Ismael/Desktop/Esp32cliente/esp_http_client/main/esp_http_client_example.c:603:18: note: each undeclared identifier is reported only once for each function it appears in
C:/Users/Ismael/Desktop/Esp32cliente/esp_http_client/main/esp_http_client_example.c:605:47: error: 'json' undeclared (first use in this function)
  605 |             cJSON *esp1 = cJSON_GetObjectItem(json, "esp1");
      |                                               ^~~~
C:/Users/Ismael/Desktop/Esp32cliente/esp_http_client/main/esp_http_client_example.c:634:43: warning: initialization of 'const char *' from incompatible pointer type 'cJSON *' [-Wincompatible-pointer-types]
  634 |                         const char *cla = cJSON_GetArrayItem(public_key_alice, 0);
      |                                           ^~~~~~~~~~~~~~~~~~
C:/Users/Ismael/Desktop/Esp32cliente/esp_http_client/main/esp_http_client_example.c:635:44: warning: passing argument 1 of 'cJSON_IsString' from incompatible pointer type [-Wincompatible-pointer-types]
  635 |                         if (cJSON_IsString(cla))
      |                                            ^~~
      |                                            |
      |                                            const char *
In file included from C:/Users/Ismael/Desktop/Esp32cliente/esp_http_client/main/esp_http_client_example.c:14:
C:/Espressif/frameworks/esp-idf-v5.0.2/components/json/cJSON/cJSON.h:189:61: note: expected 'const cJSON * const' but argument is of type 'const char *'
  189 | CJSON_PUBLIC(cJSON_bool) cJSON_IsString(const cJSON * const item);
      |                                         ~~~~~~~~~~~~~~~~~~~~^~~~
C:/Users/Ismael/Desktop/Esp32cliente/esp_http_client/main/esp_http_client_example.c:637:71: warning: passing argument 1 of 'cJSON_GetStringValue' from incompatible pointer type [-Wincompatible-pointer-types]
  637 |                             const char *clavep = cJSON_GetStringValue(cla);
      |                                                                       ^~~
      |                                                                       |
      |                                                                       const char *
In file included from C:/Users/Ismael/Desktop/Esp32cliente/esp_http_client/main/esp_http_client_example.c:14:
C:/Espressif/frameworks/esp-idf-v5.0.2/components/json/cJSON/cJSON.h:179:63: note: expected 'const cJSON * const' but argument is of type 'const char *'
  179 | CJSON_PUBLIC(char *) cJSON_GetStringValue(const cJSON * const item);
      |                                           ~~~~~~~~~~~~~~~~~~~~^~~~
C:/Users/Ismael/Desktop/Esp32cliente/esp_http_client/main/esp_http_client_example.c:676:49: warning: passing argument 1 of 'snprintf' discards 'const' qualifier from pointer target type [-Wdiscarded-qualifiers]
  676 |                                 snprintf(clavep + (2 * i), sizeof(clavep) - (2 * i), "%02hhx", llave_alice[i]);
      |                                          ~~~~~~~^~~~~~~~~
In file included from C:/Espressif/frameworks/esp-idf-v5.0.2/components/esp_common/include/esp_err.h:10,
                 from C:/Espressif/frameworks/esp-idf-v5.0.2/components/esp_hw_support/include/esp_intr_alloc.h:11,
                 from C:/Espressif/frameworks/esp-idf-v5.0.2/components/esp_hw_support/include/esp_cpu.h:20,
                 from C:/Espressif/frameworks/esp-idf-v5.0.2/components/esp_hw_support/include/spinlock.h:11,
                 from C:/Espressif/frameworks/esp-idf-v5.0.2/components/freertos/FreeRTOS-Kernel/portable/xtensa/include/freertos/portmacro.h:74,
                 from C:/Espressif/frameworks/esp-idf-v5.0.2/components/freertos/FreeRTOS-Kernel/include/freertos/portable.h:58,
                 from C:/Espressif/frameworks/esp-idf-v5.0.2/components/freertos/FreeRTOS-Kernel/include/freertos/FreeRTOS.h:70,
                 from C:/Users/Ismael/Desktop/Esp32cliente/esp_http_client/main/esp_http_client_example.c:12:
c:\espressif\tools\xtensa-esp32-elf\esp-2022r1-11.2.0\xtensa-esp32-elf\xtensa-esp32-elf\sys-include\stdio.h:266:19: note: expected 'char * restrict' but argument is of type 'const char *'
  266 | int     snprintf (char *__restrict, size_t, const char *__restrict, ...)
      |                   ^
C:/Users/Ismael/Desktop/Esp32cliente/esp_http_client/main/esp_http_client_example.c:685:93: warning: passing argument 3 of 'psa_raw_key_agreement' from incompatible pointer type [-Wincompatible-pointer-types]
  685 |                             estado = psa_raw_key_agreement(PSA_ALG_ECDH, llave_privada_bob, &llave_alice, sizeof(llave_alice), compartidaB, sizeof(compartidaB), &output_lenB);
      |                                                                                             ^~~~~~~~~~~~
      |                                                                                             |
      |                                                                                             uint8_t (*)[65] {aka unsigned char (*)[65]}
In file included from C:/Espressif/frameworks/esp-idf-v5.0.2/components/mbedtls/mbedtls/include/mbedtls/legacy_or_psa.h:104,
                 from C:/Espressif/frameworks/esp-idf-v5.0.2/components/mbedtls/mbedtls/include/mbedtls/x509_crt.h:27,
                 from C:/Espressif/frameworks/esp-idf-v5.0.2/components/mbedtls/mbedtls/include/mbedtls/ssl.h:35,
                 from C:/Espressif/frameworks/esp-idf-v5.0.2/components/esp-tls/esp_tls.h:14,
                 from C:/Users/Ismael/Desktop/Esp32cliente/esp_http_client/main/esp_http_client_example.c:21:
C:/Espressif/frameworks/esp-idf-v5.0.2/components/mbedtls/mbedtls/include/psa/crypto.h:3960:51: note: expected 'const uint8_t *' {aka 'const unsigned char *'} but argument is of type 'uint8_t (*)[65]' {aka 'unsigned char (*)[65]'}
 3960 |                                    const uint8_t *peer_key,
      |                                    ~~~~~~~~~~~~~~~^~~~~~~~
C:/Users/Ismael/Desktop/Esp32cliente/esp_http_client/main/esp_http_client_example.c:685:162: warning: passing argument 7 of 'psa_raw_key_agreement' from incompatible pointer type [-Wincompatible-pointer-types]
  685 |                             estado = psa_raw_key_agreement(PSA_ALG_ECDH, llave_privada_bob, &llave_alice, sizeof(llave_alice), compartidaB, sizeof(compartidaB), &output_lenB);
      |                                                                                                                                                                  ^~~~~~~~~~~~
      |                                                                                                                                                                  |
      |                                                                                                                                                                  uint32_t * {aka long unsigned int *}
In file included from C:/Espressif/frameworks/esp-idf-v5.0.2/components/mbedtls/mbedtls/include/mbedtls/legacy_or_psa.h:104,
                 from C:/Espressif/frameworks/esp-idf-v5.0.2/components/mbedtls/mbedtls/include/mbedtls/x509_crt.h:27,
                 from C:/Espressif/frameworks/esp-idf-v5.0.2/components/mbedtls/mbedtls/include/mbedtls/ssl.h:35,
                 from C:/Espressif/frameworks/esp-idf-v5.0.2/components/esp-tls/esp_tls.h:14,
                 from C:/Users/Ismael/Desktop/Esp32cliente/esp_http_client/main/esp_http_client_example.c:21:
C:/Espressif/frameworks/esp-idf-v5.0.2/components/mbedtls/mbedtls/include/psa/crypto.h:3964:44: note: expected 'size_t *' {aka 'unsigned int *'} but argument is of type 'uint32_t *' {aka 'long unsigned int *'}
 3964 |                                    size_t *output_length);
      |                                    ~~~~~~~~^~~~~~~~~~~~~
C:/Users/Ismael/Desktop/Esp32cliente/esp_http_client/main/esp_http_client_example.c:638:37: warning: unused variable 'byte_array' [-Wunused-variable]
  638 |                             uint8_t byte_array[65];
      |                                     ^~~~~~~~~~
C:/Users/Ismael/Desktop/Esp32cliente/esp_http_client/main/esp_http_client_example.c:728:22: error: 'buffer' undeclared (first use in this function); did you mean 'setbuffer'?
  728 |                 free(buffer);
      |                      ^~~~~~
      |                      setbuffer
C:/Users/Ismael/Desktop/Esp32cliente/esp_http_client/main/esp_http_client_example.c:737:43: warning: initialization of 'const char *' from incompatible pointer type 'cJSON *' [-Wincompatible-pointer-types]
  737 |                         const char *cla = cJSON_GetArrayItem(public_key_alice, 0);
      |                                           ^~~~~~~~~~~~~~~~~~
C:/Users/Ismael/Desktop/Esp32cliente/esp_http_client/main/esp_http_client_example.c:738:44: warning: passing argument 1 of 'cJSON_IsString' from incompatible pointer type [-Wincompatible-pointer-types]
  738 |                         if (cJSON_IsString(cla))
      |                                            ^~~
      |                                            |
      |                                            const char *
In file included from C:/Users/Ismael/Desktop/Esp32cliente/esp_http_client/main/esp_http_client_example.c:14:
C:/Espressif/frameworks/esp-idf-v5.0.2/components/json/cJSON/cJSON.h:189:61: note: expected 'const cJSON * const' but argument is of type 'const char *'
  189 | CJSON_PUBLIC(cJSON_bool) cJSON_IsString(const cJSON * const item);
      |                                         ~~~~~~~~~~~~~~~~~~~~^~~~
C:/Users/Ismael/Desktop/Esp32cliente/esp_http_client/main/esp_http_client_example.c:740:71: warning: passing argument 1 of 'cJSON_GetStringValue' from incompatible pointer type [-Wincompatible-pointer-types]
  740 |                             const char *clavep = cJSON_GetStringValue(cla);
      |                                                                       ^~~
      |                                                                       |
      |                                                                       const char *
In file included from C:/Users/Ismael/Desktop/Esp32cliente/esp_http_client/main/esp_http_client_example.c:14:
C:/Espressif/frameworks/esp-idf-v5.0.2/components/json/cJSON/cJSON.h:179:63: note: expected 'const cJSON * const' but argument is of type 'const char *'
  179 | CJSON_PUBLIC(char *) cJSON_GetStringValue(const cJSON * const item);
      |                                           ~~~~~~~~~~~~~~~~~~~~^~~~
C:/Users/Ismael/Desktop/Esp32cliente/esp_http_client/main/esp_http_client_example.c:779:49: warning: passing argument 1 of 'snprintf' discards 'const' qualifier from pointer target type [-Wdiscarded-qualifiers]
  779 |                                 snprintf(clavep + (2 * i), sizeof(clavep) - (2 * i), "%02hhx", llave_alice[i]);
      |                                          ~~~~~~~^~~~~~~~~
In file included from C:/Espressif/frameworks/esp-idf-v5.0.2/components/esp_common/include/esp_err.h:10,
                 from C:/Espressif/frameworks/esp-idf-v5.0.2/components/esp_hw_support/include/esp_intr_alloc.h:11,
                 from C:/Espressif/frameworks/esp-idf-v5.0.2/components/esp_hw_support/include/esp_cpu.h:20,
                 from C:/Espressif/frameworks/esp-idf-v5.0.2/components/esp_hw_support/include/spinlock.h:11,
                 from C:/Espressif/frameworks/esp-idf-v5.0.2/components/freertos/FreeRTOS-Kernel/portable/xtensa/include/freertos/portmacro.h:74,
                 from C:/Espressif/frameworks/esp-idf-v5.0.2/components/freertos/FreeRTOS-Kernel/include/freertos/portable.h:58,
                 from C:/Espressif/frameworks/esp-idf-v5.0.2/components/freertos/FreeRTOS-Kernel/include/freertos/FreeRTOS.h:70,
                 from C:/Users/Ismael/Desktop/Esp32cliente/esp_http_client/main/esp_http_client_example.c:12:
c:\espressif\tools\xtensa-esp32-elf\esp-2022r1-11.2.0\xtensa-esp32-elf\xtensa-esp32-elf\sys-include\stdio.h:266:19: note: expected 'char * restrict' but argument is of type 'const char *'
  266 | int     snprintf (char *__restrict, size_t, const char *__restrict, ...)
      |                   ^
C:/Users/Ismael/Desktop/Esp32cliente/esp_http_client/main/esp_http_client_example.c:788:93: warning: passing argument 3 of 'psa_raw_key_agreement' from incompatible pointer type [-Wincompatible-pointer-types]
  788 |                             estado = psa_raw_key_agreement(PSA_ALG_ECDH, llave_privada_bob, &llave_alice, sizeof(llave_alice), compartidaB, sizeof(compartidaB), &output_lenB);
      |                                                                                             ^~~~~~~~~~~~
      |                                                                                             |
      |                                                                                             uint8_t (*)[65] {aka unsigned char (*)[65]}
In file included from C:/Espressif/frameworks/esp-idf-v5.0.2/components/mbedtls/mbedtls/include/mbedtls/legacy_or_psa.h:104,
                 from C:/Espressif/frameworks/esp-idf-v5.0.2/components/mbedtls/mbedtls/include/mbedtls/x509_crt.h:27,
                 from C:/Espressif/frameworks/esp-idf-v5.0.2/components/mbedtls/mbedtls/include/mbedtls/ssl.h:35,
                 from C:/Espressif/frameworks/esp-idf-v5.0.2/components/esp-tls/esp_tls.h:14,
                 from C:/Users/Ismael/Desktop/Esp32cliente/esp_http_client/main/esp_http_client_example.c:21:
C:/Espressif/frameworks/esp-idf-v5.0.2/components/mbedtls/mbedtls/include/psa/crypto.h:3960:51: note: expected 'const uint8_t *' {aka 'const unsigned char *'} but argument is of type 'uint8_t (*)[65]' {aka 'unsigned char (*)[65]'}
 3960 |                                    const uint8_t *peer_key,
      |                                    ~~~~~~~~~~~~~~~^~~~~~~~
C:/Users/Ismael/Desktop/Esp32cliente/esp_http_client/main/esp_http_client_example.c:788:162: warning: passing argument 7 of 'psa_raw_key_agreement' from incompatible pointer type [-Wincompatible-pointer-types]
  788 |                             estado = psa_raw_key_agreement(PSA_ALG_ECDH, llave_privada_bob, &llave_alice, sizeof(llave_alice), compartidaB, sizeof(compartidaB), &output_lenB);
      |                                                                                                                                                                  ^~~~~~~~~~~~
      |                                                                                                                                                                  |
      |                                                                                                                                                                  uint32_t * {aka long unsigned int *}
In file included from C:/Espressif/frameworks/esp-idf-v5.0.2/components/mbedtls/mbedtls/include/mbedtls/legacy_or_psa.h:104,
                 from C:/Espressif/frameworks/esp-idf-v5.0.2/components/mbedtls/mbedtls/include/mbedtls/x509_crt.h:27,
                 from C:/Espressif/frameworks/esp-idf-v5.0.2/components/mbedtls/mbedtls/include/mbedtls/ssl.h:35,
                 from C:/Espressif/frameworks/esp-idf-v5.0.2/components/esp-tls/esp_tls.h:14,
                 from C:/Users/Ismael/Desktop/Esp32cliente/esp_http_client/main/esp_http_client_example.c:21:
C:/Espressif/frameworks/esp-idf-v5.0.2/components/mbedtls/mbedtls/include/psa/crypto.h:3964:44: note: expected 'size_t *' {aka 'unsigned int *'} but argument is of type 'uint32_t *' {aka 'long unsigned int *'}
 3964 |                                    size_t *output_length);
      |                                    ~~~~~~~~^~~~~~~~~~~~~
C:/Users/Ismael/Desktop/Esp32cliente/esp_http_client/main/esp_http_client_example.c:741:37: warning: unused variable 'byte_array' [-Wunused-variable]
  741 |                             uint8_t byte_array[65];
      |                                     ^~~~~~~~~~
C:/Users/Ismael/Desktop/Esp32cliente/esp_http_client/main/esp_http_client_example.c:498:10: warning: unused variable 'post_data' [-Wunused-variable]
  498 |     char post_data[256];
      |          ^~~~~~~~~
C:/Users/Ismael/Desktop/Esp32cliente/esp_http_client/main/esp_http_client_example.c:445:9: warning: unused variable 'value2' [-Wunused-variable]
  445 |     int value2 = 99;
      |         ^~~~~~
C:/Users/Ismael/Desktop/Esp32cliente/esp_http_client/main/esp_http_client_example.c:443:9: warning: unused variable 'value' [-Wunused-variable]
  443 |     int value = 99;
      |         ^~~~~
C:/Users/Ismael/Desktop/Esp32cliente/esp_http_client/main/esp_http_client_example.c:442:9: warning: unused variable 'i' [-Wunused-variable]
  442 |     int i = 0;
      |         ^
C:/Users/Ismael/Desktop/Esp32cliente/esp_http_client/main/esp_http_client_example.c:441:9: warning: unused variable 'j' [-Wunused-variable]
  441 |     int j = 0;
      |         ^
C:/Users/Ismael/Desktop/Esp32cliente/esp_http_client/main/esp_http_client_example.c:439:19: warning: unused variable 'olenA' [-Wunused-variable]
  439 |     size_t olenB, olenA;
      |                   ^~~~~
C:/Users/Ismael/Desktop/Esp32cliente/esp_http_client/main/esp_http_client_example.c:438:13: warning: unused variable 'llave_derivadaB' [-Wunused-variable]
  438 |     uint8_t llave_derivadaB[32];
      |             ^~~~~~~~~~~~~~~
C:/Users/Ismael/Desktop/Esp32cliente/esp_http_client/main/esp_http_client_example.c:437:13: warning: unused variable 'bytesesp1' [-Wunused-variable]
  437 |     uint8_t bytesesp1[32];
      |             ^~~~~~~~~
C:/Users/Ismael/Desktop/Esp32cliente/esp_http_client/main/esp_http_client_example.c:436:13: warning: variable 'bytesesp' set but not used [-Wunused-but-set-variable]
  436 |     uint8_t bytesesp[32];
      |             ^~~~~~~~
C:/Users/Ismael/Desktop/Esp32cliente/esp_http_client/main/esp_http_client_example.c:433:13: warning: unused variable 'llave_aesB' [-Wunused-variable]
  433 |     uint8_t llave_aesB[33];
      |             ^~~~~~~~~~
C:/Users/Ismael/Desktop/Esp32cliente/esp_http_client/main/esp_http_client_example.c:431:62: warning: unused variable 'llave_aes' [-Wunused-variable]
  431 |     psa_key_handle_t llave_privada_bob, key, llave_derivada, llave_aes;
      |                                                              ^~~~~~~~~
C:/Users/Ismael/Desktop/Esp32cliente/esp_http_client/main/esp_http_client_example.c:431:46: warning: unused variable 'llave_derivada' [-Wunused-variable]
  431 |     psa_key_handle_t llave_privada_bob, key, llave_derivada, llave_aes;
      |                                              ^~~~~~~~~~~~~~
C:/Users/Ismael/Desktop/Esp32cliente/esp_http_client/main/esp_http_client_example.c:431:41: warning: unused variable 'key' [-Wunused-variable]
  431 |     psa_key_handle_t llave_privada_bob, key, llave_derivada, llave_aes;
      |                                         ^~~
C:/Users/Ismael/Desktop/Esp32cliente/esp_http_client/main/esp_http_client_example.c:429:10: warning: unused variable 'cadena5' [-Wunused-variable]
  429 |     char cadena5[32];
      |          ^~~~~~~
C:/Users/Ismael/Desktop/Esp32cliente/esp_http_client/main/esp_http_client_example.c:428:10: warning: unused variable 'cadena4' [-Wunused-variable]
  428 |     char cadena4[32];
      |          ^~~~~~~
C:/Users/Ismael/Desktop/Esp32cliente/esp_http_client/main/esp_http_client_example.c:403:48: warning: unused variable 'atributo' [-Wunused-variable]
  403 |     psa_key_attributes_t attributes, atributo3,atributo;
      |                                                ^~~~~~~~
C:/Users/Ismael/Desktop/Esp32cliente/esp_http_client/main/esp_http_client_example.c: At top level:
C:/Users/Ismael/Desktop/Esp32cliente/esp_http_client/main/esp_http_client_example.c:827:5: error: expected identifier or '(' before 'else'
  827 |     else
      |     ^~~~
C:/Users/Ismael/Desktop/Esp32cliente/esp_http_client/main/esp_http_client_example.c:837:5: error: expected identifier or '(' before 'for'
  837 |     for (int i = 0; i < sizeof(compartidaB); i++)
      |     ^~~
C:/Users/Ismael/Desktop/Esp32cliente/esp_http_client/main/esp_http_client_example.c:837:23: error: expected '=', ',', ';', 'asm' or '__attribute__' before '<' token
  837 |     for (int i = 0; i < sizeof(compartidaB); i++)
      |                       ^
C:/Users/Ismael/Desktop/Esp32cliente/esp_http_client/main/esp_http_client_example.c:837:47: error: expected '=', ',', ';', 'asm' or '__attribute__' before '++' token
  837 |     for (int i = 0; i < sizeof(compartidaB); i++)
      |                                               ^~
C:/Users/Ismael/Desktop/Esp32cliente/esp_http_client/main/esp_http_client_example.c:841:5: error: expected identifier or '(' before 'for'
  841 |     for (int i = 0; i < sizeof(compartidaB); i++)
      |     ^~~
C:/Users/Ismael/Desktop/Esp32cliente/esp_http_client/main/esp_http_client_example.c:841:23: error: expected '=', ',', ';', 'asm' or '__attribute__' before '<' token
  841 |     for (int i = 0; i < sizeof(compartidaB); i++)
      |                       ^
C:/Users/Ismael/Desktop/Esp32cliente/esp_http_client/main/esp_http_client_example.c:841:47: error: expected '=', ',', ';', 'asm' or '__attribute__' before '++' token
  841 |     for (int i = 0; i < sizeof(compartidaB); i++)
      |                                               ^~
C:/Users/Ismael/Desktop/Esp32cliente/esp_http_client/main/esp_http_client_example.c:845:12: error: expected declaration specifiers or '...' before string constant
  845 |     printf("\n");
      |            ^~~~
C:/Users/Ismael/Desktop/Esp32cliente/esp_http_client/main/esp_http_client_example.c:846:12: error: expected declaration specifiers or '...' before string constant
  846 |     printf("\nCOMPARTIDA ;%s", clave_publica_hex2);
      |            ^~~~~~~~~~~~~~~~~~
C:/Users/Ismael/Desktop/Esp32cliente/esp_http_client/main/esp_http_client_example.c:846:32: error: expected declaration specifiers or '...' before 'clave_publica_hex2'
  846 |     printf("\nCOMPARTIDA ;%s", clave_publica_hex2);
      |                                ^~~~~~~~~~~~~~~~~~
C:/Users/Ismael/Desktop/Esp32cliente/esp_http_client/main/esp_http_client_example.c:847:26: error: initializer element is not constant
  847 |     cJSON *jsonObject2 = cJSON_CreateObject();
      |                          ^~~~~~~~~~~~~~~~~~
C:/Users/Ismael/Desktop/Esp32cliente/esp_http_client/main/esp_http_client_example.c:848:41: error: expected ')' before string constant
  848 |     cJSON_AddStringToObject(jsonObject2, "compartidaB", clave_publica_hex2);
      |                                         ^~~~~~~~~~~~~~
      |                                         )
C:/Users/Ismael/Desktop/Esp32cliente/esp_http_client/main/esp_http_client_example.c:849:23: error: initializer element is not constant
  849 |     char *jsonData2 = cJSON_PrintUnformatted(jsonObject2);
      |                       ^~~~~~~~~~~~~~~~~~~~~~
C:/Users/Ismael/Desktop/Esp32cliente/esp_http_client/main/esp_http_client_example.c:854:36: error: expected ')' before string constant
  854 |     esp_http_client_set_url(client, "http://192.168.1.102:80/compartida");
      |                                    ^~~~~~~~~~~~~~~~~~~~~~~~~~~~~~~~~~~~~
      |                                    )
C:/Users/Ismael/Desktop/Esp32cliente/esp_http_client/main/esp_http_client_example.c:855:5: warning: data definition has no type or storage class
  855 |     esp_http_client_set_method(client, HTTP_METHOD_POST);
      |     ^~~~~~~~~~~~~~~~~~~~~~~~~~
C:/Users/Ismael/Desktop/Esp32cliente/esp_http_client/main/esp_http_client_example.c:855:5: error: type defaults to 'int' in declaration of 'esp_http_client_set_method' [-Werror=implicit-int]
C:/Users/Ismael/Desktop/Esp32cliente/esp_http_client/main/esp_http_client_example.c:855:5: warning: parameter names (without types) in function declaration
C:/Users/Ismael/Desktop/Esp32cliente/esp_http_client/main/esp_http_client_example.c:856:39: error: expected ')' before string constant
  856 |     esp_http_client_set_header(client, "X-Server-ID", "esp1");
      |                                       ^~~~~~~~~~~~~~
      |                                       )
C:/Users/Ismael/Desktop/Esp32cliente/esp_http_client/main/esp_http_client_example.c:857:39: error: expected ')' before string constant
  857 |     esp_http_client_set_header(client, "Content-Type", "application/json");
      |                                       ^~~~~~~~~~~~~~~
      |                                       )
C:/Users/Ismael/Desktop/Esp32cliente/esp_http_client/main/esp_http_client_example.c:859:5: warning: data definition has no type or storage class
  859 |     err = esp_http_client_set_post_field(client, jsonData2, strlen(jsonData2));
      |     ^~~
C:/Users/Ismael/Desktop/Esp32cliente/esp_http_client/main/esp_http_client_example.c:859:5: error: type defaults to 'int' in declaration of 'err' [-Werror=implicit-int]
C:/Users/Ismael/Desktop/Esp32cliente/esp_http_client/main/esp_http_client_example.c:859:42: error: 'client' undeclared here (not in a function)
  859 |     err = esp_http_client_set_post_field(client, jsonData2, strlen(jsonData2));
      |                                          ^~~~~~
In file included from C:/Users/Ismael/Desktop/Esp32cliente/esp_http_client/main/esp_http_client_example.c:15:
C:/Espressif/frameworks/esp-idf-v5.0.2/components/log/include/esp_log.h:431:54: error: expected identifier or '(' before 'do'
  431 | #define ESP_LOG_LEVEL_LOCAL(level, tag, format, ...) do {               \
      |                                                      ^~
C:/Espressif/frameworks/esp-idf-v5.0.2/components/log/include/esp_log.h:340:38: note: in expansion of macro 'ESP_LOG_LEVEL_LOCAL'
  340 | #define ESP_LOGE( tag, format, ... ) ESP_LOG_LEVEL_LOCAL(ESP_LOG_ERROR,   tag, format, ##__VA_ARGS__)
      |                                      ^~~~~~~~~~~~~~~~~~~
C:/Users/Ismael/Desktop/Esp32cliente/esp_http_client/main/esp_http_client_example.c:860:5: note: in expansion of macro 'ESP_LOGE'
  860 |     ESP_LOGE(TAG, " %s", esp_err_to_name(err));
      |     ^~~~~~~~
C:/Espressif/frameworks/esp-idf-v5.0.2/components/log/include/esp_log.h:433:7: error: expected identifier or '(' before 'while'
  433 |     } while(0)
      |       ^~~~~
C:/Espressif/frameworks/esp-idf-v5.0.2/components/log/include/esp_log.h:340:38: note: in expansion of macro 'ESP_LOG_LEVEL_LOCAL'
  340 | #define ESP_LOGE( tag, format, ... ) ESP_LOG_LEVEL_LOCAL(ESP_LOG_ERROR,   tag, format, ##__VA_ARGS__)
      |                                      ^~~~~~~~~~~~~~~~~~~
C:/Users/Ismael/Desktop/Esp32cliente/esp_http_client/main/esp_http_client_example.c:860:5: note: in expansion of macro 'ESP_LOGE'
  860 |     ESP_LOGE(TAG, " %s", esp_err_to_name(err));
      |     ^~~~~~~~
C:/Users/Ismael/Desktop/Esp32cliente/esp_http_client/main/esp_http_client_example.c:861:5: warning: data definition has no type or storage class
  861 |     err = esp_http_client_perform(client);
      |     ^~~
C:/Users/Ismael/Desktop/Esp32cliente/esp_http_client/main/esp_http_client_example.c:861:5: error: type defaults to 'int' in declaration of 'err' [-Werror=implicit-int]
C:/Users/Ismael/Desktop/Esp32cliente/esp_http_client/main/esp_http_client_example.c:861:5: error: redefinition of 'err'
C:/Users/Ismael/Desktop/Esp32cliente/esp_http_client/main/esp_http_client_example.c:859:5: note: previous definition of 'err' with type 'int'
  859 |     err = esp_http_client_set_post_field(client, jsonData2, strlen(jsonData2));
      |     ^~~
C:/Users/Ismael/Desktop/Esp32cliente/esp_http_client/main/esp_http_client_example.c:862:5: error: expected identifier or '(' before 'if'
  862 |     if (err == ESP_OK)
      |     ^~
C:/Users/Ismael/Desktop/Esp32cliente/esp_http_client/main/esp_http_client_example.c:868:5: error: expected identifier or '(' before 'else'
  868 |     else
      |     ^~~~
C:/Users/Ismael/Desktop/Esp32cliente/esp_http_client/main/esp_http_client_example.c:874:63: error: 'config' undeclared here (not in a function)
  874 |     esp_http_client_handle_t cliente2 = esp_http_client_init(&config);
      |                                                               ^~~~~~
C:/Users/Ismael/Desktop/Esp32cliente/esp_http_client/main/esp_http_client_example.c:875:38: error: expected ')' before string constant
  875 |     esp_http_client_set_url(cliente2, "http://192.168.1.102:80/verificacion");
      |                                      ^~~~~~~~~~~~~~~~~~~~~~~~~~~~~~~~~~~~~~~
      |                                      )
C:/Users/Ismael/Desktop/Esp32cliente/esp_http_client/main/esp_http_client_example.c:876:41: error: expected ')' before string constant
  876 |     esp_http_client_set_header(cliente2, "X-Server-ID", "esp1");
      |                                         ^~~~~~~~~~~~~~
      |                                         )
C:/Users/Ismael/Desktop/Esp32cliente/esp_http_client/main/esp_http_client_example.c:878:5: warning: data definition has no type or storage class
  878 |     esp_http_client_set_method(cliente2, HTTP_METHOD_GET);
      |     ^~~~~~~~~~~~~~~~~~~~~~~~~~
C:/Users/Ismael/Desktop/Esp32cliente/esp_http_client/main/esp_http_client_example.c:878:5: error: type defaults to 'int' in declaration of 'esp_http_client_set_method' [-Werror=implicit-int]
C:/Users/Ismael/Desktop/Esp32cliente/esp_http_client/main/esp_http_client_example.c:878:5: warning: parameter names (without types) in function declaration
C:/Users/Ismael/Desktop/Esp32cliente/esp_http_client/main/esp_http_client_example.c:879:5: warning: data definition has no type or storage class
  879 |     err = esp_http_client_perform(cliente2);
      |     ^~~
C:/Users/Ismael/Desktop/Esp32cliente/esp_http_client/main/esp_http_client_example.c:879:5: error: type defaults to 'int' in declaration of 'err' [-Werror=implicit-int]
C:/Users/Ismael/Desktop/Esp32cliente/esp_http_client/main/esp_http_client_example.c:879:5: error: redefinition of 'err'
C:/Users/Ismael/Desktop/Esp32cliente/esp_http_client/main/esp_http_client_example.c:859:5: note: previous definition of 'err' with type 'int'
  859 |     err = esp_http_client_set_post_field(client, jsonData2, strlen(jsonData2));
      |     ^~~
C:/Users/Ismael/Desktop/Esp32cliente/esp_http_client/main/esp_http_client_example.c:879:11: error: initializer element is not constant
  879 |     err = esp_http_client_perform(cliente2);
      |           ^~~~~~~~~~~~~~~~~~~~~~~
C:/Users/Ismael/Desktop/Esp32cliente/esp_http_client/main/esp_http_client_example.c:882:5: error: expected identifier or '(' before 'if'
  882 |     if (err == ESP_OK)
      |     ^~
C:/Users/Ismael/Desktop/Esp32cliente/esp_http_client/main/esp_http_client_example.c:962:5: warning: data definition has no type or storage class
  962 |     operacion = psa_key_derivation_operation_init();
      |     ^~~~~~~~~
C:/Users/Ismael/Desktop/Esp32cliente/esp_http_client/main/esp_http_client_example.c:962:5: error: type defaults to 'int' in declaration of 'operacion' [-Werror=implicit-int]
C:/Users/Ismael/Desktop/Esp32cliente/esp_http_client/main/esp_http_client_example.c:962:5: error: conflicting types for 'operacion'; have 'int'
C:/Users/Ismael/Desktop/Esp32cliente/esp_http_client/main/esp_http_client_example.c:961:36: note: previous declaration of 'operacion' with type 'psa_key_derivation_operation_t' {aka 'struct psa_key_derivation_s'}
  961 |     psa_key_derivation_operation_t operacion;
      |                                    ^~~~~~~~~
C:/Users/Ismael/Desktop/Esp32cliente/esp_http_client/main/esp_http_client_example.c:962:17: error: incompatible types when initializing type 'int' using type 'struct psa_key_derivation_s'
  962 |     operacion = psa_key_derivation_operation_init();
      |                 ^~~~~~~~~~~~~~~~~~~~~~~~~~~~~~~~~
C:/Users/Ismael/Desktop/Esp32cliente/esp_http_client/main/esp_http_client_example.c:965:20: error: initializer element is not constant
  965 |     uint8_t* bytes=(uint8_t*)lol;
      |                    ^
C:/Users/Ismael/Desktop/Esp32cliente/esp_http_client/main/esp_http_client_example.c:967:14: error: initializer element is not constant
  967 |     int len =strlen(cadena);
      |              ^~~~~~
C:/Users/Ismael/Desktop/Esp32cliente/esp_http_client/main/esp_http_client_example.c:968:14: error: initializer element is not constant
  968 |     int len2=strlen(lol);
      |              ^~~~~~
C:/Users/Ismael/Desktop/Esp32cliente/esp_http_client/main/esp_http_client_example.c:969:12: error: expected declaration specifiers or '...' before string constant
  969 |     printf("%d",len);
      |            ^~~~
C:/Users/Ismael/Desktop/Esp32cliente/esp_http_client/main/esp_http_client_example.c:969:17: error: expected declaration specifiers or '...' before 'len'
  969 |     printf("%d",len);
      |                 ^~~
C:/Users/Ismael/Desktop/Esp32cliente/esp_http_client/main/esp_http_client_example.c:970:12: error: expected declaration specifiers or '...' before string constant
  970 |     printf("\n");
      |            ^~~~
C:/Users/Ismael/Desktop/Esp32cliente/esp_http_client/main/esp_http_client_example.c:973:13: error: variably modified 'bufff' at file scope
  973 |     uint8_t bufff[len];
      |             ^~~~~
C:/Users/Ismael/Desktop/Esp32cliente/esp_http_client/main/esp_http_client_example.c:974:13: error: variably modified 'bufff2' at file scope
  974 |     uint8_t bufff2[len2];
      |             ^~~~~~
C:/Users/Ismael/Desktop/Esp32cliente/esp_http_client/main/esp_http_client_example.c:975:12: error: expected declaration specifiers or '...' before string constant
  975 |     printf("%d",sizeof(bufff));
      |            ^~~~
C:/Users/Ismael/Desktop/Esp32cliente/esp_http_client/main/esp_http_client_example.c:975:17: error: expected declaration specifiers or '...' before 'sizeof'
  975 |     printf("%d",sizeof(bufff));
      |                 ^~~~~~
C:/Users/Ismael/Desktop/Esp32cliente/esp_http_client/main/esp_http_client_example.c:976:12: error: expected declaration specifiers or '...' before string constant
  976 |     printf("\n");
      |            ^~~~
C:/Users/Ismael/Desktop/Esp32cliente/esp_http_client/main/esp_http_client_example.c:984:5: error: expected identifier or '(' before 'for'
  984 |     for (size_t i = 0; i < len; i++)
      |     ^~~
C:/Users/Ismael/Desktop/Esp32cliente/esp_http_client/main/esp_http_client_example.c:984:26: error: expected '=', ',', ';', 'asm' or '__attribute__' before '<' token
  984 |     for (size_t i = 0; i < len; i++)
      |                          ^
C:/Users/Ismael/Desktop/Esp32cliente/esp_http_client/main/esp_http_client_example.c:984:34: error: expected '=', ',', ';', 'asm' or '__attribute__' before '++' token
  984 |     for (size_t i = 0; i < len; i++)
      |                                  ^~
C:/Users/Ismael/Desktop/Esp32cliente/esp_http_client/main/esp_http_client_example.c:989:12: error: expected declaration specifiers or '...' before string constant
  989 |     printf("\n");
      |            ^~~~
C:/Users/Ismael/Desktop/Esp32cliente/esp_http_client/main/esp_http_client_example.c:990:5: error: expected identifier or '(' before 'for'
  990 |     for (size_t i = 0; i < len2; i++)
      |     ^~~
C:/Users/Ismael/Desktop/Esp32cliente/esp_http_client/main/esp_http_client_example.c:990:26: error: expected '=', ',', ';', 'asm' or '__attribute__' before '<' token
  990 |     for (size_t i = 0; i < len2; i++)
      |                          ^
C:/Users/Ismael/Desktop/Esp32cliente/esp_http_client/main/esp_http_client_example.c:990:35: error: expected '=', ',', ';', 'asm' or '__attribute__' before '++' token
  990 |     for (size_t i = 0; i < len2; i++)
      |                                   ^~
C:/Users/Ismael/Desktop/Esp32cliente/esp_http_client/main/esp_http_client_example.c:1005:12: error: expected declaration specifiers or '...' before string constant
 1005 |     printf("\n");
      |            ^~~~
C:/Users/Ismael/Desktop/Esp32cliente/esp_http_client/main/esp_http_client_example.c:1006:12: error: expected declaration specifiers or '...' before string constant
 1006 |     printf("\n");
      |            ^~~~
C:/Users/Ismael/Desktop/Esp32cliente/esp_http_client/main/esp_http_client_example.c:1007:12: error: expected declaration specifiers or '...' before string constant
 1007 |     printf("\n");
      |            ^~~~
C:/Users/Ismael/Desktop/Esp32cliente/esp_http_client/main/esp_http_client_example.c:1008:12: error: expected declaration specifiers or '...' before string constant
 1008 |     printf("\n");
      |            ^~~~
C:/Users/Ismael/Desktop/Esp32cliente/esp_http_client/main/esp_http_client_example.c:1009:12: error: expected declaration specifiers or '...' before string constant
 1009 |     printf("Bytes; ");
      |            ^~~~~~~~~
C:/Users/Ismael/Desktop/Esp32cliente/esp_http_client/main/esp_http_client_example.c:1010:5: error: expected identifier or '(' before 'for'
 1010 |     for (size_t i = 0; i < sizeof(bytes); i++)
      |     ^~~
C:/Users/Ismael/Desktop/Esp32cliente/esp_http_client/main/esp_http_client_example.c:1010:26: error: expected '=', ',', ';', 'asm' or '__attribute__' before '<' token
 1010 |     for (size_t i = 0; i < sizeof(bytes); i++)
      |                          ^
C:/Users/Ismael/Desktop/Esp32cliente/esp_http_client/main/esp_http_client_example.c:1010:44: error: expected '=', ',', ';', 'asm' or '__attribute__' before '++' token
 1010 |     for (size_t i = 0; i < sizeof(bytes); i++)
      |                                            ^~
C:/Users/Ismael/Desktop/Esp32cliente/esp_http_client/main/esp_http_client_example.c:1014:12: error: expected declaration specifiers or '...' before string constant
 1014 |     printf("\n");
      |            ^~~~
C:/Users/Ismael/Desktop/Esp32cliente/esp_http_client/main/esp_http_client_example.c:1015:12: error: expected declaration specifiers or '...' before string constant
 1015 |     printf("INPUT; ");
      |            ^~~~~~~~~
C:/Users/Ismael/Desktop/Esp32cliente/esp_http_client/main/esp_http_client_example.c:1016:5: error: expected identifier or '(' before 'for'
 1016 |     for (size_t i = 0; i < sizeof(bytes); i++)
      |     ^~~
C:/Users/Ismael/Desktop/Esp32cliente/esp_http_client/main/esp_http_client_example.c:1016:26: error: expected '=', ',', ';', 'asm' or '__attribute__' before '<' token
 1016 |     for (size_t i = 0; i < sizeof(bytes); i++)
      |                          ^
C:/Users/Ismael/Desktop/Esp32cliente/esp_http_client/main/esp_http_client_example.c:1016:44: error: expected '=', ',', ';', 'asm' or '__attribute__' before '++' token
 1016 |     for (size_t i = 0; i < sizeof(bytes); i++)
      |                                            ^~
C:/Users/Ismael/Desktop/Esp32cliente/esp_http_client/main/esp_http_client_example.c:1020:12: error: expected declaration specifiers or '...' before string constant
 1020 |     printf("\n");
      |            ^~~~
C:/Users/Ismael/Desktop/Esp32cliente/esp_http_client/main/esp_http_client_example.c:1021:12: error: expected declaration specifiers or '...' before string constant
 1021 |     printf("Compartida; ");
      |            ^~~~~~~~~~~~~~
C:/Users/Ismael/Desktop/Esp32cliente/esp_http_client/main/esp_http_client_example.c:1022:5: error: expected identifier or '(' before 'for'
 1022 |     for (size_t i = 0; i < sizeof(compartidaB); i++)
      |     ^~~
C:/Users/Ismael/Desktop/Esp32cliente/esp_http_client/main/esp_http_client_example.c:1022:26: error: expected '=', ',', ';', 'asm' or '__attribute__' before '<' token
 1022 |     for (size_t i = 0; i < sizeof(compartidaB); i++)
      |                          ^
C:/Users/Ismael/Desktop/Esp32cliente/esp_http_client/main/esp_http_client_example.c:1022:50: error: expected '=', ',', ';', 'asm' or '__attribute__' before '++' token
 1022 |     for (size_t i = 0; i < sizeof(compartidaB); i++)
      |                                                  ^~
C:/Users/Ismael/Desktop/Esp32cliente/esp_http_client/main/esp_http_client_example.c:1026:12: error: expected declaration specifiers or '...' before string constant
 1026 |     printf("\n");
      |            ^~~~
C:/Users/Ismael/Desktop/Esp32cliente/esp_http_client/main/esp_http_client_example.c:1027:5: warning: data definition has no type or storage class
 1027 |     estado = psa_import_key(&atributo3, compartidaB, sizeof(compartidaB), &comp);
      |     ^~~~~~
C:/Users/Ismael/Desktop/Esp32cliente/esp_http_client/main/esp_http_client_example.c:1027:5: error: type defaults to 'int' in declaration of 'estado' [-Werror=implicit-int]
C:/Users/Ismael/Desktop/Esp32cliente/esp_http_client/main/esp_http_client_example.c:1027:30: error: 'atributo3' undeclared here (not in a function)
 1027 |     estado = psa_import_key(&atributo3, compartidaB, sizeof(compartidaB), &comp);
      |                              ^~~~~~~~~
C:/Users/Ismael/Desktop/Esp32cliente/esp_http_client/main/esp_http_client_example.c:1027:41: error: 'compartidaB' undeclared here (not in a function)
 1027 |     estado = psa_import_key(&atributo3, compartidaB, sizeof(compartidaB), &comp);
      |                                         ^~~~~~~~~~~
C:/Users/Ismael/Desktop/Esp32cliente/esp_http_client/main/esp_http_client_example.c:1028:5: warning: data definition has no type or storage class
 1028 |     evaluar(estado);
      |     ^~~~~~~
C:/Users/Ismael/Desktop/Esp32cliente/esp_http_client/main/esp_http_client_example.c:1028:5: error: type defaults to 'int' in declaration of 'evaluar' [-Werror=implicit-int]
C:/Users/Ismael/Desktop/Esp32cliente/esp_http_client/main/esp_http_client_example.c:1028:5: warning: parameter names (without types) in function declaration
C:/Users/Ismael/Desktop/Esp32cliente/esp_http_client/main/esp_http_client_example.c:1028:5: error: conflicting types for 'evaluar'; have 'int()'
C:/Users/Ismael/Desktop/Esp32cliente/esp_http_client/main/esp_http_client_example.c:53:6: note: previous definition of 'evaluar' with type 'void(psa_status_t)' {aka 'void(long int)'}
   53 | void evaluar(psa_status_t estado)
      |      ^~~~~~~
C:/Users/Ismael/Desktop/Esp32cliente/esp_http_client/main/esp_http_client_example.c:1029:5: warning: data definition has no type or storage class
 1029 |     estado = psa_key_derivation_setup(&operacion,  PSA_ALG_HKDF(PSA_ALG_SHA_256));
      |     ^~~~~~
C:/Users/Ismael/Desktop/Esp32cliente/esp_http_client/main/esp_http_client_example.c:1029:5: error: type defaults to 'int' in declaration of 'estado' [-Werror=implicit-int]
C:/Users/Ismael/Desktop/Esp32cliente/esp_http_client/main/esp_http_client_example.c:1029:5: error: redefinition of 'estado'
C:/Users/Ismael/Desktop/Esp32cliente/esp_http_client/main/esp_http_client_example.c:1027:5: note: previous definition of 'estado' with type 'int'
 1027 |     estado = psa_import_key(&atributo3, compartidaB, sizeof(compartidaB), &comp);
      |     ^~~~~~
C:/Users/Ismael/Desktop/Esp32cliente/esp_http_client/main/esp_http_client_example.c:1029:39: warning: passing argument 1 of 'psa_key_derivation_setup' from incompatible pointer type [-Wincompatible-pointer-types]
 1029 |     estado = psa_key_derivation_setup(&operacion,  PSA_ALG_HKDF(PSA_ALG_SHA_256));
      |                                       ^~~~~~~~~~
      |                                       |
      |                                       int *
In file included from C:/Espressif/frameworks/esp-idf-v5.0.2/components/mbedtls/mbedtls/include/mbedtls/legacy_or_psa.h:104,
                 from C:/Espressif/frameworks/esp-idf-v5.0.2/components/mbedtls/mbedtls/include/mbedtls/x509_crt.h:27,
                 from C:/Espressif/frameworks/esp-idf-v5.0.2/components/mbedtls/mbedtls/include/mbedtls/ssl.h:35,
                 from C:/Espressif/frameworks/esp-idf-v5.0.2/components/esp-tls/esp_tls.h:14,
                 from C:/Users/Ismael/Desktop/Esp32cliente/esp_http_client/main/esp_http_client_example.c:21:
C:/Espressif/frameworks/esp-idf-v5.0.2/components/mbedtls/mbedtls/include/psa/crypto.h:3278:37: note: expected 'psa_key_derivation_operation_t *' {aka 'struct psa_key_derivation_s *'} but argument is of type 'int *'
 3278 |     psa_key_derivation_operation_t *operation,
      |     ~~~~~~~~~~~~~~~~~~~~~~~~~~~~~~~~^~~~~~~~~
C:/Users/Ismael/Desktop/Esp32cliente/esp_http_client/main/esp_http_client_example.c:1029:14: error: initializer element is not constant
 1029 |     estado = psa_key_derivation_setup(&operacion,  PSA_ALG_HKDF(PSA_ALG_SHA_256));
      |              ^~~~~~~~~~~~~~~~~~~~~~~~
C:/Users/Ismael/Desktop/Esp32cliente/esp_http_client/main/esp_http_client_example.c:1031:5: warning: data definition has no type or storage class
 1031 |     evaluar(estado);
      |     ^~~~~~~
C:/Users/Ismael/Desktop/Esp32cliente/esp_http_client/main/esp_http_client_example.c:1031:5: error: type defaults to 'int' in declaration of 'evaluar' [-Werror=implicit-int]
C:/Users/Ismael/Desktop/Esp32cliente/esp_http_client/main/esp_http_client_example.c:1031:5: warning: parameter names (without types) in function declaration
C:/Users/Ismael/Desktop/Esp32cliente/esp_http_client/main/esp_http_client_example.c:1031:5: error: conflicting types for 'evaluar'; have 'int()'
C:/Users/Ismael/Desktop/Esp32cliente/esp_http_client/main/esp_http_client_example.c:53:6: note: previous definition of 'evaluar' with type 'void(psa_status_t)' {aka 'void(long int)'}
   53 | void evaluar(psa_status_t estado)
      |      ^~~~~~~
C:/Users/Ismael/Desktop/Esp32cliente/esp_http_client/main/esp_http_client_example.c:1032:5: warning: data definition has no type or storage class
 1032 |     estado = psa_key_derivation_input_bytes(&operacion, PSA_KEY_DERIVATION_INPUT_SALT, bufff2, sizeof(bufff2));
      |     ^~~~~~
C:/Users/Ismael/Desktop/Esp32cliente/esp_http_client/main/esp_http_client_example.c:1032:5: error: type defaults to 'int' in declaration of 'estado' [-Werror=implicit-int]
C:/Users/Ismael/Desktop/Esp32cliente/esp_http_client/main/esp_http_client_example.c:1032:5: error: redefinition of 'estado'
C:/Users/Ismael/Desktop/Esp32cliente/esp_http_client/main/esp_http_client_example.c:1027:5: note: previous definition of 'estado' with type 'int'
 1027 |     estado = psa_import_key(&atributo3, compartidaB, sizeof(compartidaB), &comp);
      |     ^~~~~~
C:/Users/Ismael/Desktop/Esp32cliente/esp_http_client/main/esp_http_client_example.c:1032:45: warning: passing argument 1 of 'psa_key_derivation_input_bytes' from incompatible pointer type [-Wincompatible-pointer-types]
 1032 |     estado = psa_key_derivation_input_bytes(&operacion, PSA_KEY_DERIVATION_INPUT_SALT, bufff2, sizeof(bufff2));
      |                                             ^~~~~~~~~~
      |                                             |
      |                                             int *
In file included from C:/Espressif/frameworks/esp-idf-v5.0.2/components/mbedtls/mbedtls/include/mbedtls/legacy_or_psa.h:104,
                 from C:/Espressif/frameworks/esp-idf-v5.0.2/components/mbedtls/mbedtls/include/mbedtls/x509_crt.h:27,
                 from C:/Espressif/frameworks/esp-idf-v5.0.2/components/mbedtls/mbedtls/include/mbedtls/ssl.h:35,
                 from C:/Espressif/frameworks/esp-idf-v5.0.2/components/esp-tls/esp_tls.h:14,
                 from C:/Users/Ismael/Desktop/Esp32cliente/esp_http_client/main/esp_http_client_example.c:21:
C:/Espressif/frameworks/esp-idf-v5.0.2/components/mbedtls/mbedtls/include/psa/crypto.h:3382:37: note: expected 'psa_key_derivation_operation_t *' {aka 'struct psa_key_derivation_s *'} but argument is of type 'int *'
 3382 |     psa_key_derivation_operation_t *operation,
      |     ~~~~~~~~~~~~~~~~~~~~~~~~~~~~~~~~^~~~~~~~~
C:/Users/Ismael/Desktop/Esp32cliente/esp_http_client/main/esp_http_client_example.c:1032:14: error: initializer element is not constant
 1032 |     estado = psa_key_derivation_input_bytes(&operacion, PSA_KEY_DERIVATION_INPUT_SALT, bufff2, sizeof(bufff2));
      |              ^~~~~~~~~~~~~~~~~~~~~~~~~~~~~~
C:/Users/Ismael/Desktop/Esp32cliente/esp_http_client/main/esp_http_client_example.c:1034:5: warning: data definition has no type or storage class
 1034 |     evaluar(estado);
      |     ^~~~~~~
C:/Users/Ismael/Desktop/Esp32cliente/esp_http_client/main/esp_http_client_example.c:1034:5: error: type defaults to 'int' in declaration of 'evaluar' [-Werror=implicit-int]
C:/Users/Ismael/Desktop/Esp32cliente/esp_http_client/main/esp_http_client_example.c:1034:5: warning: parameter names (without types) in function declaration
C:/Users/Ismael/Desktop/Esp32cliente/esp_http_client/main/esp_http_client_example.c:1034:5: error: conflicting types for 'evaluar'; have 'int()'
C:/Users/Ismael/Desktop/Esp32cliente/esp_http_client/main/esp_http_client_example.c:53:6: note: previous definition of 'evaluar' with type 'void(psa_status_t)' {aka 'void(long int)'}
   53 | void evaluar(psa_status_t estado)
      |      ^~~~~~~
C:/Users/Ismael/Desktop/Esp32cliente/esp_http_client/main/esp_http_client_example.c:1036:5: warning: data definition has no type or storage class
 1036 |     estado=psa_key_derivation_input_bytes(&operacion,PSA_KEY_DERIVATION_INPUT_SECRET,compartidaB,sizeof(compartidaB));
      |     ^~~~~~
C:/Users/Ismael/Desktop/Esp32cliente/esp_http_client/main/esp_http_client_example.c:1036:5: error: type defaults to 'int' in declaration of 'estado' [-Werror=implicit-int]
C:/Users/Ismael/Desktop/Esp32cliente/esp_http_client/main/esp_http_client_example.c:1036:5: error: redefinition of 'estado'
C:/Users/Ismael/Desktop/Esp32cliente/esp_http_client/main/esp_http_client_example.c:1027:5: note: previous definition of 'estado' with type 'int'
 1027 |     estado = psa_import_key(&atributo3, compartidaB, sizeof(compartidaB), &comp);
      |     ^~~~~~
C:/Users/Ismael/Desktop/Esp32cliente/esp_http_client/main/esp_http_client_example.c:1036:43: warning: passing argument 1 of 'psa_key_derivation_input_bytes' from incompatible pointer type [-Wincompatible-pointer-types]
 1036 |     estado=psa_key_derivation_input_bytes(&operacion,PSA_KEY_DERIVATION_INPUT_SECRET,compartidaB,sizeof(compartidaB));
      |                                           ^~~~~~~~~~
      |                                           |
      |                                           int *
In file included from C:/Espressif/frameworks/esp-idf-v5.0.2/components/mbedtls/mbedtls/include/mbedtls/legacy_or_psa.h:104,
                 from C:/Espressif/frameworks/esp-idf-v5.0.2/components/mbedtls/mbedtls/include/mbedtls/x509_crt.h:27,
                 from C:/Espressif/frameworks/esp-idf-v5.0.2/components/mbedtls/mbedtls/include/mbedtls/ssl.h:35,
                 from C:/Espressif/frameworks/esp-idf-v5.0.2/components/esp-tls/esp_tls.h:14,
                 from C:/Users/Ismael/Desktop/Esp32cliente/esp_http_client/main/esp_http_client_example.c:21:
C:/Espressif/frameworks/esp-idf-v5.0.2/components/mbedtls/mbedtls/include/psa/crypto.h:3382:37: note: expected 'psa_key_derivation_operation_t *' {aka 'struct psa_key_derivation_s *'} but argument is of type 'int *'
 3382 |     psa_key_derivation_operation_t *operation,
      |     ~~~~~~~~~~~~~~~~~~~~~~~~~~~~~~~~^~~~~~~~~
C:/Users/Ismael/Desktop/Esp32cliente/esp_http_client/main/esp_http_client_example.c:1037:5: warning: data definition has no type or storage class
 1037 |     evaluar(estado);
      |     ^~~~~~~
C:/Users/Ismael/Desktop/Esp32cliente/esp_http_client/main/esp_http_client_example.c:1037:5: error: type defaults to 'int' in declaration of 'evaluar' [-Werror=implicit-int]
C:/Users/Ismael/Desktop/Esp32cliente/esp_http_client/main/esp_http_client_example.c:1037:5: warning: parameter names (without types) in function declaration
C:/Users/Ismael/Desktop/Esp32cliente/esp_http_client/main/esp_http_client_example.c:1037:5: error: conflicting types for 'evaluar'; have 'int()'
C:/Users/Ismael/Desktop/Esp32cliente/esp_http_client/main/esp_http_client_example.c:53:6: note: previous definition of 'evaluar' with type 'void(psa_status_t)' {aka 'void(long int)'}
   53 | void evaluar(psa_status_t estado)
      |      ^~~~~~~
C:/Users/Ismael/Desktop/Esp32cliente/esp_http_client/main/esp_http_client_example.c:1039:5: warning: data definition has no type or storage class
 1039 |     estado = psa_key_derivation_input_bytes(&operacion, PSA_KEY_DERIVATION_INPUT_INFO, bufff, sizeof(bufff));
      |     ^~~~~~
C:/Users/Ismael/Desktop/Esp32cliente/esp_http_client/main/esp_http_client_example.c:1039:5: error: type defaults to 'int' in declaration of 'estado' [-Werror=implicit-int]
C:/Users/Ismael/Desktop/Esp32cliente/esp_http_client/main/esp_http_client_example.c:1039:5: error: redefinition of 'estado'
C:/Users/Ismael/Desktop/Esp32cliente/esp_http_client/main/esp_http_client_example.c:1027:5: note: previous definition of 'estado' with type 'int'
 1027 |     estado = psa_import_key(&atributo3, compartidaB, sizeof(compartidaB), &comp);
      |     ^~~~~~
C:/Users/Ismael/Desktop/Esp32cliente/esp_http_client/main/esp_http_client_example.c:1039:45: warning: passing argument 1 of 'psa_key_derivation_input_bytes' from incompatible pointer type [-Wincompatible-pointer-types]
 1039 |     estado = psa_key_derivation_input_bytes(&operacion, PSA_KEY_DERIVATION_INPUT_INFO, bufff, sizeof(bufff));
      |                                             ^~~~~~~~~~
      |                                             |
      |                                             int *
In file included from C:/Espressif/frameworks/esp-idf-v5.0.2/components/mbedtls/mbedtls/include/mbedtls/legacy_or_psa.h:104,
                 from C:/Espressif/frameworks/esp-idf-v5.0.2/components/mbedtls/mbedtls/include/mbedtls/x509_crt.h:27,
                 from C:/Espressif/frameworks/esp-idf-v5.0.2/components/mbedtls/mbedtls/include/mbedtls/ssl.h:35,
                 from C:/Espressif/frameworks/esp-idf-v5.0.2/components/esp-tls/esp_tls.h:14,
                 from C:/Users/Ismael/Desktop/Esp32cliente/esp_http_client/main/esp_http_client_example.c:21:
C:/Espressif/frameworks/esp-idf-v5.0.2/components/mbedtls/mbedtls/include/psa/crypto.h:3382:37: note: expected 'psa_key_derivation_operation_t *' {aka 'struct psa_key_derivation_s *'} but argument is of type 'int *'
 3382 |     psa_key_derivation_operation_t *operation,
      |     ~~~~~~~~~~~~~~~~~~~~~~~~~~~~~~~~^~~~~~~~~
C:/Users/Ismael/Desktop/Esp32cliente/esp_http_client/main/esp_http_client_example.c:1039:14: error: initializer element is not constant
 1039 |     estado = psa_key_derivation_input_bytes(&operacion, PSA_KEY_DERIVATION_INPUT_INFO, bufff, sizeof(bufff));
      |              ^~~~~~~~~~~~~~~~~~~~~~~~~~~~~~
C:/Users/Ismael/Desktop/Esp32cliente/esp_http_client/main/esp_http_client_example.c:1040:5: warning: data definition has no type or storage class
 1040 |     evaluar(estado);
      |     ^~~~~~~
C:/Users/Ismael/Desktop/Esp32cliente/esp_http_client/main/esp_http_client_example.c:1040:5: error: type defaults to 'int' in declaration of 'evaluar' [-Werror=implicit-int]
C:/Users/Ismael/Desktop/Esp32cliente/esp_http_client/main/esp_http_client_example.c:1040:5: warning: parameter names (without types) in function declaration
C:/Users/Ismael/Desktop/Esp32cliente/esp_http_client/main/esp_http_client_example.c:1040:5: error: conflicting types for 'evaluar'; have 'int()'
C:/Users/Ismael/Desktop/Esp32cliente/esp_http_client/main/esp_http_client_example.c:53:6: note: previous definition of 'evaluar' with type 'void(psa_status_t)' {aka 'void(long int)'}
   53 | void evaluar(psa_status_t estado)
      |      ^~~~~~~
C:/Users/Ismael/Desktop/Esp32cliente/esp_http_client/main/esp_http_client_example.c:1042:12: error: expected declaration specifiers or '...' before string constant
 1042 |     printf("break \n");
      |            ^~~~~~~~~~
C:/Users/Ismael/Desktop/Esp32cliente/esp_http_client/main/esp_http_client_example.c:1043:5: warning: data definition has no type or storage class
 1043 |     estado = psa_key_derivation_output_key(&atributo3, &operacion, &llave_derivada);
      |     ^~~~~~
C:/Users/Ismael/Desktop/Esp32cliente/esp_http_client/main/esp_http_client_example.c:1043:5: error: type defaults to 'int' in declaration of 'estado' [-Werror=implicit-int]
C:/Users/Ismael/Desktop/Esp32cliente/esp_http_client/main/esp_http_client_example.c:1043:5: error: redefinition of 'estado'
C:/Users/Ismael/Desktop/Esp32cliente/esp_http_client/main/esp_http_client_example.c:1027:5: note: previous definition of 'estado' with type 'int'
 1027 |     estado = psa_import_key(&atributo3, compartidaB, sizeof(compartidaB), &comp);
      |     ^~~~~~
C:/Users/Ismael/Desktop/Esp32cliente/esp_http_client/main/esp_http_client_example.c:1043:69: error: 'llave_derivada' undeclared here (not in a function)
 1043 |     estado = psa_key_derivation_output_key(&atributo3, &operacion, &llave_derivada);
      |                                                                     ^~~~~~~~~~~~~~
C:/Users/Ismael/Desktop/Esp32cliente/esp_http_client/main/esp_http_client_example.c:1043:56: warning: passing argument 2 of 'psa_key_derivation_output_key' from incompatible pointer type [-Wincompatible-pointer-types]
 1043 |     estado = psa_key_derivation_output_key(&atributo3, &operacion, &llave_derivada);
      |                                                        ^~~~~~~~~~
      |                                                        |
      |                                                        int *
In file included from C:/Espressif/frameworks/esp-idf-v5.0.2/components/mbedtls/mbedtls/include/mbedtls/legacy_or_psa.h:104,
                 from C:/Espressif/frameworks/esp-idf-v5.0.2/components/mbedtls/mbedtls/include/mbedtls/x509_crt.h:27,
                 from C:/Espressif/frameworks/esp-idf-v5.0.2/components/mbedtls/mbedtls/include/mbedtls/ssl.h:35,
                 from C:/Espressif/frameworks/esp-idf-v5.0.2/components/esp-tls/esp_tls.h:14,
                 from C:/Users/Ismael/Desktop/Esp32cliente/esp_http_client/main/esp_http_client_example.c:21:
C:/Espressif/frameworks/esp-idf-v5.0.2/components/mbedtls/mbedtls/include/psa/crypto.h:3758:37: note: expected 'psa_key_derivation_operation_t *' {aka 'struct psa_key_derivation_s *'} but argument is of type 'int *'
 3758 |     psa_key_derivation_operation_t *operation,
      |     ~~~~~~~~~~~~~~~~~~~~~~~~~~~~~~~~^~~~~~~~~
C:/Users/Ismael/Desktop/Esp32cliente/esp_http_client/main/esp_http_client_example.c:1044:5: warning: data definition has no type or storage class
 1044 |     evaluar(estado);
      |     ^~~~~~~
C:/Users/Ismael/Desktop/Esp32cliente/esp_http_client/main/esp_http_client_example.c:1044:5: error: type defaults to 'int' in declaration of 'evaluar' [-Werror=implicit-int]
C:/Users/Ismael/Desktop/Esp32cliente/esp_http_client/main/esp_http_client_example.c:1044:5: warning: parameter names (without types) in function declaration
C:/Users/Ismael/Desktop/Esp32cliente/esp_http_client/main/esp_http_client_example.c:1044:5: error: conflicting types for 'evaluar'; have 'int()'
C:/Users/Ismael/Desktop/Esp32cliente/esp_http_client/main/esp_http_client_example.c:53:6: note: previous definition of 'evaluar' with type 'void(psa_status_t)' {aka 'void(long int)'}
   53 | void evaluar(psa_status_t estado)
      |      ^~~~~~~
C:/Users/Ismael/Desktop/Esp32cliente/esp_http_client/main/esp_http_client_example.c:1045:5: warning: data definition has no type or storage class
 1045 |     estado = psa_key_derivation_output_bytes(&operacion, &llave_derivadaB, sizeof(llave_derivadaB));
      |     ^~~~~~
C:/Users/Ismael/Desktop/Esp32cliente/esp_http_client/main/esp_http_client_example.c:1045:5: error: type defaults to 'int' in declaration of 'estado' [-Werror=implicit-int]
C:/Users/Ismael/Desktop/Esp32cliente/esp_http_client/main/esp_http_client_example.c:1045:5: error: redefinition of 'estado'
C:/Users/Ismael/Desktop/Esp32cliente/esp_http_client/main/esp_http_client_example.c:1027:5: note: previous definition of 'estado' with type 'int'
 1027 |     estado = psa_import_key(&atributo3, compartidaB, sizeof(compartidaB), &comp);
      |     ^~~~~~
C:/Users/Ismael/Desktop/Esp32cliente/esp_http_client/main/esp_http_client_example.c:1045:59: error: 'llave_derivadaB' undeclared here (not in a function)
 1045 |     estado = psa_key_derivation_output_bytes(&operacion, &llave_derivadaB, sizeof(llave_derivadaB));
      |                                                           ^~~~~~~~~~~~~~~
C:/Users/Ismael/Desktop/Esp32cliente/esp_http_client/main/esp_http_client_example.c:1045:46: warning: passing argument 1 of 'psa_key_derivation_output_bytes' from incompatible pointer type [-Wincompatible-pointer-types]
 1045 |     estado = psa_key_derivation_output_bytes(&operacion, &llave_derivadaB, sizeof(llave_derivadaB));
      |                                              ^~~~~~~~~~
      |                                              |
      |                                              int *
In file included from C:/Espressif/frameworks/esp-idf-v5.0.2/components/mbedtls/mbedtls/include/mbedtls/legacy_or_psa.h:104,
                 from C:/Espressif/frameworks/esp-idf-v5.0.2/components/mbedtls/mbedtls/include/mbedtls/x509_crt.h:27,
                 from C:/Espressif/frameworks/esp-idf-v5.0.2/components/mbedtls/mbedtls/include/mbedtls/ssl.h:35,
                 from C:/Espressif/frameworks/esp-idf-v5.0.2/components/esp-tls/esp_tls.h:14,
                 from C:/Users/Ismael/Desktop/Esp32cliente/esp_http_client/main/esp_http_client_example.c:21:
C:/Espressif/frameworks/esp-idf-v5.0.2/components/mbedtls/mbedtls/include/psa/crypto.h:3607:37: note: expected 'psa_key_derivation_operation_t *' {aka 'struct psa_key_derivation_s *'} but argument is of type 'int *'
 3607 |     psa_key_derivation_operation_t *operation,
      |     ~~~~~~~~~~~~~~~~~~~~~~~~~~~~~~~~^~~~~~~~~
C:/Users/Ismael/Desktop/Esp32cliente/esp_http_client/main/esp_http_client_example.c:1046:5: warning: data definition has no type or storage class
 1046 |     evaluar(estado);
      |     ^~~~~~~
C:/Users/Ismael/Desktop/Esp32cliente/esp_http_client/main/esp_http_client_example.c:1046:5: error: type defaults to 'int' in declaration of 'evaluar' [-Werror=implicit-int]
C:/Users/Ismael/Desktop/Esp32cliente/esp_http_client/main/esp_http_client_example.c:1046:5: warning: parameter names (without types) in function declaration
C:/Users/Ismael/Desktop/Esp32cliente/esp_http_client/main/esp_http_client_example.c:1046:5: error: conflicting types for 'evaluar'; have 'int()'
C:/Users/Ismael/Desktop/Esp32cliente/esp_http_client/main/esp_http_client_example.c:53:6: note: previous definition of 'evaluar' with type 'void(psa_status_t)' {aka 'void(long int)'}
   53 | void evaluar(psa_status_t estado)
      |      ^~~~~~~
C:/Users/Ismael/Desktop/Esp32cliente/esp_http_client/main/esp_http_client_example.c:1047:5: warning: data definition has no type or storage class
 1047 |     estado = psa_key_derivation_abort(&operacion);
      |     ^~~~~~
C:/Users/Ismael/Desktop/Esp32cliente/esp_http_client/main/esp_http_client_example.c:1047:5: error: type defaults to 'int' in declaration of 'estado' [-Werror=implicit-int]
C:/Users/Ismael/Desktop/Esp32cliente/esp_http_client/main/esp_http_client_example.c:1047:5: error: redefinition of 'estado'
C:/Users/Ismael/Desktop/Esp32cliente/esp_http_client/main/esp_http_client_example.c:1027:5: note: previous definition of 'estado' with type 'int'
 1027 |     estado = psa_import_key(&atributo3, compartidaB, sizeof(compartidaB), &comp);
      |     ^~~~~~
C:/Users/Ismael/Desktop/Esp32cliente/esp_http_client/main/esp_http_client_example.c:1047:39: warning: passing argument 1 of 'psa_key_derivation_abort' from incompatible pointer type [-Wincompatible-pointer-types]
 1047 |     estado = psa_key_derivation_abort(&operacion);
      |                                       ^~~~~~~~~~
      |                                       |
      |                                       int *
In file included from C:/Espressif/frameworks/esp-idf-v5.0.2/components/mbedtls/mbedtls/include/mbedtls/legacy_or_psa.h:104,
                 from C:/Espressif/frameworks/esp-idf-v5.0.2/components/mbedtls/mbedtls/include/mbedtls/x509_crt.h:27,
                 from C:/Espressif/frameworks/esp-idf-v5.0.2/components/mbedtls/mbedtls/include/mbedtls/ssl.h:35,
                 from C:/Espressif/frameworks/esp-idf-v5.0.2/components/esp-tls/esp_tls.h:14,
                 from C:/Users/Ismael/Desktop/Esp32cliente/esp_http_client/main/esp_http_client_example.c:21:
C:/Espressif/frameworks/esp-idf-v5.0.2/components/mbedtls/mbedtls/include/psa/crypto.h:3906:37: note: expected 'psa_key_derivation_operation_t *' {aka 'struct psa_key_derivation_s *'} but argument is of type 'int *'
 3906 |     psa_key_derivation_operation_t *operation);
      |     ~~~~~~~~~~~~~~~~~~~~~~~~~~~~~~~~^~~~~~~~~
C:/Users/Ismael/Desktop/Esp32cliente/esp_http_client/main/esp_http_client_example.c:1047:14: error: initializer element is not constant
 1047 |     estado = psa_key_derivation_abort(&operacion);
      |              ^~~~~~~~~~~~~~~~~~~~~~~~
C:/Users/Ismael/Desktop/Esp32cliente/esp_http_client/main/esp_http_client_example.c:1051:5: error: expected identifier or '(' before 'for'
 1051 |     for (int i = 0; i < sizeof(llave_derivadaB); i++)
      |     ^~~
C:/Users/Ismael/Desktop/Esp32cliente/esp_http_client/main/esp_http_client_example.c:1051:23: error: expected '=', ',', ';', 'asm' or '__attribute__' before '<' token
 1051 |     for (int i = 0; i < sizeof(llave_derivadaB); i++)
      |                       ^
C:/Users/Ismael/Desktop/Esp32cliente/esp_http_client/main/esp_http_client_example.c:1051:51: error: expected '=', ',', ';', 'asm' or '__attribute__' before '++' token
 1051 |     for (int i = 0; i < sizeof(llave_derivadaB); i++)
      |                                                   ^~
C:/Users/Ismael/Desktop/Esp32cliente/esp_http_client/main/esp_http_client_example.c:1056:5: error: expected identifier or '(' before 'for'
 1056 |     for (int i = 0; i < sizeof(llave_derivadaB); i++)
      |     ^~~
C:/Users/Ismael/Desktop/Esp32cliente/esp_http_client/main/esp_http_client_example.c:1056:23: error: expected '=', ',', ';', 'asm' or '__attribute__' before '<' token
 1056 |     for (int i = 0; i < sizeof(llave_derivadaB); i++)
      |                       ^
C:/Users/Ismael/Desktop/Esp32cliente/esp_http_client/main/esp_http_client_example.c:1056:51: error: expected '=', ',', ';', 'asm' or '__attribute__' before '++' token
 1056 |     for (int i = 0; i < sizeof(llave_derivadaB); i++)
      |                                                   ^~
C:/Users/Ismael/Desktop/Esp32cliente/esp_http_client/main/esp_http_client_example.c:1060:12: error: expected declaration specifiers or '...' before string constant
 1060 |     printf("\n");
      |            ^~~~
C:/Users/Ismael/Desktop/Esp32cliente/esp_http_client/main/esp_http_client_example.c:1061:12: error: expected declaration specifiers or '...' before string constant
 1061 |     printf("\nDerivada1: %s", clave_publica_hex3);
      |            ^~~~~~~~~~~~~~~~~
C:/Users/Ismael/Desktop/Esp32cliente/esp_http_client/main/esp_http_client_example.c:1061:31: error: expected declaration specifiers or '...' before 'clave_publica_hex3'
 1061 |     printf("\nDerivada1: %s", clave_publica_hex3);
      |                               ^~~~~~~~~~~~~~~~~~
C:/Users/Ismael/Desktop/Esp32cliente/esp_http_client/main/esp_http_client_example.c:1062:26: error: initializer element is not constant
 1062 |     cJSON *jsonObject3 = cJSON_CreateObject();
      |                          ^~~~~~~~~~~~~~~~~~
C:/Users/Ismael/Desktop/Esp32cliente/esp_http_client/main/esp_http_client_example.c:1063:41: error: expected ')' before string constant
 1063 |     cJSON_AddStringToObject(jsonObject3, "DerivadaB", clave_publica_hex3);
      |                                         ^~~~~~~~~~~~
      |                                         )
C:/Users/Ismael/Desktop/Esp32cliente/esp_http_client/main/esp_http_client_example.c:1064:23: error: initializer element is not constant
 1064 |     char *jsonData3 = cJSON_PrintUnformatted(jsonObject3);
      |                       ^~~~~~~~~~~~~~~~~~~~~~
C:/Users/Ismael/Desktop/Esp32cliente/esp_http_client/main/esp_http_client_example.c:1070:36: error: expected ')' before string constant
 1070 |     esp_http_client_set_url(client, "http://192.168.1.102:80/Derivada");
      |                                    ^~~~~~~~~~~~~~~~~~~~~~~~~~~~~~~~~~~
      |                                    )
C:/Users/Ismael/Desktop/Esp32cliente/esp_http_client/main/esp_http_client_example.c:1071:5: warning: data definition has no type or storage class
 1071 |     esp_http_client_set_method(client, HTTP_METHOD_POST);
      |     ^~~~~~~~~~~~~~~~~~~~~~~~~~
C:/Users/Ismael/Desktop/Esp32cliente/esp_http_client/main/esp_http_client_example.c:1071:5: error: type defaults to 'int' in declaration of 'esp_http_client_set_method' [-Werror=implicit-int]
C:/Users/Ismael/Desktop/Esp32cliente/esp_http_client/main/esp_http_client_example.c:1071:5: warning: parameter names (without types) in function declaration
C:/Users/Ismael/Desktop/Esp32cliente/esp_http_client/main/esp_http_client_example.c:1072:39: error: expected ')' before string constant
 1072 |     esp_http_client_set_header(client, "X-Server-ID", "esp1");
      |                                       ^~~~~~~~~~~~~~
      |                                       )
C:/Users/Ismael/Desktop/Esp32cliente/esp_http_client/main/esp_http_client_example.c:1073:39: error: expected ')' before string constant
 1073 |     esp_http_client_set_header(client, "Content-Type", "application/json");
      |                                       ^~~~~~~~~~~~~~~
      |                                       )
C:/Users/Ismael/Desktop/Esp32cliente/esp_http_client/main/esp_http_client_example.c:1075:5: warning: data definition has no type or storage class
 1075 |     err = esp_http_client_set_post_field(client, jsonData3, strlen(jsonData3));
      |     ^~~
C:/Users/Ismael/Desktop/Esp32cliente/esp_http_client/main/esp_http_client_example.c:1075:5: error: type defaults to 'int' in declaration of 'err' [-Werror=implicit-int]
C:/Users/Ismael/Desktop/Esp32cliente/esp_http_client/main/esp_http_client_example.c:1075:5: error: redefinition of 'err'
C:/Users/Ismael/Desktop/Esp32cliente/esp_http_client/main/esp_http_client_example.c:859:5: note: previous definition of 'err' with type 'int'
  859 |     err = esp_http_client_set_post_field(client, jsonData2, strlen(jsonData2));
      |     ^~~
In file included from C:/Users/Ismael/Desktop/Esp32cliente/esp_http_client/main/esp_http_client_example.c:15:
C:/Espressif/frameworks/esp-idf-v5.0.2/components/log/include/esp_log.h:431:54: error: expected identifier or '(' before 'do'
  431 | #define ESP_LOG_LEVEL_LOCAL(level, tag, format, ...) do {               \
      |                                                      ^~
C:/Espressif/frameworks/esp-idf-v5.0.2/components/log/include/esp_log.h:340:38: note: in expansion of macro 'ESP_LOG_LEVEL_LOCAL'
  340 | #define ESP_LOGE( tag, format, ... ) ESP_LOG_LEVEL_LOCAL(ESP_LOG_ERROR,   tag, format, ##__VA_ARGS__)
      |                                      ^~~~~~~~~~~~~~~~~~~
C:/Users/Ismael/Desktop/Esp32cliente/esp_http_client/main/esp_http_client_example.c:1076:5: note: in expansion of macro 'ESP_LOGE'
 1076 |     ESP_LOGE(TAG, " %s", esp_err_to_name(err));
      |     ^~~~~~~~
C:/Espressif/frameworks/esp-idf-v5.0.2/components/log/include/esp_log.h:433:7: error: expected identifier or '(' before 'while'
  433 |     } while(0)
      |       ^~~~~
C:/Espressif/frameworks/esp-idf-v5.0.2/components/log/include/esp_log.h:340:38: note: in expansion of macro 'ESP_LOG_LEVEL_LOCAL'
  340 | #define ESP_LOGE( tag, format, ... ) ESP_LOG_LEVEL_LOCAL(ESP_LOG_ERROR,   tag, format, ##__VA_ARGS__)
      |                                      ^~~~~~~~~~~~~~~~~~~
C:/Users/Ismael/Desktop/Esp32cliente/esp_http_client/main/esp_http_client_example.c:1076:5: note: in expansion of macro 'ESP_LOGE'
 1076 |     ESP_LOGE(TAG, " %s", esp_err_to_name(err));
      |     ^~~~~~~~
C:/Users/Ismael/Desktop/Esp32cliente/esp_http_client/main/esp_http_client_example.c:1077:5: warning: data definition has no type or storage class
 1077 |     err = esp_http_client_perform(client);
      |     ^~~
C:/Users/Ismael/Desktop/Esp32cliente/esp_http_client/main/esp_http_client_example.c:1077:5: error: type defaults to 'int' in declaration of 'err' [-Werror=implicit-int]
C:/Users/Ismael/Desktop/Esp32cliente/esp_http_client/main/esp_http_client_example.c:1077:5: error: redefinition of 'err'
C:/Users/Ismael/Desktop/Esp32cliente/esp_http_client/main/esp_http_client_example.c:859:5: note: previous definition of 'err' with type 'int'
  859 |     err = esp_http_client_set_post_field(client, jsonData2, strlen(jsonData2));
      |     ^~~
C:/Users/Ismael/Desktop/Esp32cliente/esp_http_client/main/esp_http_client_example.c:1078:5: error: expected identifier or '(' before 'if'
 1078 |     if (err == ESP_OK)
      |     ^~
C:/Users/Ismael/Desktop/Esp32cliente/esp_http_client/main/esp_http_client_example.c:1084:5: error: expected identifier or '(' before 'else'
 1084 |     else
      |     ^~~~
C:/Users/Ismael/Desktop/Esp32cliente/esp_http_client/main/esp_http_client_example.c:1088:11: error: expected '=', ',', ';', 'asm' or '__attribute__' before '++' token
 1088 |     vuelta++;
      |           ^~
C:/Users/Ismael/Desktop/Esp32cliente/esp_http_client/main/esp_http_client_example.c:1092:38: error: expected ')' before string constant
 1092 |     esp_http_client_set_url(cliente2, "http://192.168.1.102:80/verificacion2");
      |                                      ^~~~~~~~~~~~~~~~~~~~~~~~~~~~~~~~~~~~~~~~
      |                                      )
C:/Users/Ismael/Desktop/Esp32cliente/esp_http_client/main/esp_http_client_example.c:1093:41: error: expected ')' before string constant
 1093 |     esp_http_client_set_header(cliente2, "X-Server-ID", "esp1");
      |                                         ^~~~~~~~~~~~~~
      |                                         )
C:/Users/Ismael/Desktop/Esp32cliente/esp_http_client/main/esp_http_client_example.c:1095:5: warning: data definition has no type or storage class
 1095 |     esp_http_client_set_method(cliente2, HTTP_METHOD_GET);
      |     ^~~~~~~~~~~~~~~~~~~~~~~~~~
C:/Users/Ismael/Desktop/Esp32cliente/esp_http_client/main/esp_http_client_example.c:1095:5: error: type defaults to 'int' in declaration of 'esp_http_client_set_method' [-Werror=implicit-int]
C:/Users/Ismael/Desktop/Esp32cliente/esp_http_client/main/esp_http_client_example.c:1095:5: warning: parameter names (without types) in function declaration
C:/Users/Ismael/Desktop/Esp32cliente/esp_http_client/main/esp_http_client_example.c:1096:5: warning: data definition has no type or storage class
 1096 |     err = esp_http_client_perform(cliente2);
      |     ^~~
C:/Users/Ismael/Desktop/Esp32cliente/esp_http_client/main/esp_http_client_example.c:1096:5: error: type defaults to 'int' in declaration of 'err' [-Werror=implicit-int]
C:/Users/Ismael/Desktop/Esp32cliente/esp_http_client/main/esp_http_client_example.c:1096:5: error: redefinition of 'err'
C:/Users/Ismael/Desktop/Esp32cliente/esp_http_client/main/esp_http_client_example.c:859:5: note: previous definition of 'err' with type 'int'
  859 |     err = esp_http_client_set_post_field(client, jsonData2, strlen(jsonData2));
      |     ^~~
C:/Users/Ismael/Desktop/Esp32cliente/esp_http_client/main/esp_http_client_example.c:1096:11: error: initializer element is not constant
 1096 |     err = esp_http_client_perform(cliente2);
      |           ^~~~~~~~~~~~~~~~~~~~~~~
C:/Users/Ismael/Desktop/Esp32cliente/esp_http_client/main/esp_http_client_example.c:1098:5: error: expected identifier or '(' before 'if'
 1098 |     if (err == ESP_OK)
      |     ^~
C:/Users/Ismael/Desktop/Esp32cliente/esp_http_client/main/esp_http_client_example.c:1165:11: error: expected '=', ',', ';', 'asm' or '__attribute__' before '++' token
 1165 |     vuelta++;
      |           ^~
C:/Users/Ismael/Desktop/Esp32cliente/esp_http_client/main/esp_http_client_example.c:1169:5: warning: data definition has no type or storage class
 1169 |     cifrado = psa_cipher_operation_init();
      |     ^~~~~~~
C:/Users/Ismael/Desktop/Esp32cliente/esp_http_client/main/esp_http_client_example.c:1169:5: error: type defaults to 'int' in declaration of 'cifrado' [-Werror=implicit-int]
C:/Users/Ismael/Desktop/Esp32cliente/esp_http_client/main/esp_http_client_example.c:1169:5: error: conflicting types for 'cifrado'; have 'int'
C:/Users/Ismael/Desktop/Esp32cliente/esp_http_client/main/esp_http_client_example.c:1167:28: note: previous declaration of 'cifrado' with type 'psa_cipher_operation_t' {aka 'struct psa_cipher_operation_s'}
 1167 |     psa_cipher_operation_t cifrado, cifrado2;
      |                            ^~~~~~~
C:/Users/Ismael/Desktop/Esp32cliente/esp_http_client/main/esp_http_client_example.c:1169:15: error: incompatible types when initializing type 'int' using type 'struct psa_cipher_operation_s'
 1169 |     cifrado = psa_cipher_operation_init();
      |               ^~~~~~~~~~~~~~~~~~~~~~~~~
C:/Users/Ismael/Desktop/Esp32cliente/esp_http_client/main/esp_http_client_example.c:1170:5: warning: data definition has no type or storage class
 1170 |     cifrado2 = psa_cipher_operation_init();
      |     ^~~~~~~~
C:/Users/Ismael/Desktop/Esp32cliente/esp_http_client/main/esp_http_client_example.c:1170:5: error: type defaults to 'int' in declaration of 'cifrado2' [-Werror=implicit-int]
C:/Users/Ismael/Desktop/Esp32cliente/esp_http_client/main/esp_http_client_example.c:1170:5: error: conflicting types for 'cifrado2'; have 'int'
C:/Users/Ismael/Desktop/Esp32cliente/esp_http_client/main/esp_http_client_example.c:1167:37: note: previous declaration of 'cifrado2' with type 'psa_cipher_operation_t' {aka 'struct psa_cipher_operation_s'}
 1167 |     psa_cipher_operation_t cifrado, cifrado2;
      |                                     ^~~~~~~~
C:/Users/Ismael/Desktop/Esp32cliente/esp_http_client/main/esp_http_client_example.c:1170:16: error: incompatible types when initializing type 'int' using type 'struct psa_cipher_operation_s'
 1170 |     cifrado2 = psa_cipher_operation_init();
      |                ^~~~~~~~~~~~~~~~~~~~~~~~~
C:/Users/Ismael/Desktop/Esp32cliente/esp_http_client/main/esp_http_client_example.c:1172:17: error: expected ')' before numeric constant
 1172 |     memset(iv_s, 0, sizeof(iv_s));
      |                 ^~
      |                 )
C:/Users/Ismael/Desktop/Esp32cliente/esp_http_client/main/esp_http_client_example.c:1175:11: error: expected declaration specifiers or '...' before 'time'
 1175 |     srand(time(NULL));
      |           ^~~~
C:/Users/Ismael/Desktop/Esp32cliente/esp_http_client/main/esp_http_client_example.c:1176:5: error: expected identifier or '(' before 'for'
 1176 |     for (size_t i = 0; i < sizeof(mensaje); i++)
      |     ^~~
C:/Users/Ismael/Desktop/Esp32cliente/esp_http_client/main/esp_http_client_example.c:1176:26: error: expected '=', ',', ';', 'asm' or '__attribute__' before '<' token
 1176 |     for (size_t i = 0; i < sizeof(mensaje); i++)
      |                          ^
C:/Users/Ismael/Desktop/Esp32cliente/esp_http_client/main/esp_http_client_example.c:1176:46: error: expected '=', ',', ';', 'asm' or '__attribute__' before '++' token
 1176 |     for (size_t i = 0; i < sizeof(mensaje); i++)
      |                                              ^~
C:/Users/Ismael/Desktop/Esp32cliente/esp_http_client/main/esp_http_client_example.c:1180:12: error: expected declaration specifiers or '...' before string constant
 1180 |     printf("Nmeros aleatorios:\n");
      |            ^~~~~~~~~~~~~~~~~~~~~~~
C:/Users/Ismael/Desktop/Esp32cliente/esp_http_client/main/esp_http_client_example.c:1181:5: error: expected identifier or '(' before 'for'
 1181 |     for (size_t i = 0; i < sizeof(mensaje); i++)
      |     ^~~
C:/Users/Ismael/Desktop/Esp32cliente/esp_http_client/main/esp_http_client_example.c:1181:26: error: expected '=', ',', ';', 'asm' or '__attribute__' before '<' token
 1181 |     for (size_t i = 0; i < sizeof(mensaje); i++)
      |                          ^
C:/Users/Ismael/Desktop/Esp32cliente/esp_http_client/main/esp_http_client_example.c:1181:46: error: expected '=', ',', ';', 'asm' or '__attribute__' before '++' token
 1181 |     for (size_t i = 0; i < sizeof(mensaje); i++)
      |                                              ^~
C:/Users/Ismael/Desktop/Esp32cliente/esp_http_client/main/esp_http_client_example.c:1185:12: error: expected declaration specifiers or '...' before string constant
 1185 |     printf("\n");
      |            ^~~~
C:/Users/Ismael/Desktop/Esp32cliente/esp_http_client/main/esp_http_client_example.c:1187:5: warning: data definition has no type or storage class
 1187 |     estado = psa_import_key(&atributo3, llave_derivadaB, sizeof(llave_derivadaB), &comp2);
      |     ^~~~~~
C:/Users/Ismael/Desktop/Esp32cliente/esp_http_client/main/esp_http_client_example.c:1187:5: error: type defaults to 'int' in declaration of 'estado' [-Werror=implicit-int]
C:/Users/Ismael/Desktop/Esp32cliente/esp_http_client/main/esp_http_client_example.c:1187:5: error: redefinition of 'estado'
C:/Users/Ismael/Desktop/Esp32cliente/esp_http_client/main/esp_http_client_example.c:1027:5: note: previous definition of 'estado' with type 'int'
 1027 |     estado = psa_import_key(&atributo3, compartidaB, sizeof(compartidaB), &comp);
      |     ^~~~~~
C:/Users/Ismael/Desktop/Esp32cliente/esp_http_client/main/esp_http_client_example.c:1188:5: warning: data definition has no type or storage class
 1188 |     evaluar(estado);
      |     ^~~~~~~
C:/Users/Ismael/Desktop/Esp32cliente/esp_http_client/main/esp_http_client_example.c:1188:5: error: type defaults to 'int' in declaration of 'evaluar' [-Werror=implicit-int]
C:/Users/Ismael/Desktop/Esp32cliente/esp_http_client/main/esp_http_client_example.c:1188:5: warning: parameter names (without types) in function declaration
C:/Users/Ismael/Desktop/Esp32cliente/esp_http_client/main/esp_http_client_example.c:1188:5: error: conflicting types for 'evaluar'; have 'int()'
C:/Users/Ismael/Desktop/Esp32cliente/esp_http_client/main/esp_http_client_example.c:53:6: note: previous definition of 'evaluar' with type 'void(psa_status_t)' {aka 'void(long int)'}
   53 | void evaluar(psa_status_t estado)
      |      ^~~~~~~
C:/Users/Ismael/Desktop/Esp32cliente/esp_http_client/main/esp_http_client_example.c:1189:5: warning: data definition has no type or storage class
 1189 |     estado = psa_cipher_encrypt_setup(&cifrado, comp2, PSA_ALG_CTR);
      |     ^~~~~~
C:/Users/Ismael/Desktop/Esp32cliente/esp_http_client/main/esp_http_client_example.c:1189:5: error: type defaults to 'int' in declaration of 'estado' [-Werror=implicit-int]
C:/Users/Ismael/Desktop/Esp32cliente/esp_http_client/main/esp_http_client_example.c:1189:5: error: redefinition of 'estado'
C:/Users/Ismael/Desktop/Esp32cliente/esp_http_client/main/esp_http_client_example.c:1027:5: note: previous definition of 'estado' with type 'int'
 1027 |     estado = psa_import_key(&atributo3, compartidaB, sizeof(compartidaB), &comp);
      |     ^~~~~~
C:/Users/Ismael/Desktop/Esp32cliente/esp_http_client/main/esp_http_client_example.c:1189:39: warning: passing argument 1 of 'psa_cipher_encrypt_setup' from incompatible pointer type [-Wincompatible-pointer-types]
 1189 |     estado = psa_cipher_encrypt_setup(&cifrado, comp2, PSA_ALG_CTR);
      |                                       ^~~~~~~~
      |                                       |
      |                                       int *
In file included from C:/Espressif/frameworks/esp-idf-v5.0.2/components/mbedtls/mbedtls/include/mbedtls/legacy_or_psa.h:104,
                 from C:/Espressif/frameworks/esp-idf-v5.0.2/components/mbedtls/mbedtls/include/mbedtls/x509_crt.h:27,
                 from C:/Espressif/frameworks/esp-idf-v5.0.2/components/mbedtls/mbedtls/include/mbedtls/ssl.h:35,
                 from C:/Espressif/frameworks/esp-idf-v5.0.2/components/esp-tls/esp_tls.h:14,
                 from C:/Users/Ismael/Desktop/Esp32cliente/esp_http_client/main/esp_http_client_example.c:21:
C:/Espressif/frameworks/esp-idf-v5.0.2/components/mbedtls/mbedtls/include/psa/crypto.h:1773:63: note: expected 'psa_cipher_operation_t *' {aka 'struct psa_cipher_operation_s *'} but argument is of type 'int *'
 1773 | psa_status_t psa_cipher_encrypt_setup(psa_cipher_operation_t *operation,
      |                                       ~~~~~~~~~~~~~~~~~~~~~~~~^~~~~~~~~
C:/Users/Ismael/Desktop/Esp32cliente/esp_http_client/main/esp_http_client_example.c:1189:14: error: initializer element is not constant
 1189 |     estado = psa_cipher_encrypt_setup(&cifrado, comp2, PSA_ALG_CTR);
      |              ^~~~~~~~~~~~~~~~~~~~~~~~
C:/Users/Ismael/Desktop/Esp32cliente/esp_http_client/main/esp_http_client_example.c:1190:5: warning: data definition has no type or storage class
 1190 |     evaluar(estado);
      |     ^~~~~~~
C:/Users/Ismael/Desktop/Esp32cliente/esp_http_client/main/esp_http_client_example.c:1190:5: error: type defaults to 'int' in declaration of 'evaluar' [-Werror=implicit-int]
C:/Users/Ismael/Desktop/Esp32cliente/esp_http_client/main/esp_http_client_example.c:1190:5: warning: parameter names (without types) in function declaration
C:/Users/Ismael/Desktop/Esp32cliente/esp_http_client/main/esp_http_client_example.c:1190:5: error: conflicting types for 'evaluar'; have 'int()'
C:/Users/Ismael/Desktop/Esp32cliente/esp_http_client/main/esp_http_client_example.c:53:6: note: previous definition of 'evaluar' with type 'void(psa_status_t)' {aka 'void(long int)'}
   53 | void evaluar(psa_status_t estado)
      |      ^~~~~~~
C:/Users/Ismael/Desktop/Esp32cliente/esp_http_client/main/esp_http_client_example.c:1191:5: warning: data definition has no type or storage class
 1191 |     estado = psa_cipher_decrypt_setup(&cifrado2, comp2, PSA_ALG_CTR);
      |     ^~~~~~
C:/Users/Ismael/Desktop/Esp32cliente/esp_http_client/main/esp_http_client_example.c:1191:5: error: type defaults to 'int' in declaration of 'estado' [-Werror=implicit-int]
C:/Users/Ismael/Desktop/Esp32cliente/esp_http_client/main/esp_http_client_example.c:1191:5: error: redefinition of 'estado'
C:/Users/Ismael/Desktop/Esp32cliente/esp_http_client/main/esp_http_client_example.c:1027:5: note: previous definition of 'estado' with type 'int'
 1027 |     estado = psa_import_key(&atributo3, compartidaB, sizeof(compartidaB), &comp);
      |     ^~~~~~
C:/Users/Ismael/Desktop/Esp32cliente/esp_http_client/main/esp_http_client_example.c:1191:39: warning: passing argument 1 of 'psa_cipher_decrypt_setup' from incompatible pointer type [-Wincompatible-pointer-types]
 1191 |     estado = psa_cipher_decrypt_setup(&cifrado2, comp2, PSA_ALG_CTR);
      |                                       ^~~~~~~~~
      |                                       |
      |                                       int *
In file included from C:/Espressif/frameworks/esp-idf-v5.0.2/components/mbedtls/mbedtls/include/mbedtls/legacy_or_psa.h:104,
                 from C:/Espressif/frameworks/esp-idf-v5.0.2/components/mbedtls/mbedtls/include/mbedtls/x509_crt.h:27,
                 from C:/Espressif/frameworks/esp-idf-v5.0.2/components/mbedtls/mbedtls/include/mbedtls/ssl.h:35,
                 from C:/Espressif/frameworks/esp-idf-v5.0.2/components/esp-tls/esp_tls.h:14,
                 from C:/Users/Ismael/Desktop/Esp32cliente/esp_http_client/main/esp_http_client_example.c:21:
C:/Espressif/frameworks/esp-idf-v5.0.2/components/mbedtls/mbedtls/include/psa/crypto.h:1836:63: note: expected 'psa_cipher_operation_t *' {aka 'struct psa_cipher_operation_s *'} but argument is of type 'int *'
 1836 | psa_status_t psa_cipher_decrypt_setup(psa_cipher_operation_t *operation,
      |                                       ~~~~~~~~~~~~~~~~~~~~~~~~^~~~~~~~~
C:/Users/Ismael/Desktop/Esp32cliente/esp_http_client/main/esp_http_client_example.c:1191:14: error: initializer element is not constant
 1191 |     estado = psa_cipher_decrypt_setup(&cifrado2, comp2, PSA_ALG_CTR);
      |              ^~~~~~~~~~~~~~~~~~~~~~~~
C:/Users/Ismael/Desktop/Esp32cliente/esp_http_client/main/esp_http_client_example.c:1192:5: warning: data definition has no type or storage class
 1192 |     evaluar(estado);
      |     ^~~~~~~
C:/Users/Ismael/Desktop/Esp32cliente/esp_http_client/main/esp_http_client_example.c:1192:5: error: type defaults to 'int' in declaration of 'evaluar' [-Werror=implicit-int]
C:/Users/Ismael/Desktop/Esp32cliente/esp_http_client/main/esp_http_client_example.c:1192:5: warning: parameter names (without types) in function declaration
C:/Users/Ismael/Desktop/Esp32cliente/esp_http_client/main/esp_http_client_example.c:1192:5: error: conflicting types for 'evaluar'; have 'int()'
C:/Users/Ismael/Desktop/Esp32cliente/esp_http_client/main/esp_http_client_example.c:53:6: note: previous definition of 'evaluar' with type 'void(psa_status_t)' {aka 'void(long int)'}
   53 | void evaluar(psa_status_t estado)
      |      ^~~~~~~
C:/Users/Ismael/Desktop/Esp32cliente/esp_http_client/main/esp_http_client_example.c:1196:5: warning: data definition has no type or storage class
 1196 |     estado = psa_cipher_set_iv(&cifrado, &iv_s, 16);
      |     ^~~~~~
C:/Users/Ismael/Desktop/Esp32cliente/esp_http_client/main/esp_http_client_example.c:1196:5: error: type defaults to 'int' in declaration of 'estado' [-Werror=implicit-int]
C:/Users/Ismael/Desktop/Esp32cliente/esp_http_client/main/esp_http_client_example.c:1196:5: error: redefinition of 'estado'
C:/Users/Ismael/Desktop/Esp32cliente/esp_http_client/main/esp_http_client_example.c:1027:5: note: previous definition of 'estado' with type 'int'
 1027 |     estado = psa_import_key(&atributo3, compartidaB, sizeof(compartidaB), &comp);
      |     ^~~~~~
C:/Users/Ismael/Desktop/Esp32cliente/esp_http_client/main/esp_http_client_example.c:1196:32: warning: passing argument 1 of 'psa_cipher_set_iv' from incompatible pointer type [-Wincompatible-pointer-types]
 1196 |     estado = psa_cipher_set_iv(&cifrado, &iv_s, 16);
      |                                ^~~~~~~~
      |                                |
      |                                int *
In file included from C:/Espressif/frameworks/esp-idf-v5.0.2/components/mbedtls/mbedtls/include/mbedtls/legacy_or_psa.h:104,
                 from C:/Espressif/frameworks/esp-idf-v5.0.2/components/mbedtls/mbedtls/include/mbedtls/x509_crt.h:27,
                 from C:/Espressif/frameworks/esp-idf-v5.0.2/components/mbedtls/mbedtls/include/mbedtls/ssl.h:35,
                 from C:/Espressif/frameworks/esp-idf-v5.0.2/components/esp-tls/esp_tls.h:14,
                 from C:/Users/Ismael/Desktop/Esp32cliente/esp_http_client/main/esp_http_client_example.c:21:
C:/Espressif/frameworks/esp-idf-v5.0.2/components/mbedtls/mbedtls/include/psa/crypto.h:1915:56: note: expected 'psa_cipher_operation_t *' {aka 'struct psa_cipher_operation_s *'} but argument is of type 'int *'
 1915 | psa_status_t psa_cipher_set_iv(psa_cipher_operation_t *operation,
      |                                ~~~~~~~~~~~~~~~~~~~~~~~~^~~~~~~~~
C:/Users/Ismael/Desktop/Esp32cliente/esp_http_client/main/esp_http_client_example.c:1196:42: warning: passing argument 2 of 'psa_cipher_set_iv' from incompatible pointer type [-Wincompatible-pointer-types]
 1196 |     estado = psa_cipher_set_iv(&cifrado, &iv_s, 16);
      |                                          ^~~~~
      |                                          |
      |                                          uint8_t (*)[16] {aka unsigned char (*)[16]}
In file included from C:/Espressif/frameworks/esp-idf-v5.0.2/components/mbedtls/mbedtls/include/mbedtls/legacy_or_psa.h:104,
                 from C:/Espressif/frameworks/esp-idf-v5.0.2/components/mbedtls/mbedtls/include/mbedtls/x509_crt.h:27,
                 from C:/Espressif/frameworks/esp-idf-v5.0.2/components/mbedtls/mbedtls/include/mbedtls/ssl.h:35,
                 from C:/Espressif/frameworks/esp-idf-v5.0.2/components/esp-tls/esp_tls.h:14,
                 from C:/Users/Ismael/Desktop/Esp32cliente/esp_http_client/main/esp_http_client_example.c:21:
C:/Espressif/frameworks/esp-idf-v5.0.2/components/mbedtls/mbedtls/include/psa/crypto.h:1916:47: note: expected 'const uint8_t *' {aka 'const unsigned char *'} but argument is of type 'uint8_t (*)[16]' {aka 'unsigned char (*)[16]'}
 1916 |                                const uint8_t *iv,
      |                                ~~~~~~~~~~~~~~~^~
C:/Users/Ismael/Desktop/Esp32cliente/esp_http_client/main/esp_http_client_example.c:1196:14: error: initializer element is not constant
 1196 |     estado = psa_cipher_set_iv(&cifrado, &iv_s, 16);
      |              ^~~~~~~~~~~~~~~~~
C:/Users/Ismael/Desktop/Esp32cliente/esp_http_client/main/esp_http_client_example.c:1197:5: warning: data definition has no type or storage class
 1197 |     evaluar(estado);
      |     ^~~~~~~
C:/Users/Ismael/Desktop/Esp32cliente/esp_http_client/main/esp_http_client_example.c:1197:5: error: type defaults to 'int' in declaration of 'evaluar' [-Werror=implicit-int]
C:/Users/Ismael/Desktop/Esp32cliente/esp_http_client/main/esp_http_client_example.c:1197:5: warning: parameter names (without types) in function declaration
C:/Users/Ismael/Desktop/Esp32cliente/esp_http_client/main/esp_http_client_example.c:1197:5: error: conflicting types for 'evaluar'; have 'int()'
C:/Users/Ismael/Desktop/Esp32cliente/esp_http_client/main/esp_http_client_example.c:53:6: note: previous definition of 'evaluar' with type 'void(psa_status_t)' {aka 'void(long int)'}
   53 | void evaluar(psa_status_t estado)
      |      ^~~~~~~
C:/Users/Ismael/Desktop/Esp32cliente/esp_http_client/main/esp_http_client_example.c:1198:5: warning: data definition has no type or storage class
 1198 |     estado = psa_cipher_set_iv(&cifrado2, &iv_s, 16);
      |     ^~~~~~
C:/Users/Ismael/Desktop/Esp32cliente/esp_http_client/main/esp_http_client_example.c:1198:5: error: type defaults to 'int' in declaration of 'estado' [-Werror=implicit-int]
C:/Users/Ismael/Desktop/Esp32cliente/esp_http_client/main/esp_http_client_example.c:1198:5: error: redefinition of 'estado'
C:/Users/Ismael/Desktop/Esp32cliente/esp_http_client/main/esp_http_client_example.c:1027:5: note: previous definition of 'estado' with type 'int'
 1027 |     estado = psa_import_key(&atributo3, compartidaB, sizeof(compartidaB), &comp);
      |     ^~~~~~
C:/Users/Ismael/Desktop/Esp32cliente/esp_http_client/main/esp_http_client_example.c:1198:32: warning: passing argument 1 of 'psa_cipher_set_iv' from incompatible pointer type [-Wincompatible-pointer-types]
 1198 |     estado = psa_cipher_set_iv(&cifrado2, &iv_s, 16);
      |                                ^~~~~~~~~
      |                                |
      |                                int *
In file included from C:/Espressif/frameworks/esp-idf-v5.0.2/components/mbedtls/mbedtls/include/mbedtls/legacy_or_psa.h:104,
                 from C:/Espressif/frameworks/esp-idf-v5.0.2/components/mbedtls/mbedtls/include/mbedtls/x509_crt.h:27,
                 from C:/Espressif/frameworks/esp-idf-v5.0.2/components/mbedtls/mbedtls/include/mbedtls/ssl.h:35,
                 from C:/Espressif/frameworks/esp-idf-v5.0.2/components/esp-tls/esp_tls.h:14,
                 from C:/Users/Ismael/Desktop/Esp32cliente/esp_http_client/main/esp_http_client_example.c:21:
C:/Espressif/frameworks/esp-idf-v5.0.2/components/mbedtls/mbedtls/include/psa/crypto.h:1915:56: note: expected 'psa_cipher_operation_t *' {aka 'struct psa_cipher_operation_s *'} but argument is of type 'int *'
 1915 | psa_status_t psa_cipher_set_iv(psa_cipher_operation_t *operation,
      |                                ~~~~~~~~~~~~~~~~~~~~~~~~^~~~~~~~~
C:/Users/Ismael/Desktop/Esp32cliente/esp_http_client/main/esp_http_client_example.c:1198:43: warning: passing argument 2 of 'psa_cipher_set_iv' from incompatible pointer type [-Wincompatible-pointer-types]
 1198 |     estado = psa_cipher_set_iv(&cifrado2, &iv_s, 16);
      |                                           ^~~~~
      |                                           |
      |                                           uint8_t (*)[16] {aka unsigned char (*)[16]}
In file included from C:/Espressif/frameworks/esp-idf-v5.0.2/components/mbedtls/mbedtls/include/mbedtls/legacy_or_psa.h:104,
                 from C:/Espressif/frameworks/esp-idf-v5.0.2/components/mbedtls/mbedtls/include/mbedtls/x509_crt.h:27,
                 from C:/Espressif/frameworks/esp-idf-v5.0.2/components/mbedtls/mbedtls/include/mbedtls/ssl.h:35,
                 from C:/Espressif/frameworks/esp-idf-v5.0.2/components/esp-tls/esp_tls.h:14,
                 from C:/Users/Ismael/Desktop/Esp32cliente/esp_http_client/main/esp_http_client_example.c:21:
C:/Espressif/frameworks/esp-idf-v5.0.2/components/mbedtls/mbedtls/include/psa/crypto.h:1916:47: note: expected 'const uint8_t *' {aka 'const unsigned char *'} but argument is of type 'uint8_t (*)[16]' {aka 'unsigned char (*)[16]'}
 1916 |                                const uint8_t *iv,
      |                                ~~~~~~~~~~~~~~~^~
C:/Users/Ismael/Desktop/Esp32cliente/esp_http_client/main/esp_http_client_example.c:1198:14: error: initializer element is not constant
 1198 |     estado = psa_cipher_set_iv(&cifrado2, &iv_s, 16);
      |              ^~~~~~~~~~~~~~~~~
C:/Users/Ismael/Desktop/Esp32cliente/esp_http_client/main/esp_http_client_example.c:1199:5: warning: data definition has no type or storage class
 1199 |     evaluar(estado);
      |     ^~~~~~~
C:/Users/Ismael/Desktop/Esp32cliente/esp_http_client/main/esp_http_client_example.c:1199:5: error: type defaults to 'int' in declaration of 'evaluar' [-Werror=implicit-int]
C:/Users/Ismael/Desktop/Esp32cliente/esp_http_client/main/esp_http_client_example.c:1199:5: warning: parameter names (without types) in function declaration
C:/Users/Ismael/Desktop/Esp32cliente/esp_http_client/main/esp_http_client_example.c:1199:5: error: conflicting types for 'evaluar'; have 'int()'
C:/Users/Ismael/Desktop/Esp32cliente/esp_http_client/main/esp_http_client_example.c:53:6: note: previous definition of 'evaluar' with type 'void(psa_status_t)' {aka 'void(long int)'}
   53 | void evaluar(psa_status_t estado)
      |      ^~~~~~~
C:/Users/Ismael/Desktop/Esp32cliente/esp_http_client/main/esp_http_client_example.c:1201:5: warning: data definition has no type or storage class
 1201 |     estado = psa_cipher_update(&cifrado, mensaje, sizeof(mensaje), &llave_aesB, sizeof(llave_aesB), &olenD);
      |     ^~~~~~
C:/Users/Ismael/Desktop/Esp32cliente/esp_http_client/main/esp_http_client_example.c:1201:5: error: type defaults to 'int' in declaration of 'estado' [-Werror=implicit-int]
C:/Users/Ismael/Desktop/Esp32cliente/esp_http_client/main/esp_http_client_example.c:1201:5: error: redefinition of 'estado'
C:/Users/Ismael/Desktop/Esp32cliente/esp_http_client/main/esp_http_client_example.c:1027:5: note: previous definition of 'estado' with type 'int'
 1027 |     estado = psa_import_key(&atributo3, compartidaB, sizeof(compartidaB), &comp);
      |     ^~~~~~
C:/Users/Ismael/Desktop/Esp32cliente/esp_http_client/main/esp_http_client_example.c:1201:69: error: 'llave_aesB' undeclared here (not in a function)
 1201 |     estado = psa_cipher_update(&cifrado, mensaje, sizeof(mensaje), &llave_aesB, sizeof(llave_aesB), &olenD);
      |                                                                     ^~~~~~~~~~
C:/Users/Ismael/Desktop/Esp32cliente/esp_http_client/main/esp_http_client_example.c:1201:32: warning: passing argument 1 of 'psa_cipher_update' from incompatible pointer type [-Wincompatible-pointer-types]
 1201 |     estado = psa_cipher_update(&cifrado, mensaje, sizeof(mensaje), &llave_aesB, sizeof(llave_aesB), &olenD);
      |                                ^~~~~~~~
      |                                |
      |                                int *
In file included from C:/Espressif/frameworks/esp-idf-v5.0.2/components/mbedtls/mbedtls/include/mbedtls/legacy_or_psa.h:104,
                 from C:/Espressif/frameworks/esp-idf-v5.0.2/components/mbedtls/mbedtls/include/mbedtls/x509_crt.h:27,
                 from C:/Espressif/frameworks/esp-idf-v5.0.2/components/mbedtls/mbedtls/include/mbedtls/ssl.h:35,
                 from C:/Espressif/frameworks/esp-idf-v5.0.2/components/esp-tls/esp_tls.h:14,
                 from C:/Users/Ismael/Desktop/Esp32cliente/esp_http_client/main/esp_http_client_example.c:21:
C:/Espressif/frameworks/esp-idf-v5.0.2/components/mbedtls/mbedtls/include/psa/crypto.h:1956:56: note: expected 'psa_cipher_operation_t *' {aka 'struct psa_cipher_operation_s *'} but argument is of type 'int *'
 1956 | psa_status_t psa_cipher_update(psa_cipher_operation_t *operation,
      |                                ~~~~~~~~~~~~~~~~~~~~~~~~^~~~~~~~~
C:/Users/Ismael/Desktop/Esp32cliente/esp_http_client/main/esp_http_client_example.c:1203:5: warning: data definition has no type or storage class
 1203 |     estado = psa_cipher_finish(&cifrado, &llave_aesB, sizeof(llave_aesB), &olenD);
      |     ^~~~~~
C:/Users/Ismael/Desktop/Esp32cliente/esp_http_client/main/esp_http_client_example.c:1203:5: error: type defaults to 'int' in declaration of 'estado' [-Werror=implicit-int]
C:/Users/Ismael/Desktop/Esp32cliente/esp_http_client/main/esp_http_client_example.c:1203:5: error: redefinition of 'estado'
C:/Users/Ismael/Desktop/Esp32cliente/esp_http_client/main/esp_http_client_example.c:1027:5: note: previous definition of 'estado' with type 'int'
 1027 |     estado = psa_import_key(&atributo3, compartidaB, sizeof(compartidaB), &comp);
      |     ^~~~~~
C:/Users/Ismael/Desktop/Esp32cliente/esp_http_client/main/esp_http_client_example.c:1203:32: warning: passing argument 1 of 'psa_cipher_finish' from incompatible pointer type [-Wincompatible-pointer-types]
 1203 |     estado = psa_cipher_finish(&cifrado, &llave_aesB, sizeof(llave_aesB), &olenD);
      |                                ^~~~~~~~
      |                                |
      |                                int *
In file included from C:/Espressif/frameworks/esp-idf-v5.0.2/components/mbedtls/mbedtls/include/mbedtls/legacy_or_psa.h:104,
                 from C:/Espressif/frameworks/esp-idf-v5.0.2/components/mbedtls/mbedtls/include/mbedtls/x509_crt.h:27,
                 from C:/Espressif/frameworks/esp-idf-v5.0.2/components/mbedtls/mbedtls/include/mbedtls/ssl.h:35,
                 from C:/Espressif/frameworks/esp-idf-v5.0.2/components/esp-tls/esp_tls.h:14,
                 from C:/Users/Ismael/Desktop/Esp32cliente/esp_http_client/main/esp_http_client_example.c:21:
C:/Espressif/frameworks/esp-idf-v5.0.2/components/mbedtls/mbedtls/include/psa/crypto.h:2008:56: note: expected 'psa_cipher_operation_t *' {aka 'struct psa_cipher_operation_s *'} but argument is of type 'int *'
 2008 | psa_status_t psa_cipher_finish(psa_cipher_operation_t *operation,
      |                                ~~~~~~~~~~~~~~~~~~~~~~~~^~~~~~~~~
C:/Users/Ismael/Desktop/Esp32cliente/esp_http_client/main/esp_http_client_example.c:1204:5: warning: data definition has no type or storage class
 1204 |     evaluar(estado);
      |     ^~~~~~~
C:/Users/Ismael/Desktop/Esp32cliente/esp_http_client/main/esp_http_client_example.c:1204:5: error: type defaults to 'int' in declaration of 'evaluar' [-Werror=implicit-int]
C:/Users/Ismael/Desktop/Esp32cliente/esp_http_client/main/esp_http_client_example.c:1204:5: warning: parameter names (without types) in function declaration
C:/Users/Ismael/Desktop/Esp32cliente/esp_http_client/main/esp_http_client_example.c:1204:5: error: conflicting types for 'evaluar'; have 'int()'
C:/Users/Ismael/Desktop/Esp32cliente/esp_http_client/main/esp_http_client_example.c:53:6: note: previous definition of 'evaluar' with type 'void(psa_status_t)' {aka 'void(long int)'}
   53 | void evaluar(psa_status_t estado)
      |      ^~~~~~~
C:/Users/Ismael/Desktop/Esp32cliente/esp_http_client/main/esp_http_client_example.c:1207:5: warning: data definition has no type or storage class
 1207 |     estado = psa_cipher_update(&cifrado2, llave_aesB, sizeof(llave_aesB), &descifrado, sizeof(descifrado), &output_lenB);
      |     ^~~~~~
C:/Users/Ismael/Desktop/Esp32cliente/esp_http_client/main/esp_http_client_example.c:1207:5: error: type defaults to 'int' in declaration of 'estado' [-Werror=implicit-int]
C:/Users/Ismael/Desktop/Esp32cliente/esp_http_client/main/esp_http_client_example.c:1207:5: error: redefinition of 'estado'
C:/Users/Ismael/Desktop/Esp32cliente/esp_http_client/main/esp_http_client_example.c:1027:5: note: previous definition of 'estado' with type 'int'
 1027 |     estado = psa_import_key(&atributo3, compartidaB, sizeof(compartidaB), &comp);
      |     ^~~~~~
C:/Users/Ismael/Desktop/Esp32cliente/esp_http_client/main/esp_http_client_example.c:1207:109: error: 'output_lenB' undeclared here (not in a function)
 1207 |     estado = psa_cipher_update(&cifrado2, llave_aesB, sizeof(llave_aesB), &descifrado, sizeof(descifrado), &output_lenB);
      |                                                                                                             ^~~~~~~~~~~
C:/Users/Ismael/Desktop/Esp32cliente/esp_http_client/main/esp_http_client_example.c:1207:32: warning: passing argument 1 of 'psa_cipher_update' from incompatible pointer type [-Wincompatible-pointer-types]
 1207 |     estado = psa_cipher_update(&cifrado2, llave_aesB, sizeof(llave_aesB), &descifrado, sizeof(descifrado), &output_lenB);
      |                                ^~~~~~~~~
      |                                |
      |                                int *
In file included from C:/Espressif/frameworks/esp-idf-v5.0.2/components/mbedtls/mbedtls/include/mbedtls/legacy_or_psa.h:104,
                 from C:/Espressif/frameworks/esp-idf-v5.0.2/components/mbedtls/mbedtls/include/mbedtls/x509_crt.h:27,
                 from C:/Espressif/frameworks/esp-idf-v5.0.2/components/mbedtls/mbedtls/include/mbedtls/ssl.h:35,
                 from C:/Espressif/frameworks/esp-idf-v5.0.2/components/esp-tls/esp_tls.h:14,
                 from C:/Users/Ismael/Desktop/Esp32cliente/esp_http_client/main/esp_http_client_example.c:21:
C:/Espressif/frameworks/esp-idf-v5.0.2/components/mbedtls/mbedtls/include/psa/crypto.h:1956:56: note: expected 'psa_cipher_operation_t *' {aka 'struct psa_cipher_operation_s *'} but argument is of type 'int *'
 1956 | psa_status_t psa_cipher_update(psa_cipher_operation_t *operation,
      |                                ~~~~~~~~~~~~~~~~~~~~~~~~^~~~~~~~~
C:/Users/Ismael/Desktop/Esp32cliente/esp_http_client/main/esp_http_client_example.c:1207:75: warning: passing argument 4 of 'psa_cipher_update' from incompatible pointer type [-Wincompatible-pointer-types]
 1207 |     estado = psa_cipher_update(&cifrado2, llave_aesB, sizeof(llave_aesB), &descifrado, sizeof(descifrado), &output_lenB);
      |                                                                           ^~~~~~~~~~~
      |                                                                           |
      |                                                                           uint8_t (*)[33] {aka unsigned char (*)[33]}
In file included from C:/Espressif/frameworks/esp-idf-v5.0.2/components/mbedtls/mbedtls/include/mbedtls/legacy_or_psa.h:104,
                 from C:/Espressif/frameworks/esp-idf-v5.0.2/components/mbedtls/mbedtls/include/mbedtls/x509_crt.h:27,
                 from C:/Espressif/frameworks/esp-idf-v5.0.2/components/mbedtls/mbedtls/include/mbedtls/ssl.h:35,
                 from C:/Espressif/frameworks/esp-idf-v5.0.2/components/esp-tls/esp_tls.h:14,
                 from C:/Users/Ismael/Desktop/Esp32cliente/esp_http_client/main/esp_http_client_example.c:21:
C:/Espressif/frameworks/esp-idf-v5.0.2/components/mbedtls/mbedtls/include/psa/crypto.h:1959:41: note: expected 'uint8_t *' {aka 'unsigned char *'} but argument is of type 'uint8_t (*)[33]' {aka 'unsigned char (*)[33]'}
 1959 |                                uint8_t *output,
      |                                ~~~~~~~~~^~~~~~
C:/Users/Ismael/Desktop/Esp32cliente/esp_http_client/main/esp_http_client_example.c:1208:5: warning: data definition has no type or storage class
 1208 |     evaluar(estado);
      |     ^~~~~~~
C:/Users/Ismael/Desktop/Esp32cliente/esp_http_client/main/esp_http_client_example.c:1208:5: error: type defaults to 'int' in declaration of 'evaluar' [-Werror=implicit-int]
C:/Users/Ismael/Desktop/Esp32cliente/esp_http_client/main/esp_http_client_example.c:1208:5: warning: parameter names (without types) in function declaration
C:/Users/Ismael/Desktop/Esp32cliente/esp_http_client/main/esp_http_client_example.c:1208:5: error: conflicting types for 'evaluar'; have 'int()'
C:/Users/Ismael/Desktop/Esp32cliente/esp_http_client/main/esp_http_client_example.c:53:6: note: previous definition of 'evaluar' with type 'void(psa_status_t)' {aka 'void(long int)'}
   53 | void evaluar(psa_status_t estado)
      |      ^~~~~~~
C:/Users/Ismael/Desktop/Esp32cliente/esp_http_client/main/esp_http_client_example.c:1209:5: warning: data definition has no type or storage class
 1209 |     estado = psa_cipher_finish(&cifrado2, &descifrado, sizeof(descifrado), &output_lenB);
      |     ^~~~~~
C:/Users/Ismael/Desktop/Esp32cliente/esp_http_client/main/esp_http_client_example.c:1209:5: error: type defaults to 'int' in declaration of 'estado' [-Werror=implicit-int]
C:/Users/Ismael/Desktop/Esp32cliente/esp_http_client/main/esp_http_client_example.c:1209:5: error: redefinition of 'estado'
C:/Users/Ismael/Desktop/Esp32cliente/esp_http_client/main/esp_http_client_example.c:1027:5: note: previous definition of 'estado' with type 'int'
 1027 |     estado = psa_import_key(&atributo3, compartidaB, sizeof(compartidaB), &comp);
      |     ^~~~~~
C:/Users/Ismael/Desktop/Esp32cliente/esp_http_client/main/esp_http_client_example.c:1209:32: warning: passing argument 1 of 'psa_cipher_finish' from incompatible pointer type [-Wincompatible-pointer-types]
 1209 |     estado = psa_cipher_finish(&cifrado2, &descifrado, sizeof(descifrado), &output_lenB);
      |                                ^~~~~~~~~
      |                                |
      |                                int *
In file included from C:/Espressif/frameworks/esp-idf-v5.0.2/components/mbedtls/mbedtls/include/mbedtls/legacy_or_psa.h:104,
                 from C:/Espressif/frameworks/esp-idf-v5.0.2/components/mbedtls/mbedtls/include/mbedtls/x509_crt.h:27,
                 from C:/Espressif/frameworks/esp-idf-v5.0.2/components/mbedtls/mbedtls/include/mbedtls/ssl.h:35,
                 from C:/Espressif/frameworks/esp-idf-v5.0.2/components/esp-tls/esp_tls.h:14,
                 from C:/Users/Ismael/Desktop/Esp32cliente/esp_http_client/main/esp_http_client_example.c:21:
C:/Espressif/frameworks/esp-idf-v5.0.2/components/mbedtls/mbedtls/include/psa/crypto.h:2008:56: note: expected 'psa_cipher_operation_t *' {aka 'struct psa_cipher_operation_s *'} but argument is of type 'int *'
 2008 | psa_status_t psa_cipher_finish(psa_cipher_operation_t *operation,
      |                                ~~~~~~~~~~~~~~~~~~~~~~~~^~~~~~~~~
C:/Users/Ismael/Desktop/Esp32cliente/esp_http_client/main/esp_http_client_example.c:1209:43: warning: passing argument 2 of 'psa_cipher_finish' from incompatible pointer type [-Wincompatible-pointer-types]
 1209 |     estado = psa_cipher_finish(&cifrado2, &descifrado, sizeof(descifrado), &output_lenB);
      |                                           ^~~~~~~~~~~
      |                                           |
      |                                           uint8_t (*)[33] {aka unsigned char (*)[33]}
In file included from C:/Espressif/frameworks/esp-idf-v5.0.2/components/mbedtls/mbedtls/include/mbedtls/legacy_or_psa.h:104,
                 from C:/Espressif/frameworks/esp-idf-v5.0.2/components/mbedtls/mbedtls/include/mbedtls/x509_crt.h:27,
                 from C:/Espressif/frameworks/esp-idf-v5.0.2/components/mbedtls/mbedtls/include/mbedtls/ssl.h:35,
                 from C:/Espressif/frameworks/esp-idf-v5.0.2/components/esp-tls/esp_tls.h:14,
                 from C:/Users/Ismael/Desktop/Esp32cliente/esp_http_client/main/esp_http_client_example.c:21:
C:/Espressif/frameworks/esp-idf-v5.0.2/components/mbedtls/mbedtls/include/psa/crypto.h:2009:41: note: expected 'uint8_t *' {aka 'unsigned char *'} but argument is of type 'uint8_t (*)[33]' {aka 'unsigned char (*)[33]'}
 2009 |                                uint8_t *output,
      |                                ~~~~~~~~~^~~~~~
C:/Users/Ismael/Desktop/Esp32cliente/esp_http_client/main/esp_http_client_example.c:1210:5: warning: data definition has no type or storage class
 1210 |     evaluar(estado);
      |     ^~~~~~~
C:/Users/Ismael/Desktop/Esp32cliente/esp_http_client/main/esp_http_client_example.c:1210:5: error: type defaults to 'int' in declaration of 'evaluar' [-Werror=implicit-int]
C:/Users/Ismael/Desktop/Esp32cliente/esp_http_client/main/esp_http_client_example.c:1210:5: warning: parameter names (without types) in function declaration
C:/Users/Ismael/Desktop/Esp32cliente/esp_http_client/main/esp_http_client_example.c:1210:5: error: conflicting types for 'evaluar'; have 'int()'
C:/Users/Ismael/Desktop/Esp32cliente/esp_http_client/main/esp_http_client_example.c:53:6: note: previous definition of 'evaluar' with type 'void(psa_status_t)' {aka 'void(long int)'}
   53 | void evaluar(psa_status_t estado)
      |      ^~~~~~~
C:/Users/Ismael/Desktop/Esp32cliente/esp_http_client/main/esp_http_client_example.c:1214:5: error: expected identifier or '(' before 'for'
 1214 |     for (int i = 0; i < sizeof(llave_aesB); i++)
      |     ^~~
C:/Users/Ismael/Desktop/Esp32cliente/esp_http_client/main/esp_http_client_example.c:1214:23: error: expected '=', ',', ';', 'asm' or '__attribute__' before '<' token
 1214 |     for (int i = 0; i < sizeof(llave_aesB); i++)
      |                       ^
C:/Users/Ismael/Desktop/Esp32cliente/esp_http_client/main/esp_http_client_example.c:1214:46: error: expected '=', ',', ';', 'asm' or '__attribute__' before '++' token
 1214 |     for (int i = 0; i < sizeof(llave_aesB); i++)
      |                                              ^~
C:/Users/Ismael/Desktop/Esp32cliente/esp_http_client/main/esp_http_client_example.c:1218:5: error: expected identifier or '(' before 'for'
 1218 |     for (int i = 0; i < sizeof(llave_aesB); i++)
      |     ^~~
C:/Users/Ismael/Desktop/Esp32cliente/esp_http_client/main/esp_http_client_example.c:1218:23: error: expected '=', ',', ';', 'asm' or '__attribute__' before '<' token
 1218 |     for (int i = 0; i < sizeof(llave_aesB); i++)
      |                       ^
C:/Users/Ismael/Desktop/Esp32cliente/esp_http_client/main/esp_http_client_example.c:1218:46: error: expected '=', ',', ';', 'asm' or '__attribute__' before '++' token
 1218 |     for (int i = 0; i < sizeof(llave_aesB); i++)
      |                                              ^~
C:/Users/Ismael/Desktop/Esp32cliente/esp_http_client/main/esp_http_client_example.c:1222:12: error: expected declaration specifiers or '...' before string constant
 1222 |     printf("\n");
      |            ^~~~
C:/Users/Ismael/Desktop/Esp32cliente/esp_http_client/main/esp_http_client_example.c:1223:12: error: expected declaration specifiers or '...' before string constant
 1223 |     printf("\nCIfrado:%s", clave_publica_hex4);
      |            ^~~~~~~~~~~~~~
C:/Users/Ismael/Desktop/Esp32cliente/esp_http_client/main/esp_http_client_example.c:1223:28: error: expected declaration specifiers or '...' before 'clave_publica_hex4'
 1223 |     printf("\nCIfrado:%s", clave_publica_hex4);
      |                            ^~~~~~~~~~~~~~~~~~
C:/Users/Ismael/Desktop/Esp32cliente/esp_http_client/main/esp_http_client_example.c:1227:5: error: expected identifier or '(' before 'for'
 1227 |     for (int i = 0; i < sizeof(descifrado); i++)
      |     ^~~
C:/Users/Ismael/Desktop/Esp32cliente/esp_http_client/main/esp_http_client_example.c:1227:23: error: expected '=', ',', ';', 'asm' or '__attribute__' before '<' token
 1227 |     for (int i = 0; i < sizeof(descifrado); i++)
      |                       ^
C:/Users/Ismael/Desktop/Esp32cliente/esp_http_client/main/esp_http_client_example.c:1227:46: error: expected '=', ',', ';', 'asm' or '__attribute__' before '++' token
 1227 |     for (int i = 0; i < sizeof(descifrado); i++)
      |                                              ^~
C:/Users/Ismael/Desktop/Esp32cliente/esp_http_client/main/esp_http_client_example.c:1231:5: error: expected identifier or '(' before 'for'
 1231 |     for (int i = 0; i < sizeof(descifrado); i++)
      |     ^~~
C:/Users/Ismael/Desktop/Esp32cliente/esp_http_client/main/esp_http_client_example.c:1231:23: error: expected '=', ',', ';', 'asm' or '__attribute__' before '<' token
 1231 |     for (int i = 0; i < sizeof(descifrado); i++)
      |                       ^
C:/Users/Ismael/Desktop/Esp32cliente/esp_http_client/main/esp_http_client_example.c:1231:46: error: expected '=', ',', ';', 'asm' or '__attribute__' before '++' token
 1231 |     for (int i = 0; i < sizeof(descifrado); i++)
      |                                              ^~
C:/Users/Ismael/Desktop/Esp32cliente/esp_http_client/main/esp_http_client_example.c:1237:5: error: expected identifier or '(' before 'for'
 1237 |     for (int i = 0; i < PSA_CIPHER_IV_LENGTH(PSA_KEY_TYPE_AES, PSA_ALG_CTR); i++)
      |     ^~~
C:/Users/Ismael/Desktop/Esp32cliente/esp_http_client/main/esp_http_client_example.c:1237:23: error: expected '=', ',', ';', 'asm' or '__attribute__' before '<' token
 1237 |     for (int i = 0; i < PSA_CIPHER_IV_LENGTH(PSA_KEY_TYPE_AES, PSA_ALG_CTR); i++)
      |                       ^
C:/Users/Ismael/Desktop/Esp32cliente/esp_http_client/main/esp_http_client_example.c:1237:79: error: expected '=', ',', ';', 'asm' or '__attribute__' before '++' token
 1237 |     for (int i = 0; i < PSA_CIPHER_IV_LENGTH(PSA_KEY_TYPE_AES, PSA_ALG_CTR); i++)
      |                                                                               ^~
C:/Users/Ismael/Desktop/Esp32cliente/esp_http_client/main/esp_http_client_example.c:1241:5: error: expected identifier or '(' before 'for'
 1241 |     for (int i = 0; i < sizeof(iv_s); i++)
      |     ^~~
C:/Users/Ismael/Desktop/Esp32cliente/esp_http_client/main/esp_http_client_example.c:1241:23: error: expected '=', ',', ';', 'asm' or '__attribute__' before '<' token
 1241 |     for (int i = 0; i < sizeof(iv_s); i++)
      |                       ^
C:/Users/Ismael/Desktop/Esp32cliente/esp_http_client/main/esp_http_client_example.c:1241:40: error: expected '=', ',', ';', 'asm' or '__attribute__' before '++' token
 1241 |     for (int i = 0; i < sizeof(iv_s); i++)
      |                                        ^~
C:/Users/Ismael/Desktop/Esp32cliente/esp_http_client/main/esp_http_client_example.c:1245:12: error: expected declaration specifiers or '...' before string constant
 1245 |     printf("\n");
      |            ^~~~
C:/Users/Ismael/Desktop/Esp32cliente/esp_http_client/main/esp_http_client_example.c:1246:5: error: expected identifier or '(' before 'for'
 1246 |     for (int i = 0; i < sizeof(iv_s); i++)
      |     ^~~
C:/Users/Ismael/Desktop/Esp32cliente/esp_http_client/main/esp_http_client_example.c:1246:23: error: expected '=', ',', ';', 'asm' or '__attribute__' before '<' token
 1246 |     for (int i = 0; i < sizeof(iv_s); i++)
      |                       ^
C:/Users/Ismael/Desktop/Esp32cliente/esp_http_client/main/esp_http_client_example.c:1246:40: error: expected '=', ',', ';', 'asm' or '__attribute__' before '++' token
 1246 |     for (int i = 0; i < sizeof(iv_s); i++)
      |                                        ^~
C:/Users/Ismael/Desktop/Esp32cliente/esp_http_client/main/esp_http_client_example.c:1250:12: error: expected declaration specifiers or '...' before string constant
 1250 |     printf("\n");
      |            ^~~~
C:/Users/Ismael/Desktop/Esp32cliente/esp_http_client/main/esp_http_client_example.c:1251:12: error: expected declaration specifiers or '...' before string constant
 1251 |     printf("\nIV:%s", clave_publica_hex6);
      |            ^~~~~~~~~
C:/Users/Ismael/Desktop/Esp32cliente/esp_http_client/main/esp_http_client_example.c:1251:23: error: expected declaration specifiers or '...' before 'clave_publica_hex6'
 1251 |     printf("\nIV:%s", clave_publica_hex6);
      |                       ^~~~~~~~~~~~~~~~~~
C:/Users/Ismael/Desktop/Esp32cliente/esp_http_client/main/esp_http_client_example.c:1253:12: error: expected declaration specifiers or '...' before string constant
 1253 |     printf("\n");
      |            ^~~~
C:/Users/Ismael/Desktop/Esp32cliente/esp_http_client/main/esp_http_client_example.c:1254:12: error: expected declaration specifiers or '...' before string constant
 1254 |     printf("\nDescifrado:%s", clave_publica_hex5);
      |            ^~~~~~~~~~~~~~~~~
C:/Users/Ismael/Desktop/Esp32cliente/esp_http_client/main/esp_http_client_example.c:1254:31: error: expected declaration specifiers or '...' before 'clave_publica_hex5'
 1254 |     printf("\nDescifrado:%s", clave_publica_hex5);
      |                               ^~~~~~~~~~~~~~~~~~
C:/Users/Ismael/Desktop/Esp32cliente/esp_http_client/main/esp_http_client_example.c:1256:26: error: initializer element is not constant
 1256 |     cJSON *jsonObject4 = cJSON_CreateObject();
      |                          ^~~~~~~~~~~~~~~~~~
C:/Users/Ismael/Desktop/Esp32cliente/esp_http_client/main/esp_http_client_example.c:1257:41: error: expected ')' before string constant
 1257 |     cJSON_AddStringToObject(jsonObject4, "msg", clave_publica_hex4);
      |                                         ^~~~~~
      |                                         )
C:/Users/Ismael/Desktop/Esp32cliente/esp_http_client/main/esp_http_client_example.c:1259:23: error: initializer element is not constant
 1259 |     char *jsonData4 = cJSON_PrintUnformatted(jsonObject4);
      |                       ^~~~~~~~~~~~~~~~~~~~~~
C:/Users/Ismael/Desktop/Esp32cliente/esp_http_client/main/esp_http_client_example.c:1261:36: error: expected ')' before string constant
 1261 |     esp_http_client_set_url(client, "http://192.168.1.102:80/cifrado");
      |                                    ^~~~~~~~~~~~~~~~~~~~~~~~~~~~~~~~~~
      |                                    )
C:/Users/Ismael/Desktop/Esp32cliente/esp_http_client/main/esp_http_client_example.c:1262:5: warning: data definition has no type or storage class
 1262 |     esp_http_client_set_method(client, HTTP_METHOD_POST);
      |     ^~~~~~~~~~~~~~~~~~~~~~~~~~
C:/Users/Ismael/Desktop/Esp32cliente/esp_http_client/main/esp_http_client_example.c:1262:5: error: type defaults to 'int' in declaration of 'esp_http_client_set_method' [-Werror=implicit-int]
C:/Users/Ismael/Desktop/Esp32cliente/esp_http_client/main/esp_http_client_example.c:1262:5: warning: parameter names (without types) in function declaration
C:/Users/Ismael/Desktop/Esp32cliente/esp_http_client/main/esp_http_client_example.c:1263:39: error: expected ')' before string constant
 1263 |     esp_http_client_set_header(client, "X-Server-ID", "esp1");
      |                                       ^~~~~~~~~~~~~~
      |                                       )
C:/Users/Ismael/Desktop/Esp32cliente/esp_http_client/main/esp_http_client_example.c:1264:39: error: expected ')' before string constant
 1264 |     esp_http_client_set_header(client, "Content-Type", "application/json");
      |                                       ^~~~~~~~~~~~~~~
      |                                       )
C:/Users/Ismael/Desktop/Esp32cliente/esp_http_client/main/esp_http_client_example.c:1266:5: warning: data definition has no type or storage class
 1266 |     err = esp_http_client_set_post_field(client, jsonData4, strlen(jsonData4));
      |     ^~~
C:/Users/Ismael/Desktop/Esp32cliente/esp_http_client/main/esp_http_client_example.c:1266:5: error: type defaults to 'int' in declaration of 'err' [-Werror=implicit-int]
C:/Users/Ismael/Desktop/Esp32cliente/esp_http_client/main/esp_http_client_example.c:1266:5: error: redefinition of 'err'
C:/Users/Ismael/Desktop/Esp32cliente/esp_http_client/main/esp_http_client_example.c:859:5: note: previous definition of 'err' with type 'int'
  859 |     err = esp_http_client_set_post_field(client, jsonData2, strlen(jsonData2));
      |     ^~~
In file included from C:/Users/Ismael/Desktop/Esp32cliente/esp_http_client/main/esp_http_client_example.c:15:
C:/Espressif/frameworks/esp-idf-v5.0.2/components/log/include/esp_log.h:431:54: error: expected identifier or '(' before 'do'
  431 | #define ESP_LOG_LEVEL_LOCAL(level, tag, format, ...) do {               \
      |                                                      ^~
C:/Espressif/frameworks/esp-idf-v5.0.2/components/log/include/esp_log.h:340:38: note: in expansion of macro 'ESP_LOG_LEVEL_LOCAL'
  340 | #define ESP_LOGE( tag, format, ... ) ESP_LOG_LEVEL_LOCAL(ESP_LOG_ERROR,   tag, format, ##__VA_ARGS__)
      |                                      ^~~~~~~~~~~~~~~~~~~
C:/Users/Ismael/Desktop/Esp32cliente/esp_http_client/main/esp_http_client_example.c:1267:5: note: in expansion of macro 'ESP_LOGE'
 1267 |     ESP_LOGE(TAG, " %s", esp_err_to_name(err));
      |     ^~~~~~~~
C:/Espressif/frameworks/esp-idf-v5.0.2/components/log/include/esp_log.h:433:7: error: expected identifier or '(' before 'while'
  433 |     } while(0)
      |       ^~~~~
C:/Espressif/frameworks/esp-idf-v5.0.2/components/log/include/esp_log.h:340:38: note: in expansion of macro 'ESP_LOG_LEVEL_LOCAL'
  340 | #define ESP_LOGE( tag, format, ... ) ESP_LOG_LEVEL_LOCAL(ESP_LOG_ERROR,   tag, format, ##__VA_ARGS__)
      |                                      ^~~~~~~~~~~~~~~~~~~
C:/Users/Ismael/Desktop/Esp32cliente/esp_http_client/main/esp_http_client_example.c:1267:5: note: in expansion of macro 'ESP_LOGE'
 1267 |     ESP_LOGE(TAG, " %s", esp_err_to_name(err));
      |     ^~~~~~~~
C:/Users/Ismael/Desktop/Esp32cliente/esp_http_client/main/esp_http_client_example.c:1268:5: warning: data definition has no type or storage class
 1268 |     err = esp_http_client_perform(client);
      |     ^~~
C:/Users/Ismael/Desktop/Esp32cliente/esp_http_client/main/esp_http_client_example.c:1268:5: error: type defaults to 'int' in declaration of 'err' [-Werror=implicit-int]
C:/Users/Ismael/Desktop/Esp32cliente/esp_http_client/main/esp_http_client_example.c:1268:5: error: redefinition of 'err'
C:/Users/Ismael/Desktop/Esp32cliente/esp_http_client/main/esp_http_client_example.c:859:5: note: previous definition of 'err' with type 'int'
  859 |     err = esp_http_client_set_post_field(client, jsonData2, strlen(jsonData2));
      |     ^~~
C:/Users/Ismael/Desktop/Esp32cliente/esp_http_client/main/esp_http_client_example.c:1269:5: error: expected identifier or '(' before 'if'
 1269 |     if (err == ESP_OK)
      |     ^~
C:/Users/Ismael/Desktop/Esp32cliente/esp_http_client/main/esp_http_client_example.c:1275:5: error: expected identifier or '(' before 'else'
 1275 |     else
      |     ^~~~
C:/Users/Ismael/Desktop/Esp32cliente/esp_http_client/main/esp_http_client_example.c:1281:38: error: expected ')' before string constant
 1281 |     esp_http_client_set_url(cliente2, "http://192.168.1.102:80/descifrado");
      |                                      ^~~~~~~~~~~~~~~~~~~~~~~~~~~~~~~~~~~~~
      |                                      )
C:/Users/Ismael/Desktop/Esp32cliente/esp_http_client/main/esp_http_client_example.c:1282:41: error: expected ')' before string constant
 1282 |     esp_http_client_set_header(cliente2, "X-Server-ID", "esp1");
      |                                         ^~~~~~~~~~~~~~
      |                                         )
C:/Users/Ismael/Desktop/Esp32cliente/esp_http_client/main/esp_http_client_example.c:1284:5: warning: data definition has no type or storage class
 1284 |     esp_http_client_set_method(cliente2, HTTP_METHOD_GET);
      |     ^~~~~~~~~~~~~~~~~~~~~~~~~~
C:/Users/Ismael/Desktop/Esp32cliente/esp_http_client/main/esp_http_client_example.c:1284:5: error: type defaults to 'int' in declaration of 'esp_http_client_set_method' [-Werror=implicit-int]
C:/Users/Ismael/Desktop/Esp32cliente/esp_http_client/main/esp_http_client_example.c:1284:5: warning: parameter names (without types) in function declaration
C:/Users/Ismael/Desktop/Esp32cliente/esp_http_client/main/esp_http_client_example.c:1285:5: warning: data definition has no type or storage class
 1285 |     err = esp_http_client_perform(cliente2);
      |     ^~~
C:/Users/Ismael/Desktop/Esp32cliente/esp_http_client/main/esp_http_client_example.c:1285:5: error: type defaults to 'int' in declaration of 'err' [-Werror=implicit-int]
C:/Users/Ismael/Desktop/Esp32cliente/esp_http_client/main/esp_http_client_example.c:1285:5: error: redefinition of 'err'
C:/Users/Ismael/Desktop/Esp32cliente/esp_http_client/main/esp_http_client_example.c:859:5: note: previous definition of 'err' with type 'int'
  859 |     err = esp_http_client_set_post_field(client, jsonData2, strlen(jsonData2));
      |     ^~~
C:/Users/Ismael/Desktop/Esp32cliente/esp_http_client/main/esp_http_client_example.c:1285:11: error: initializer element is not constant
 1285 |     err = esp_http_client_perform(cliente2);
      |           ^~~~~~~~~~~~~~~~~~~~~~~
C:/Users/Ismael/Desktop/Esp32cliente/esp_http_client/main/esp_http_client_example.c:1287:5: error: expected identifier or '(' before 'if'
 1287 |     if (err == ESP_OK)
      |     ^~
C:/Users/Ismael/Desktop/Esp32cliente/esp_http_client/main/esp_http_client_example.c:1360:1: error: expected identifier or '(' before '}' token
 1360 | }
      | ^
cc1.exe: some warnings being treated as errors
ninja: build stopped: subcommand failed.
